<?xml version="1.0" encoding="UTF-8"?>
<robot generator="Robot 7.3.2 (Python 3.13.3 on win32)" generated="2026-01-14T11:42:25.658114" rpa="false" schemaversion="5">
<suite id="s1" name="Quiz Test" source="C:\Users\alson\OneDrive\Desktop\trailquest\tests\quiz_test.robot">
<test id="s1-t1" name="verify quiz page loads" line="7">
<kw name="Navigate to quiz page and maximize" owner="quiz_page" type="SETUP">
<kw name="Navigate to quiz page" owner="quiz_page">
<kw name="Evaluate" owner="BuiltIn">
<msg time="2026-01-14T11:42:26.008511" level="INFO">${chrome_options} = &lt;selenium.webdriver.chrome.options.Options object at 0x000001FA2DBD1BE0&gt;</msg>
<var>${chrome_options}</var>
<arg>selenium.webdriver.ChromeOptions()</arg>
<arg>modules=selenium.webdriver</arg>
<doc>Evaluates the given expression in Python and returns the result.</doc>
<status status="PASS" start="2026-01-14T11:42:26.008134" elapsed="0.000425"/>
</kw>
<kw name="Create List" owner="BuiltIn">
<msg time="2026-01-14T11:42:26.008930" level="INFO">${args} = ['--window-size=1920,1080', '--start-maximized', '--no-sandbox', '--disable-dev-shm-usage', '--disable-gpu', '--disable-software-rasterizer', '--remote-debugging-port=9222', '--disable-extensions', '-...</msg>
<var>${args}</var>
<arg>--window-size=1920,1080</arg>
<arg>--start-maximized</arg>
<arg>--no-sandbox</arg>
<arg>--disable-dev-shm-usage</arg>
<arg>--disable-gpu</arg>
<arg>--disable-software-rasterizer</arg>
<arg>--remote-debugging-port=9222</arg>
<arg>--disable-extensions</arg>
<arg>--disable-setuid-sandbox</arg>
<doc>Returns a list containing given items.</doc>
<status status="PASS" start="2026-01-14T11:42:26.008721" elapsed="0.000249"/>
</kw>
<for flavor="IN">
<iter>
<kw name="Call Method" owner="BuiltIn">
<arg>${chrome_options}</arg>
<arg>add_argument</arg>
<arg>${arg}</arg>
<doc>Calls the named method of the given object with the provided arguments.</doc>
<status status="PASS" start="2026-01-14T11:42:26.009432" elapsed="0.000192"/>
</kw>
<var name="${arg}">--window-size=1920,1080</var>
<status status="PASS" start="2026-01-14T11:42:26.009295" elapsed="0.000396"/>
</iter>
<iter>
<kw name="Call Method" owner="BuiltIn">
<arg>${chrome_options}</arg>
<arg>add_argument</arg>
<arg>${arg}</arg>
<doc>Calls the named method of the given object with the provided arguments.</doc>
<status status="PASS" start="2026-01-14T11:42:26.009927" elapsed="0.000187"/>
</kw>
<var name="${arg}">--start-maximized</var>
<status status="PASS" start="2026-01-14T11:42:26.009824" elapsed="0.000355"/>
</iter>
<iter>
<kw name="Call Method" owner="BuiltIn">
<arg>${chrome_options}</arg>
<arg>add_argument</arg>
<arg>${arg}</arg>
<doc>Calls the named method of the given object with the provided arguments.</doc>
<status status="PASS" start="2026-01-14T11:42:26.010418" elapsed="0.000164"/>
</kw>
<var name="${arg}">--no-sandbox</var>
<status status="PASS" start="2026-01-14T11:42:26.010313" elapsed="0.000326"/>
</iter>
<iter>
<kw name="Call Method" owner="BuiltIn">
<arg>${chrome_options}</arg>
<arg>add_argument</arg>
<arg>${arg}</arg>
<doc>Calls the named method of the given object with the provided arguments.</doc>
<status status="PASS" start="2026-01-14T11:42:26.010828" elapsed="0.000155"/>
</kw>
<var name="${arg}">--disable-dev-shm-usage</var>
<status status="PASS" start="2026-01-14T11:42:26.010742" elapsed="0.000296"/>
</iter>
<iter>
<kw name="Call Method" owner="BuiltIn">
<arg>${chrome_options}</arg>
<arg>add_argument</arg>
<arg>${arg}</arg>
<doc>Calls the named method of the given object with the provided arguments.</doc>
<status status="PASS" start="2026-01-14T11:42:26.011221" elapsed="0.000171"/>
</kw>
<var name="${arg}">--disable-gpu</var>
<status status="PASS" start="2026-01-14T11:42:26.011136" elapsed="0.000312"/>
</iter>
<iter>
<kw name="Call Method" owner="BuiltIn">
<arg>${chrome_options}</arg>
<arg>add_argument</arg>
<arg>${arg}</arg>
<doc>Calls the named method of the given object with the provided arguments.</doc>
<status status="PASS" start="2026-01-14T11:42:26.011638" elapsed="0.000167"/>
</kw>
<var name="${arg}">--disable-software-rasterizer</var>
<status status="PASS" start="2026-01-14T11:42:26.011551" elapsed="0.000311"/>
</iter>
<iter>
<kw name="Call Method" owner="BuiltIn">
<arg>${chrome_options}</arg>
<arg>add_argument</arg>
<arg>${arg}</arg>
<doc>Calls the named method of the given object with the provided arguments.</doc>
<status status="PASS" start="2026-01-14T11:42:26.012055" elapsed="0.000160"/>
</kw>
<var name="${arg}">--remote-debugging-port=9222</var>
<status status="PASS" start="2026-01-14T11:42:26.011967" elapsed="0.000313"/>
</iter>
<iter>
<kw name="Call Method" owner="BuiltIn">
<arg>${chrome_options}</arg>
<arg>add_argument</arg>
<arg>${arg}</arg>
<doc>Calls the named method of the given object with the provided arguments.</doc>
<status status="PASS" start="2026-01-14T11:42:26.012471" elapsed="0.000159"/>
</kw>
<var name="${arg}">--disable-extensions</var>
<status status="PASS" start="2026-01-14T11:42:26.012383" elapsed="0.000302"/>
</iter>
<iter>
<kw name="Call Method" owner="BuiltIn">
<arg>${chrome_options}</arg>
<arg>add_argument</arg>
<arg>${arg}</arg>
<doc>Calls the named method of the given object with the provided arguments.</doc>
<status status="PASS" start="2026-01-14T11:42:26.012871" elapsed="0.000163"/>
</kw>
<var name="${arg}">--disable-setuid-sandbox</var>
<status status="PASS" start="2026-01-14T11:42:26.012784" elapsed="0.000306"/>
</iter>
<var>${arg}</var>
<value>@{args}</value>
<status status="PASS" start="2026-01-14T11:42:26.009101" elapsed="0.004037"/>
</for>
<kw name="Open Browser" owner="SeleniumLibrary">
<msg time="2026-01-14T11:42:26.013589" level="INFO">Opening browser 'CHROME' to base url 'https://trailquest.global/custom/quiz'.</msg>
<arg>${QUIZ_URL}</arg>
<arg>${BROWSER}</arg>
<arg>options=${chrome_options}</arg>
<doc>Opens a new browser instance to the optional ``url``.</doc>
<status status="PASS" start="2026-01-14T11:42:26.013293" elapsed="4.554029"/>
</kw>
<status status="PASS" start="2026-01-14T11:42:26.007523" elapsed="4.560158"/>
</kw>
<status status="PASS" start="2026-01-14T11:42:26.007106" elapsed="4.560710"/>
</kw>
<kw name="Page Should Contain" owner="SeleniumLibrary">
<msg time="2026-01-14T11:42:30.593310" level="INFO">Current page contains text 'More Than a Quiz'.</msg>
<arg>More Than a Quiz</arg>
<doc>Verifies that current page contains ``text``.</doc>
<status status="PASS" start="2026-01-14T11:42:30.568603" elapsed="0.024861"/>
</kw>
<kw name="Close Browser" owner="SeleniumLibrary" type="TEARDOWN">
<doc>Closes the current browser.</doc>
<status status="PASS" start="2026-01-14T11:42:30.594258" elapsed="2.212441"/>
</kw>
<doc>quiz page loads from its url</doc>
<tag>1</tag>
<status status="PASS" start="2026-01-14T11:42:26.006021" elapsed="6.800997"/>
</test>
<test id="s1-t2" name="Verify Question Displays" line="11">
<kw name="Navigate to quiz page and maximize" owner="quiz_page" type="SETUP">
<kw name="Navigate to quiz page" owner="quiz_page">
<kw name="Evaluate" owner="BuiltIn">
<msg time="2026-01-14T11:42:32.809328" level="INFO">${chrome_options} = &lt;selenium.webdriver.chrome.options.Options object at 0x000001FA2DB0A990&gt;</msg>
<var>${chrome_options}</var>
<arg>selenium.webdriver.ChromeOptions()</arg>
<arg>modules=selenium.webdriver</arg>
<doc>Evaluates the given expression in Python and returns the result.</doc>
<status status="PASS" start="2026-01-14T11:42:32.809054" elapsed="0.000309"/>
</kw>
<kw name="Create List" owner="BuiltIn">
<msg time="2026-01-14T11:42:32.809656" level="INFO">${args} = ['--window-size=1920,1080', '--start-maximized', '--no-sandbox', '--disable-dev-shm-usage', '--disable-gpu', '--disable-software-rasterizer', '--remote-debugging-port=9222', '--disable-extensions', '-...</msg>
<var>${args}</var>
<arg>--window-size=1920,1080</arg>
<arg>--start-maximized</arg>
<arg>--no-sandbox</arg>
<arg>--disable-dev-shm-usage</arg>
<arg>--disable-gpu</arg>
<arg>--disable-software-rasterizer</arg>
<arg>--remote-debugging-port=9222</arg>
<arg>--disable-extensions</arg>
<arg>--disable-setuid-sandbox</arg>
<doc>Returns a list containing given items.</doc>
<status status="PASS" start="2026-01-14T11:42:32.809476" elapsed="0.000209"/>
</kw>
<for flavor="IN">
<iter>
<kw name="Call Method" owner="BuiltIn">
<arg>${chrome_options}</arg>
<arg>add_argument</arg>
<arg>${arg}</arg>
<doc>Calls the named method of the given object with the provided arguments.</doc>
<status status="PASS" start="2026-01-14T11:42:32.810150" elapsed="0.000148"/>
</kw>
<var name="${arg}">--window-size=1920,1080</var>
<status status="PASS" start="2026-01-14T11:42:32.810052" elapsed="0.000297"/>
</iter>
<iter>
<kw name="Call Method" owner="BuiltIn">
<arg>${chrome_options}</arg>
<arg>add_argument</arg>
<arg>${arg}</arg>
<doc>Calls the named method of the given object with the provided arguments.</doc>
<status status="PASS" start="2026-01-14T11:42:32.810517" elapsed="0.000141"/>
</kw>
<var name="${arg}">--start-maximized</var>
<status status="PASS" start="2026-01-14T11:42:32.810441" elapsed="0.000267"/>
</iter>
<iter>
<kw name="Call Method" owner="BuiltIn">
<arg>${chrome_options}</arg>
<arg>add_argument</arg>
<arg>${arg}</arg>
<doc>Calls the named method of the given object with the provided arguments.</doc>
<status status="PASS" start="2026-01-14T11:42:32.810877" elapsed="0.000140"/>
</kw>
<var name="${arg}">--no-sandbox</var>
<status status="PASS" start="2026-01-14T11:42:32.810797" elapsed="0.000270"/>
</iter>
<iter>
<kw name="Call Method" owner="BuiltIn">
<arg>${chrome_options}</arg>
<arg>add_argument</arg>
<arg>${arg}</arg>
<doc>Calls the named method of the given object with the provided arguments.</doc>
<status status="PASS" start="2026-01-14T11:42:32.811231" elapsed="0.000143"/>
</kw>
<var name="${arg}">--disable-dev-shm-usage</var>
<status status="PASS" start="2026-01-14T11:42:32.811156" elapsed="0.000267"/>
</iter>
<iter>
<kw name="Call Method" owner="BuiltIn">
<arg>${chrome_options}</arg>
<arg>add_argument</arg>
<arg>${arg}</arg>
<doc>Calls the named method of the given object with the provided arguments.</doc>
<status status="PASS" start="2026-01-14T11:42:32.811588" elapsed="0.000139"/>
</kw>
<var name="${arg}">--disable-gpu</var>
<status status="PASS" start="2026-01-14T11:42:32.811512" elapsed="0.000263"/>
</iter>
<iter>
<kw name="Call Method" owner="BuiltIn">
<arg>${chrome_options}</arg>
<arg>add_argument</arg>
<arg>${arg}</arg>
<doc>Calls the named method of the given object with the provided arguments.</doc>
<status status="PASS" start="2026-01-14T11:42:32.811941" elapsed="0.000146"/>
</kw>
<var name="${arg}">--disable-software-rasterizer</var>
<status status="PASS" start="2026-01-14T11:42:32.811862" elapsed="0.000276"/>
</iter>
<iter>
<kw name="Call Method" owner="BuiltIn">
<arg>${chrome_options}</arg>
<arg>add_argument</arg>
<arg>${arg}</arg>
<doc>Calls the named method of the given object with the provided arguments.</doc>
<status status="PASS" start="2026-01-14T11:42:32.812300" elapsed="0.000146"/>
</kw>
<var name="${arg}">--remote-debugging-port=9222</var>
<status status="PASS" start="2026-01-14T11:42:32.812226" elapsed="0.000270"/>
</iter>
<iter>
<kw name="Call Method" owner="BuiltIn">
<arg>${chrome_options}</arg>
<arg>add_argument</arg>
<arg>${arg}</arg>
<doc>Calls the named method of the given object with the provided arguments.</doc>
<status status="PASS" start="2026-01-14T11:42:32.812675" elapsed="0.000140"/>
</kw>
<var name="${arg}">--disable-extensions</var>
<status status="PASS" start="2026-01-14T11:42:32.812583" elapsed="0.000280"/>
</iter>
<iter>
<kw name="Call Method" owner="BuiltIn">
<arg>${chrome_options}</arg>
<arg>add_argument</arg>
<arg>${arg}</arg>
<doc>Calls the named method of the given object with the provided arguments.</doc>
<status status="PASS" start="2026-01-14T11:42:32.813019" elapsed="0.000135"/>
</kw>
<var name="${arg}">--disable-setuid-sandbox</var>
<status status="PASS" start="2026-01-14T11:42:32.812947" elapsed="0.000253"/>
</iter>
<var>${arg}</var>
<value>@{args}</value>
<status status="PASS" start="2026-01-14T11:42:32.809896" elapsed="0.003346"/>
</for>
<kw name="Open Browser" owner="SeleniumLibrary">
<msg time="2026-01-14T11:42:32.813610" level="INFO">Opening browser 'CHROME' to base url 'https://trailquest.global/custom/quiz'.</msg>
<arg>${QUIZ_URL}</arg>
<arg>${BROWSER}</arg>
<arg>options=${chrome_options}</arg>
<doc>Opens a new browser instance to the optional ``url``.</doc>
<status status="PASS" start="2026-01-14T11:42:32.813374" elapsed="3.678301"/>
</kw>
<status status="PASS" start="2026-01-14T11:42:32.808839" elapsed="3.682990"/>
</kw>
<status status="PASS" start="2026-01-14T11:42:32.808534" elapsed="3.683383"/>
</kw>
<kw name="Click Quiz Button" owner="quiz_page">
<kw name="Wait Until Element Is Visible" owner="SeleniumLibrary">
<arg>${QUIZ_BUTTON}</arg>
<arg>timeout=10s</arg>
<doc>Waits until the element ``locator`` is visible.</doc>
<status status="PASS" start="2026-01-14T11:42:36.493024" elapsed="0.039866"/>
</kw>
<kw name="Click Button" owner="SeleniumLibrary">
<msg time="2026-01-14T11:42:36.533816" level="INFO">Clicking button '//button[normalize-space()='Begin The Quiz']'.</msg>
<arg>${QUIZ_BUTTON}</arg>
<doc>Clicks the button identified by ``locator``.</doc>
<status status="PASS" start="2026-01-14T11:42:36.533336" elapsed="0.764400"/>
</kw>
<status status="PASS" start="2026-01-14T11:42:36.492421" elapsed="0.805517"/>
</kw>
<kw name="Page Should Contain" owner="SeleniumLibrary">
<msg time="2026-01-14T11:42:37.320864" level="INFO">Current page contains text 'Question 1'.</msg>
<arg>Question 1</arg>
<doc>Verifies that current page contains ``text``.</doc>
<status status="PASS" start="2026-01-14T11:42:37.298505" elapsed="0.022491"/>
</kw>
<kw name="Get WebElements" owner="SeleniumLibrary">
<msg time="2026-01-14T11:42:37.341273" level="INFO">${options} = [&lt;selenium.webdriver.remote.webelement.WebElement (session="532577e26c215b46c3495515ad302a41", element="f.5FD04C465AD726CD35135B72C24223CA.d.7E5D643D4E936724602822F6641B91D5.e.23")&gt;, &lt;selenium.webdriv...</msg>
<var>${options}</var>
<arg>${OPTION_LABELS}</arg>
<doc>Returns a list of WebElement objects matching the ``locator``.</doc>
<status status="PASS" start="2026-01-14T11:42:37.321433" elapsed="0.019911"/>
</kw>
<for flavor="IN">
<iter>
<kw name="Element Should Be Visible" owner="SeleniumLibrary">
<msg time="2026-01-14T11:42:37.355180" level="INFO">Element '&lt;selenium.webdriver.remote.webelement.WebElement (session="532577e26c215b46c3495515ad302a41", element="f.5FD04C465AD726CD35135B72C24223CA.d.7E5D643D4E936724602822F6641B91D5.e.23")&gt;' is displayed.</msg>
<arg>${option}</arg>
<doc>Verifies that the element identified by ``locator`` is visible.</doc>
<status status="PASS" start="2026-01-14T11:42:37.342126" elapsed="0.013245"/>
</kw>
<var name="${option}">&lt;selenium.webdriver.remote.webelement.WebElement (session="532577e26c215b46c3495515ad302a41", element="f.5FD04C465AD726CD35135B72C24223CA.d.7E5D643D4E936724602822F6641B91D5.e.23")&gt;</var>
<status status="PASS" start="2026-01-14T11:42:37.341982" elapsed="0.013535"/>
</iter>
<iter>
<kw name="Element Should Be Visible" owner="SeleniumLibrary">
<msg time="2026-01-14T11:42:37.368904" level="INFO">Element '&lt;selenium.webdriver.remote.webelement.WebElement (session="532577e26c215b46c3495515ad302a41", element="f.5FD04C465AD726CD35135B72C24223CA.d.7E5D643D4E936724602822F6641B91D5.e.24")&gt;' is displayed.</msg>
<arg>${option}</arg>
<doc>Verifies that the element identified by ``locator`` is visible.</doc>
<status status="PASS" start="2026-01-14T11:42:37.356176" elapsed="0.012933"/>
</kw>
<var name="${option}">&lt;selenium.webdriver.remote.webelement.WebElement (session="532577e26c215b46c3495515ad302a41", element="f.5FD04C465AD726CD35135B72C24223CA.d.7E5D643D4E936724602822F6641B91D5.e.24")&gt;</var>
<status status="PASS" start="2026-01-14T11:42:37.355940" elapsed="0.013360"/>
</iter>
<iter>
<kw name="Element Should Be Visible" owner="SeleniumLibrary">
<msg time="2026-01-14T11:42:37.383368" level="INFO">Element '&lt;selenium.webdriver.remote.webelement.WebElement (session="532577e26c215b46c3495515ad302a41", element="f.5FD04C465AD726CD35135B72C24223CA.d.7E5D643D4E936724602822F6641B91D5.e.25")&gt;' is displayed.</msg>
<arg>${option}</arg>
<doc>Verifies that the element identified by ``locator`` is visible.</doc>
<status status="PASS" start="2026-01-14T11:42:37.370194" elapsed="0.013291"/>
</kw>
<var name="${option}">&lt;selenium.webdriver.remote.webelement.WebElement (session="532577e26c215b46c3495515ad302a41", element="f.5FD04C465AD726CD35135B72C24223CA.d.7E5D643D4E936724602822F6641B91D5.e.25")&gt;</var>
<status status="PASS" start="2026-01-14T11:42:37.369775" elapsed="0.013801"/>
</iter>
<iter>
<kw name="Element Should Be Visible" owner="SeleniumLibrary">
<msg time="2026-01-14T11:42:37.397708" level="INFO">Element '&lt;selenium.webdriver.remote.webelement.WebElement (session="532577e26c215b46c3495515ad302a41", element="f.5FD04C465AD726CD35135B72C24223CA.d.7E5D643D4E936724602822F6641B91D5.e.26")&gt;' is displayed.</msg>
<arg>${option}</arg>
<doc>Verifies that the element identified by ``locator`` is visible.</doc>
<status status="PASS" start="2026-01-14T11:42:37.383905" elapsed="0.013942"/>
</kw>
<var name="${option}">&lt;selenium.webdriver.remote.webelement.WebElement (session="532577e26c215b46c3495515ad302a41", element="f.5FD04C465AD726CD35135B72C24223CA.d.7E5D643D4E936724602822F6641B91D5.e.26")&gt;</var>
<status status="PASS" start="2026-01-14T11:42:37.383755" elapsed="0.014199"/>
</iter>
<var>${option}</var>
<value>@{options}</value>
<status status="PASS" start="2026-01-14T11:42:37.341726" elapsed="0.056323"/>
</for>
<kw name="Close Browser" owner="SeleniumLibrary" type="TEARDOWN">
<doc>Closes the current browser.</doc>
<status status="PASS" start="2026-01-14T11:42:37.398745" elapsed="2.215928"/>
</kw>
<doc>first question displays with all answers</doc>
<tag>regression</tag>
<status status="PASS" start="2026-01-14T11:42:32.807998" elapsed="6.807026"/>
</test>
<test id="s1-t3" name="Verify Answer Selection" line="20">
<kw name="Navigate to quiz page and maximize" owner="quiz_page" type="SETUP">
<kw name="Navigate to quiz page" owner="quiz_page">
<kw name="Evaluate" owner="BuiltIn">
<msg time="2026-01-14T11:42:39.617482" level="INFO">${chrome_options} = &lt;selenium.webdriver.chrome.options.Options object at 0x000001FA2D66BED0&gt;</msg>
<var>${chrome_options}</var>
<arg>selenium.webdriver.ChromeOptions()</arg>
<arg>modules=selenium.webdriver</arg>
<doc>Evaluates the given expression in Python and returns the result.</doc>
<status status="PASS" start="2026-01-14T11:42:39.617194" elapsed="0.000328"/>
</kw>
<kw name="Create List" owner="BuiltIn">
<msg time="2026-01-14T11:42:39.617829" level="INFO">${args} = ['--window-size=1920,1080', '--start-maximized', '--no-sandbox', '--disable-dev-shm-usage', '--disable-gpu', '--disable-software-rasterizer', '--remote-debugging-port=9222', '--disable-extensions', '-...</msg>
<var>${args}</var>
<arg>--window-size=1920,1080</arg>
<arg>--start-maximized</arg>
<arg>--no-sandbox</arg>
<arg>--disable-dev-shm-usage</arg>
<arg>--disable-gpu</arg>
<arg>--disable-software-rasterizer</arg>
<arg>--remote-debugging-port=9222</arg>
<arg>--disable-extensions</arg>
<arg>--disable-setuid-sandbox</arg>
<doc>Returns a list containing given items.</doc>
<status status="PASS" start="2026-01-14T11:42:39.617648" elapsed="0.000216"/>
</kw>
<for flavor="IN">
<iter>
<kw name="Call Method" owner="BuiltIn">
<arg>${chrome_options}</arg>
<arg>add_argument</arg>
<arg>${arg}</arg>
<doc>Calls the named method of the given object with the provided arguments.</doc>
<status status="PASS" start="2026-01-14T11:42:39.618256" elapsed="0.000180"/>
</kw>
<var name="${arg}">--window-size=1920,1080</var>
<status status="PASS" start="2026-01-14T11:42:39.618153" elapsed="0.000345"/>
</iter>
<iter>
<kw name="Call Method" owner="BuiltIn">
<arg>${chrome_options}</arg>
<arg>add_argument</arg>
<arg>${arg}</arg>
<doc>Calls the named method of the given object with the provided arguments.</doc>
<status status="PASS" start="2026-01-14T11:42:39.618710" elapsed="0.000177"/>
</kw>
<var name="${arg}">--start-maximized</var>
<status status="PASS" start="2026-01-14T11:42:39.618612" elapsed="0.000337"/>
</iter>
<iter>
<kw name="Call Method" owner="BuiltIn">
<arg>${chrome_options}</arg>
<arg>add_argument</arg>
<arg>${arg}</arg>
<doc>Calls the named method of the given object with the provided arguments.</doc>
<status status="PASS" start="2026-01-14T11:42:39.619166" elapsed="0.000166"/>
</kw>
<var name="${arg}">--no-sandbox</var>
<status status="PASS" start="2026-01-14T11:42:39.619074" elapsed="0.000316"/>
</iter>
<iter>
<kw name="Call Method" owner="BuiltIn">
<arg>${chrome_options}</arg>
<arg>add_argument</arg>
<arg>${arg}</arg>
<doc>Calls the named method of the given object with the provided arguments.</doc>
<status status="PASS" start="2026-01-14T11:42:39.619588" elapsed="0.000168"/>
</kw>
<var name="${arg}">--disable-dev-shm-usage</var>
<status status="PASS" start="2026-01-14T11:42:39.619497" elapsed="0.000316"/>
</iter>
<iter>
<kw name="Call Method" owner="BuiltIn">
<arg>${chrome_options}</arg>
<arg>add_argument</arg>
<arg>${arg}</arg>
<doc>Calls the named method of the given object with the provided arguments.</doc>
<status status="PASS" start="2026-01-14T11:42:39.620013" elapsed="0.000181"/>
</kw>
<var name="${arg}">--disable-gpu</var>
<status status="PASS" start="2026-01-14T11:42:39.619921" elapsed="0.000333"/>
</iter>
<iter>
<kw name="Call Method" owner="BuiltIn">
<arg>${chrome_options}</arg>
<arg>add_argument</arg>
<arg>${arg}</arg>
<doc>Calls the named method of the given object with the provided arguments.</doc>
<status status="PASS" start="2026-01-14T11:42:39.620467" elapsed="0.000174"/>
</kw>
<var name="${arg}">--disable-software-rasterizer</var>
<status status="PASS" start="2026-01-14T11:42:39.620362" elapsed="0.000339"/>
</iter>
<iter>
<kw name="Call Method" owner="BuiltIn">
<arg>${chrome_options}</arg>
<arg>add_argument</arg>
<arg>${arg}</arg>
<doc>Calls the named method of the given object with the provided arguments.</doc>
<status status="PASS" start="2026-01-14T11:42:39.620902" elapsed="0.000211"/>
</kw>
<var name="${arg}">--remote-debugging-port=9222</var>
<status status="PASS" start="2026-01-14T11:42:39.620810" elapsed="0.000375"/>
</iter>
<iter>
<kw name="Call Method" owner="BuiltIn">
<arg>${chrome_options}</arg>
<arg>add_argument</arg>
<arg>${arg}</arg>
<doc>Calls the named method of the given object with the provided arguments.</doc>
<status status="PASS" start="2026-01-14T11:42:39.621427" elapsed="0.000203"/>
</kw>
<var name="${arg}">--disable-extensions</var>
<status status="PASS" start="2026-01-14T11:42:39.621314" elapsed="0.000387"/>
</iter>
<iter>
<kw name="Call Method" owner="BuiltIn">
<arg>${chrome_options}</arg>
<arg>add_argument</arg>
<arg>${arg}</arg>
<doc>Calls the named method of the given object with the provided arguments.</doc>
<status status="PASS" start="2026-01-14T11:42:39.621938" elapsed="0.000203"/>
</kw>
<var name="${arg}">--disable-setuid-sandbox</var>
<status status="PASS" start="2026-01-14T11:42:39.621827" elapsed="0.000372"/>
</iter>
<var>${arg}</var>
<value>@{args}</value>
<status status="PASS" start="2026-01-14T11:42:39.617958" elapsed="0.004294"/>
</for>
<kw name="Open Browser" owner="SeleniumLibrary">
<msg time="2026-01-14T11:42:39.622675" level="INFO">Opening browser 'CHROME' to base url 'https://trailquest.global/custom/quiz'.</msg>
<arg>${QUIZ_URL}</arg>
<arg>${BROWSER}</arg>
<arg>options=${chrome_options}</arg>
<doc>Opens a new browser instance to the optional ``url``.</doc>
<status status="PASS" start="2026-01-14T11:42:39.622403" elapsed="3.806821"/>
</kw>
<status status="PASS" start="2026-01-14T11:42:39.616920" elapsed="3.812452"/>
</kw>
<status status="PASS" start="2026-01-14T11:42:39.616553" elapsed="3.812918"/>
</kw>
<kw name="Click Quiz Button" owner="quiz_page">
<kw name="Wait Until Element Is Visible" owner="SeleniumLibrary">
<arg>${QUIZ_BUTTON}</arg>
<arg>timeout=10s</arg>
<doc>Waits until the element ``locator`` is visible.</doc>
<status status="PASS" start="2026-01-14T11:42:43.430293" elapsed="0.031219"/>
</kw>
<kw name="Click Button" owner="SeleniumLibrary">
<msg time="2026-01-14T11:42:43.462279" level="INFO">Clicking button '//button[normalize-space()='Begin The Quiz']'.</msg>
<arg>${QUIZ_BUTTON}</arg>
<doc>Clicks the button identified by ``locator``.</doc>
<status status="PASS" start="2026-01-14T11:42:43.461922" elapsed="0.763937"/>
</kw>
<status status="PASS" start="2026-01-14T11:42:43.429954" elapsed="0.796056"/>
</kw>
<kw name="Choose Option" owner="quiz_page">
<kw name="Wait Until Element Is Visible" owner="SeleniumLibrary">
<arg>${OPTION_LABELS}</arg>
<arg>timeout=10s</arg>
<doc>Waits until the element ``locator`` is visible.</doc>
<status status="PASS" start="2026-01-14T11:42:44.227090" elapsed="0.026983"/>
</kw>
<kw name="Get WebElements" owner="SeleniumLibrary">
<msg time="2026-01-14T11:42:44.267669" level="INFO">${options} = [&lt;selenium.webdriver.remote.webelement.WebElement (session="2052e61c52c432f830500ee1d19e6abf", element="f.EFA30F9394313AE0F7DDE4E5E6128B05.d.2E477BD8506E977B28E00EBBBF8A70DE.e.17")&gt;, &lt;selenium.webdriv...</msg>
<var>${options}</var>
<arg>${OPTION_LABELS}</arg>
<doc>Returns a list of WebElement objects matching the ``locator``.</doc>
<status status="PASS" start="2026-01-14T11:42:44.254434" elapsed="0.013295"/>
</kw>
<kw name="Click Element" owner="SeleniumLibrary">
<msg time="2026-01-14T11:42:44.268176" level="INFO">Clicking element '&lt;selenium.webdriver.remote.webelement.WebElement (session="2052e61c52c432f830500ee1d19e6abf", element="f.EFA30F9394313AE0F7DDE4E5E6128B05.d.2E477BD8506E977B28E00EBBBF8A70DE.e.17")&gt;'.</msg>
<arg>${options}[0]</arg>
<doc>Click the element identified by ``locator``.</doc>
<status status="PASS" start="2026-01-14T11:42:44.267919" elapsed="0.088548"/>
</kw>
<status status="PASS" start="2026-01-14T11:42:44.226650" elapsed="0.130033"/>
</kw>
<kw name="Close Browser" owner="SeleniumLibrary" type="TEARDOWN">
<doc>Closes the current browser.</doc>
<status status="PASS" start="2026-01-14T11:42:44.357253" elapsed="2.217370"/>
</kw>
<doc>Answer can be selected</doc>
<status status="PASS" start="2026-01-14T11:42:39.615964" elapsed="6.958987"/>
</test>
<test id="s1-t4" name="Verify Previous Button Functionality" line="25">
<kw name="Navigate to quiz page and maximize" owner="quiz_page" type="SETUP">
<kw name="Navigate to quiz page" owner="quiz_page">
<kw name="Evaluate" owner="BuiltIn">
<msg time="2026-01-14T11:42:46.577761" level="INFO">${chrome_options} = &lt;selenium.webdriver.chrome.options.Options object at 0x000001FA2EC15220&gt;</msg>
<var>${chrome_options}</var>
<arg>selenium.webdriver.ChromeOptions()</arg>
<arg>modules=selenium.webdriver</arg>
<doc>Evaluates the given expression in Python and returns the result.</doc>
<status status="PASS" start="2026-01-14T11:42:46.577452" elapsed="0.000350"/>
</kw>
<kw name="Create List" owner="BuiltIn">
<msg time="2026-01-14T11:42:46.578144" level="INFO">${args} = ['--window-size=1920,1080', '--start-maximized', '--no-sandbox', '--disable-dev-shm-usage', '--disable-gpu', '--disable-software-rasterizer', '--remote-debugging-port=9222', '--disable-extensions', '-...</msg>
<var>${args}</var>
<arg>--window-size=1920,1080</arg>
<arg>--start-maximized</arg>
<arg>--no-sandbox</arg>
<arg>--disable-dev-shm-usage</arg>
<arg>--disable-gpu</arg>
<arg>--disable-software-rasterizer</arg>
<arg>--remote-debugging-port=9222</arg>
<arg>--disable-extensions</arg>
<arg>--disable-setuid-sandbox</arg>
<doc>Returns a list containing given items.</doc>
<status status="PASS" start="2026-01-14T11:42:46.577940" elapsed="0.000242"/>
</kw>
<for flavor="IN">
<iter>
<kw name="Call Method" owner="BuiltIn">
<arg>${chrome_options}</arg>
<arg>add_argument</arg>
<arg>${arg}</arg>
<doc>Calls the named method of the given object with the provided arguments.</doc>
<status status="PASS" start="2026-01-14T11:42:46.578585" elapsed="0.000195"/>
</kw>
<var name="${arg}">--window-size=1920,1080</var>
<status status="PASS" start="2026-01-14T11:42:46.578477" elapsed="0.000371"/>
</iter>
<iter>
<kw name="Call Method" owner="BuiltIn">
<arg>${chrome_options}</arg>
<arg>add_argument</arg>
<arg>${arg}</arg>
<doc>Calls the named method of the given object with the provided arguments.</doc>
<status status="PASS" start="2026-01-14T11:42:46.579068" elapsed="0.000185"/>
</kw>
<var name="${arg}">--start-maximized</var>
<status status="PASS" start="2026-01-14T11:42:46.578968" elapsed="0.000350"/>
</iter>
<iter>
<kw name="Call Method" owner="BuiltIn">
<arg>${chrome_options}</arg>
<arg>add_argument</arg>
<arg>${arg}</arg>
<doc>Calls the named method of the given object with the provided arguments.</doc>
<status status="PASS" start="2026-01-14T11:42:46.579534" elapsed="0.000188"/>
</kw>
<var name="${arg}">--no-sandbox</var>
<status status="PASS" start="2026-01-14T11:42:46.579434" elapsed="0.000350"/>
</iter>
<iter>
<kw name="Call Method" owner="BuiltIn">
<arg>${chrome_options}</arg>
<arg>add_argument</arg>
<arg>${arg}</arg>
<doc>Calls the named method of the given object with the provided arguments.</doc>
<status status="PASS" start="2026-01-14T11:42:46.579995" elapsed="0.000188"/>
</kw>
<var name="${arg}">--disable-dev-shm-usage</var>
<status status="PASS" start="2026-01-14T11:42:46.579898" elapsed="0.000360"/>
</iter>
<iter>
<kw name="Call Method" owner="BuiltIn">
<arg>${chrome_options}</arg>
<arg>add_argument</arg>
<arg>${arg}</arg>
<doc>Calls the named method of the given object with the provided arguments.</doc>
<status status="PASS" start="2026-01-14T11:42:46.580473" elapsed="0.000182"/>
</kw>
<var name="${arg}">--disable-gpu</var>
<status status="PASS" start="2026-01-14T11:42:46.580374" elapsed="0.000345"/>
</iter>
<iter>
<kw name="Call Method" owner="BuiltIn">
<arg>${chrome_options}</arg>
<arg>add_argument</arg>
<arg>${arg}</arg>
<doc>Calls the named method of the given object with the provided arguments.</doc>
<status status="PASS" start="2026-01-14T11:42:46.580932" elapsed="0.000182"/>
</kw>
<var name="${arg}">--disable-software-rasterizer</var>
<status status="PASS" start="2026-01-14T11:42:46.580833" elapsed="0.000344"/>
</iter>
<iter>
<kw name="Call Method" owner="BuiltIn">
<arg>${chrome_options}</arg>
<arg>add_argument</arg>
<arg>${arg}</arg>
<doc>Calls the named method of the given object with the provided arguments.</doc>
<status status="PASS" start="2026-01-14T11:42:46.581389" elapsed="0.000180"/>
</kw>
<var name="${arg}">--remote-debugging-port=9222</var>
<status status="PASS" start="2026-01-14T11:42:46.581292" elapsed="0.000339"/>
</iter>
<iter>
<kw name="Call Method" owner="BuiltIn">
<arg>${chrome_options}</arg>
<arg>add_argument</arg>
<arg>${arg}</arg>
<doc>Calls the named method of the given object with the provided arguments.</doc>
<status status="PASS" start="2026-01-14T11:42:46.581848" elapsed="0.000190"/>
</kw>
<var name="${arg}">--disable-extensions</var>
<status status="PASS" start="2026-01-14T11:42:46.581750" elapsed="0.000362"/>
</iter>
<iter>
<kw name="Call Method" owner="BuiltIn">
<arg>${chrome_options}</arg>
<arg>add_argument</arg>
<arg>${arg}</arg>
<doc>Calls the named method of the given object with the provided arguments.</doc>
<status status="PASS" start="2026-01-14T11:42:46.582311" elapsed="0.000160"/>
</kw>
<var name="${arg}">--disable-setuid-sandbox</var>
<status status="PASS" start="2026-01-14T11:42:46.582214" elapsed="0.000311"/>
</iter>
<var>${arg}</var>
<value>@{args}</value>
<status status="PASS" start="2026-01-14T11:42:46.578300" elapsed="0.004274"/>
</for>
<kw name="Open Browser" owner="SeleniumLibrary">
<msg time="2026-01-14T11:42:46.582996" level="INFO">Opening browser 'CHROME' to base url 'https://trailquest.global/custom/quiz'.</msg>
<arg>${QUIZ_URL}</arg>
<arg>${BROWSER}</arg>
<arg>options=${chrome_options}</arg>
<doc>Opens a new browser instance to the optional ``url``.</doc>
<status status="PASS" start="2026-01-14T11:42:46.582730" elapsed="3.747510"/>
</kw>
<status status="PASS" start="2026-01-14T11:42:46.577183" elapsed="3.753535"/>
</kw>
<status status="PASS" start="2026-01-14T11:42:46.576739" elapsed="3.754139"/>
</kw>
<kw name="Click Quiz Button" owner="quiz_page">
<kw name="Wait Until Element Is Visible" owner="SeleniumLibrary">
<arg>${QUIZ_BUTTON}</arg>
<arg>timeout=10s</arg>
<doc>Waits until the element ``locator`` is visible.</doc>
<status status="PASS" start="2026-01-14T11:42:50.332351" elapsed="0.032123"/>
</kw>
<kw name="Click Button" owner="SeleniumLibrary">
<msg time="2026-01-14T11:42:50.365101" level="INFO">Clicking button '//button[normalize-space()='Begin The Quiz']'.</msg>
<arg>${QUIZ_BUTTON}</arg>
<doc>Clicks the button identified by ``locator``.</doc>
<status status="PASS" start="2026-01-14T11:42:50.364735" elapsed="0.701970"/>
</kw>
<status status="PASS" start="2026-01-14T11:42:50.331644" elapsed="0.735243"/>
</kw>
<kw name="Get Text" owner="SeleniumLibrary">
<msg time="2026-01-14T11:42:51.103004" level="INFO">${progress} = Question 1 of 13</msg>
<var>${progress}</var>
<arg>${QUIZ_PROGRESS}</arg>
<doc>Returns the text value of the element identified by ``locator``.</doc>
<status status="PASS" start="2026-01-14T11:42:51.067443" elapsed="0.035616"/>
</kw>
<kw name="Choose Option" owner="quiz_page">
<kw name="Wait Until Element Is Visible" owner="SeleniumLibrary">
<arg>${OPTION_LABELS}</arg>
<arg>timeout=10s</arg>
<doc>Waits until the element ``locator`` is visible.</doc>
<status status="PASS" start="2026-01-14T11:42:51.103789" elapsed="0.028764"/>
</kw>
<kw name="Get WebElements" owner="SeleniumLibrary">
<msg time="2026-01-14T11:42:51.142515" level="INFO">${options} = [&lt;selenium.webdriver.remote.webelement.WebElement (session="63466d1b1bd8b9572d464dc9bff013e6", element="f.D864FA2EFBE9962197813591E602406E.d.2465C552275E3DD262CE82F2F239801B.e.19")&gt;, &lt;selenium.webdriv...</msg>
<var>${options}</var>
<arg>${OPTION_LABELS}</arg>
<doc>Returns a list of WebElement objects matching the ``locator``.</doc>
<status status="PASS" start="2026-01-14T11:42:51.132875" elapsed="0.009789"/>
</kw>
<kw name="Click Element" owner="SeleniumLibrary">
<msg time="2026-01-14T11:42:51.143645" level="INFO">Clicking element '&lt;selenium.webdriver.remote.webelement.WebElement (session="63466d1b1bd8b9572d464dc9bff013e6", element="f.D864FA2EFBE9962197813591E602406E.d.2465C552275E3DD262CE82F2F239801B.e.19")&gt;'.</msg>
<arg>${options}[0]</arg>
<doc>Click the element identified by ``locator``.</doc>
<status status="PASS" start="2026-01-14T11:42:51.143088" elapsed="0.090130"/>
</kw>
<status status="PASS" start="2026-01-14T11:42:51.103510" elapsed="0.130043"/>
</kw>
<kw name="Click previous Button" owner="quiz_page">
<kw name="Wait Until Element Is Visible" owner="SeleniumLibrary">
<arg>${PREVIOUS_BUTTON}</arg>
<doc>Waits until the element ``locator`` is visible.</doc>
<status status="PASS" start="2026-01-14T11:42:51.235203" elapsed="1.295548"/>
</kw>
<kw name="Click Element" owner="SeleniumLibrary">
<msg time="2026-01-14T11:42:52.531353" level="INFO">Clicking element '//button[normalize-space()='Previous']'.</msg>
<arg>${PREVIOUS_BUTTON}</arg>
<doc>Click the element identified by ``locator``.</doc>
<status status="PASS" start="2026-01-14T11:42:52.531048" elapsed="0.115562"/>
</kw>
<status status="PASS" start="2026-01-14T11:42:51.234519" elapsed="1.412433"/>
</kw>
<kw name="Get Text" owner="SeleniumLibrary">
<msg time="2026-01-14T11:42:52.678299" level="INFO">${temp} = Question 1 of 13</msg>
<var>${temp}</var>
<arg>${QUIZ_PROGRESS}</arg>
<doc>Returns the text value of the element identified by ``locator``.</doc>
<status status="PASS" start="2026-01-14T11:42:52.647869" elapsed="0.030560"/>
</kw>
<if>
<branch type="IF" condition="$temp==$progress">
<kw name="Log" owner="BuiltIn">
<msg time="2026-01-14T11:42:52.679698" level="INFO">previous button worked</msg>
<arg>previous button worked</arg>
<doc>Logs the given message with the given level.</doc>
<status status="PASS" start="2026-01-14T11:42:52.679445" elapsed="0.000354"/>
</kw>
<status status="PASS" start="2026-01-14T11:42:52.678885" elapsed="0.000993"/>
</branch>
<branch type="ELSE">
<kw name="Fail" owner="BuiltIn">
<arg>previous button didn't work</arg>
<doc>Fails the test with the given message and optionally alters its tags.</doc>
<status status="NOT RUN" start="2026-01-14T11:42:52.680165" elapsed="0.000043"/>
</kw>
<status status="NOT RUN" start="2026-01-14T11:42:52.679998" elapsed="0.000275"/>
</branch>
<status status="PASS" start="2026-01-14T11:42:52.678818" elapsed="0.001511"/>
</if>
<kw name="Close Browser" owner="SeleniumLibrary" type="TEARDOWN">
<doc>Closes the current browser.</doc>
<status status="PASS" start="2026-01-14T11:42:52.680934" elapsed="2.365639"/>
</kw>
<doc>previous button works</doc>
<tag>slow</tag>
<status status="PASS" start="2026-01-14T11:42:46.576047" elapsed="8.470807"/>
</test>
<test id="s1-t5" name="Verify Next Button Functionality" line="38">
<kw name="Navigate to quiz page and maximize" owner="quiz_page" type="SETUP">
<kw name="Navigate to quiz page" owner="quiz_page">
<kw name="Evaluate" owner="BuiltIn">
<msg time="2026-01-14T11:42:55.049064" level="INFO">${chrome_options} = &lt;selenium.webdriver.chrome.options.Options object at 0x000001FA2DAABE10&gt;</msg>
<var>${chrome_options}</var>
<arg>selenium.webdriver.ChromeOptions()</arg>
<arg>modules=selenium.webdriver</arg>
<doc>Evaluates the given expression in Python and returns the result.</doc>
<status status="PASS" start="2026-01-14T11:42:55.048790" elapsed="0.000306"/>
</kw>
<kw name="Create List" owner="BuiltIn">
<msg time="2026-01-14T11:42:55.049340" level="INFO">${args} = ['--window-size=1920,1080', '--start-maximized', '--no-sandbox', '--disable-dev-shm-usage', '--disable-gpu', '--disable-software-rasterizer', '--remote-debugging-port=9222', '--disable-extensions', '-...</msg>
<var>${args}</var>
<arg>--window-size=1920,1080</arg>
<arg>--start-maximized</arg>
<arg>--no-sandbox</arg>
<arg>--disable-dev-shm-usage</arg>
<arg>--disable-gpu</arg>
<arg>--disable-software-rasterizer</arg>
<arg>--remote-debugging-port=9222</arg>
<arg>--disable-extensions</arg>
<arg>--disable-setuid-sandbox</arg>
<doc>Returns a list containing given items.</doc>
<status status="PASS" start="2026-01-14T11:42:55.049195" elapsed="0.000174"/>
</kw>
<for flavor="IN">
<iter>
<kw name="Call Method" owner="BuiltIn">
<arg>${chrome_options}</arg>
<arg>add_argument</arg>
<arg>${arg}</arg>
<doc>Calls the named method of the given object with the provided arguments.</doc>
<status status="PASS" start="2026-01-14T11:42:55.049654" elapsed="0.000135"/>
</kw>
<var name="${arg}">--window-size=1920,1080</var>
<status status="PASS" start="2026-01-14T11:42:55.049578" elapsed="0.000258"/>
</iter>
<iter>
<kw name="Call Method" owner="BuiltIn">
<arg>${chrome_options}</arg>
<arg>add_argument</arg>
<arg>${arg}</arg>
<doc>Calls the named method of the given object with the provided arguments.</doc>
<status status="PASS" start="2026-01-14T11:42:55.049992" elapsed="0.000137"/>
</kw>
<var name="${arg}">--start-maximized</var>
<status status="PASS" start="2026-01-14T11:42:55.049922" elapsed="0.000268"/>
</iter>
<iter>
<kw name="Call Method" owner="BuiltIn">
<arg>${chrome_options}</arg>
<arg>add_argument</arg>
<arg>${arg}</arg>
<doc>Calls the named method of the given object with the provided arguments.</doc>
<status status="PASS" start="2026-01-14T11:42:55.050351" elapsed="0.000139"/>
</kw>
<var name="${arg}">--no-sandbox</var>
<status status="PASS" start="2026-01-14T11:42:55.050277" elapsed="0.000263"/>
</iter>
<iter>
<kw name="Call Method" owner="BuiltIn">
<arg>${chrome_options}</arg>
<arg>add_argument</arg>
<arg>${arg}</arg>
<doc>Calls the named method of the given object with the provided arguments.</doc>
<status status="PASS" start="2026-01-14T11:42:55.050717" elapsed="0.000145"/>
</kw>
<var name="${arg}">--disable-dev-shm-usage</var>
<status status="PASS" start="2026-01-14T11:42:55.050637" elapsed="0.000275"/>
</iter>
<iter>
<kw name="Call Method" owner="BuiltIn">
<arg>${chrome_options}</arg>
<arg>add_argument</arg>
<arg>${arg}</arg>
<doc>Calls the named method of the given object with the provided arguments.</doc>
<status status="PASS" start="2026-01-14T11:42:55.051071" elapsed="0.000233"/>
</kw>
<var name="${arg}">--disable-gpu</var>
<status status="PASS" start="2026-01-14T11:42:55.050997" elapsed="0.000374"/>
</iter>
<iter>
<kw name="Call Method" owner="BuiltIn">
<arg>${chrome_options}</arg>
<arg>add_argument</arg>
<arg>${arg}</arg>
<doc>Calls the named method of the given object with the provided arguments.</doc>
<status status="PASS" start="2026-01-14T11:42:55.051527" elapsed="0.002759"/>
</kw>
<var name="${arg}">--disable-software-rasterizer</var>
<status status="PASS" start="2026-01-14T11:42:55.051455" elapsed="0.002893"/>
</iter>
<iter>
<kw name="Call Method" owner="BuiltIn">
<arg>${chrome_options}</arg>
<arg>add_argument</arg>
<arg>${arg}</arg>
<doc>Calls the named method of the given object with the provided arguments.</doc>
<status status="PASS" start="2026-01-14T11:42:55.054528" elapsed="0.000153"/>
</kw>
<var name="${arg}">--remote-debugging-port=9222</var>
<status status="PASS" start="2026-01-14T11:42:55.054445" elapsed="0.000286"/>
</iter>
<iter>
<kw name="Call Method" owner="BuiltIn">
<arg>${chrome_options}</arg>
<arg>add_argument</arg>
<arg>${arg}</arg>
<doc>Calls the named method of the given object with the provided arguments.</doc>
<status status="PASS" start="2026-01-14T11:42:55.054886" elapsed="0.000134"/>
</kw>
<var name="${arg}">--disable-extensions</var>
<status status="PASS" start="2026-01-14T11:42:55.054814" elapsed="0.000253"/>
</iter>
<iter>
<kw name="Call Method" owner="BuiltIn">
<arg>${chrome_options}</arg>
<arg>add_argument</arg>
<arg>${arg}</arg>
<doc>Calls the named method of the given object with the provided arguments.</doc>
<status status="PASS" start="2026-01-14T11:42:55.055221" elapsed="0.000132"/>
</kw>
<var name="${arg}">--disable-setuid-sandbox</var>
<status status="PASS" start="2026-01-14T11:42:55.055149" elapsed="0.000250"/>
</iter>
<var>${arg}</var>
<value>@{args}</value>
<status status="PASS" start="2026-01-14T11:42:55.049445" elapsed="0.005993"/>
</for>
<kw name="Open Browser" owner="SeleniumLibrary">
<msg time="2026-01-14T11:42:55.055772" level="INFO">Opening browser 'CHROME' to base url 'https://trailquest.global/custom/quiz'.</msg>
<arg>${QUIZ_URL}</arg>
<arg>${BROWSER}</arg>
<arg>options=${chrome_options}</arg>
<doc>Opens a new browser instance to the optional ``url``.</doc>
<status status="PASS" start="2026-01-14T11:42:55.055556" elapsed="3.687168"/>
</kw>
<status status="PASS" start="2026-01-14T11:42:55.048538" elapsed="3.694959"/>
</kw>
<status status="PASS" start="2026-01-14T11:42:55.048271" elapsed="3.695590"/>
</kw>
<kw name="Click Quiz Button" owner="quiz_page">
<kw name="Wait Until Element Is Visible" owner="SeleniumLibrary">
<arg>${QUIZ_BUTTON}</arg>
<arg>timeout=10s</arg>
<doc>Waits until the element ``locator`` is visible.</doc>
<status status="PASS" start="2026-01-14T11:42:58.745083" elapsed="0.033767"/>
</kw>
<kw name="Click Button" owner="SeleniumLibrary">
<msg time="2026-01-14T11:42:58.779330" level="INFO">Clicking button '//button[normalize-space()='Begin The Quiz']'.</msg>
<arg>${QUIZ_BUTTON}</arg>
<doc>Clicks the button identified by ``locator``.</doc>
<status status="PASS" start="2026-01-14T11:42:58.779075" elapsed="0.728541"/>
</kw>
<status status="PASS" start="2026-01-14T11:42:58.744611" elapsed="0.763180"/>
</kw>
<kw name="loop until next button appears" owner="quiz_page">
<while condition="True">
<iter>
<kw name="Run Keyword And Return Status" owner="BuiltIn">
<kw name="Wait Until Page Contains Element" owner="SeleniumLibrary">
<msg time="2026-01-14T11:43:04.652668" level="INFO" html="true">&lt;/td&gt;&lt;/tr&gt;&lt;tr&gt;&lt;td colspan="3"&gt;&lt;a href="selenium-screenshot-393.png"&gt;&lt;img src="selenium-screenshot-393.png" width="800px"&gt;&lt;/a&gt;</msg>
<msg time="2026-01-14T11:43:04.652843" level="FAIL">Element '//button[normalize-space()='Next']' did not appear in 5 seconds.</msg>
<arg>${NEXT_BTN}</arg>
<doc>Waits until the element ``locator`` appears on the current page.</doc>
<status status="FAIL" start="2026-01-14T11:42:59.509933" elapsed="5.145191">Element '//button[normalize-space()='Next']' did not appear in 5 seconds.</status>
</kw>
<msg time="2026-01-14T11:43:04.655310" level="INFO">${button_appears} = False</msg>
<var>${button_appears}</var>
<arg>Wait Until Page Contains Element</arg>
<arg>${NEXT_BTN}</arg>
<doc>Runs the given keyword with given arguments and returns the status as a Boolean value.</doc>
<status status="PASS" start="2026-01-14T11:42:59.509597" elapsed="5.145745"/>
</kw>
<if>
<branch type="IF" condition="${button_appears}">
<kw name="Exit For Loop" owner="BuiltIn">
<doc>Stops executing the enclosing FOR loop.</doc>
<status status="NOT RUN" start="2026-01-14T11:43:04.655656" elapsed="0.000046"/>
</kw>
<status status="NOT RUN" start="2026-01-14T11:43:04.655455" elapsed="0.000328"/>
</branch>
<status status="PASS" start="2026-01-14T11:43:04.655427" elapsed="0.000428"/>
</if>
<kw name="Run Keyword And Return Status" owner="BuiltIn">
<kw name="Wait Until Element Is Visible" owner="SeleniumLibrary">
<arg>${OPTION_LABELS}</arg>
<doc>Waits until the element ``locator`` is visible.</doc>
<status status="PASS" start="2026-01-14T11:43:04.656216" elapsed="0.021710"/>
</kw>
<msg time="2026-01-14T11:43:04.678165" level="INFO">${has_option} = True</msg>
<var>${has_option}</var>
<arg>Wait Until Element Is Visible</arg>
<arg>${OPTION_LABELS}</arg>
<doc>Runs the given keyword with given arguments and returns the status as a Boolean value.</doc>
<status status="PASS" start="2026-01-14T11:43:04.656030" elapsed="0.022190"/>
</kw>
<if>
<branch type="IF" condition="${has_option}">
<kw name="Choose Option" owner="quiz_page">
<kw name="Wait Until Element Is Visible" owner="SeleniumLibrary">
<arg>${OPTION_LABELS}</arg>
<arg>timeout=10s</arg>
<doc>Waits until the element ``locator`` is visible.</doc>
<status status="PASS" start="2026-01-14T11:43:04.678799" elapsed="0.016444"/>
</kw>
<kw name="Get WebElements" owner="SeleniumLibrary">
<msg time="2026-01-14T11:43:04.703357" level="INFO">${options} = [&lt;selenium.webdriver.remote.webelement.WebElement (session="8524be7d45a0d5df6a2da6cb0711c406", element="f.FA80A6C883A2F9F3652BF5F5063BE48F.d.315F651C1A4ACCC39B540EEB03D6EFBD.e.18")&gt;, &lt;selenium.webdriv...</msg>
<var>${options}</var>
<arg>${OPTION_LABELS}</arg>
<doc>Returns a list of WebElement objects matching the ``locator``.</doc>
<status status="PASS" start="2026-01-14T11:43:04.695420" elapsed="0.007985"/>
</kw>
<kw name="Click Element" owner="SeleniumLibrary">
<msg time="2026-01-14T11:43:04.703782" level="INFO">Clicking element '&lt;selenium.webdriver.remote.webelement.WebElement (session="8524be7d45a0d5df6a2da6cb0711c406", element="f.FA80A6C883A2F9F3652BF5F5063BE48F.d.315F651C1A4ACCC39B540EEB03D6EFBD.e.18")&gt;'.</msg>
<arg>${options}[0]</arg>
<doc>Click the element identified by ``locator``.</doc>
<status status="PASS" start="2026-01-14T11:43:04.703567" elapsed="0.066714"/>
</kw>
<status status="PASS" start="2026-01-14T11:43:04.678579" elapsed="0.091926"/>
</kw>
<status status="PASS" start="2026-01-14T11:43:04.678387" elapsed="0.092179"/>
</branch>
<status status="PASS" start="2026-01-14T11:43:04.678362" elapsed="0.092265"/>
</if>
<status status="PASS" start="2026-01-14T11:42:59.509029" elapsed="5.261633"/>
</iter>
<iter>
<kw name="Run Keyword And Return Status" owner="BuiltIn">
<kw name="Wait Until Page Contains Element" owner="SeleniumLibrary">
<msg time="2026-01-14T11:43:09.918482" level="INFO" html="true">&lt;/td&gt;&lt;/tr&gt;&lt;tr&gt;&lt;td colspan="3"&gt;&lt;a href="selenium-screenshot-394.png"&gt;&lt;img src="selenium-screenshot-394.png" width="800px"&gt;&lt;/a&gt;</msg>
<msg time="2026-01-14T11:43:09.918638" level="FAIL">Element '//button[normalize-space()='Next']' did not appear in 5 seconds.</msg>
<arg>${NEXT_BTN}</arg>
<doc>Waits until the element ``locator`` appears on the current page.</doc>
<status status="FAIL" start="2026-01-14T11:43:04.771238" elapsed="5.148439">Element '//button[normalize-space()='Next']' did not appear in 5 seconds.</status>
</kw>
<msg time="2026-01-14T11:43:09.920130" level="INFO">${button_appears} = False</msg>
<var>${button_appears}</var>
<arg>Wait Until Page Contains Element</arg>
<arg>${NEXT_BTN}</arg>
<doc>Runs the given keyword with given arguments and returns the status as a Boolean value.</doc>
<status status="PASS" start="2026-01-14T11:43:04.771046" elapsed="5.149159"/>
</kw>
<if>
<branch type="IF" condition="${button_appears}">
<kw name="Exit For Loop" owner="BuiltIn">
<doc>Stops executing the enclosing FOR loop.</doc>
<status status="NOT RUN" start="2026-01-14T11:43:09.920590" elapsed="0.000057"/>
</kw>
<status status="NOT RUN" start="2026-01-14T11:43:09.920366" elapsed="0.000332"/>
</branch>
<status status="PASS" start="2026-01-14T11:43:09.920331" elapsed="0.000415"/>
</if>
<kw name="Run Keyword And Return Status" owner="BuiltIn">
<kw name="Wait Until Element Is Visible" owner="SeleniumLibrary">
<arg>${OPTION_LABELS}</arg>
<doc>Waits until the element ``locator`` is visible.</doc>
<status status="PASS" start="2026-01-14T11:43:09.921029" elapsed="0.017991"/>
</kw>
<msg time="2026-01-14T11:43:09.939163" level="INFO">${has_option} = True</msg>
<var>${has_option}</var>
<arg>Wait Until Element Is Visible</arg>
<arg>${OPTION_LABELS}</arg>
<doc>Runs the given keyword with given arguments and returns the status as a Boolean value.</doc>
<status status="PASS" start="2026-01-14T11:43:09.920854" elapsed="0.018340"/>
</kw>
<if>
<branch type="IF" condition="${has_option}">
<kw name="Choose Option" owner="quiz_page">
<kw name="Wait Until Element Is Visible" owner="SeleniumLibrary">
<arg>${OPTION_LABELS}</arg>
<arg>timeout=10s</arg>
<doc>Waits until the element ``locator`` is visible.</doc>
<status status="PASS" start="2026-01-14T11:43:09.939722" elapsed="0.017230"/>
</kw>
<kw name="Get WebElements" owner="SeleniumLibrary">
<msg time="2026-01-14T11:43:09.965559" level="INFO">${options} = [&lt;selenium.webdriver.remote.webelement.WebElement (session="8524be7d45a0d5df6a2da6cb0711c406", element="f.FA80A6C883A2F9F3652BF5F5063BE48F.d.315F651C1A4ACCC39B540EEB03D6EFBD.e.22")&gt;, &lt;selenium.webdriv...</msg>
<var>${options}</var>
<arg>${OPTION_LABELS}</arg>
<doc>Returns a list of WebElement objects matching the ``locator``.</doc>
<status status="PASS" start="2026-01-14T11:43:09.957131" elapsed="0.008473"/>
</kw>
<kw name="Click Element" owner="SeleniumLibrary">
<msg time="2026-01-14T11:43:09.965948" level="INFO">Clicking element '&lt;selenium.webdriver.remote.webelement.WebElement (session="8524be7d45a0d5df6a2da6cb0711c406", element="f.FA80A6C883A2F9F3652BF5F5063BE48F.d.315F651C1A4ACCC39B540EEB03D6EFBD.e.22")&gt;'.</msg>
<arg>${options}[0]</arg>
<doc>Click the element identified by ``locator``.</doc>
<status status="PASS" start="2026-01-14T11:43:09.965751" elapsed="0.059687"/>
</kw>
<status status="PASS" start="2026-01-14T11:43:09.939497" elapsed="0.086101"/>
</kw>
<status status="PASS" start="2026-01-14T11:43:09.939298" elapsed="0.086370"/>
</branch>
<status status="PASS" start="2026-01-14T11:43:09.939273" elapsed="0.086470"/>
</if>
<status status="PASS" start="2026-01-14T11:43:04.770716" elapsed="5.255075"/>
</iter>
<iter>
<kw name="Run Keyword And Return Status" owner="BuiltIn">
<kw name="Wait Until Page Contains Element" owner="SeleniumLibrary">
<msg time="2026-01-14T11:43:15.203500" level="INFO" html="true">&lt;/td&gt;&lt;/tr&gt;&lt;tr&gt;&lt;td colspan="3"&gt;&lt;a href="selenium-screenshot-395.png"&gt;&lt;img src="selenium-screenshot-395.png" width="800px"&gt;&lt;/a&gt;</msg>
<msg time="2026-01-14T11:43:15.203631" level="FAIL">Element '//button[normalize-space()='Next']' did not appear in 5 seconds.</msg>
<arg>${NEXT_BTN}</arg>
<doc>Waits until the element ``locator`` appears on the current page.</doc>
<status status="FAIL" start="2026-01-14T11:43:10.026503" elapsed="5.178363">Element '//button[normalize-space()='Next']' did not appear in 5 seconds.</status>
</kw>
<msg time="2026-01-14T11:43:15.205252" level="INFO">${button_appears} = False</msg>
<var>${button_appears}</var>
<arg>Wait Until Page Contains Element</arg>
<arg>${NEXT_BTN}</arg>
<doc>Runs the given keyword with given arguments and returns the status as a Boolean value.</doc>
<status status="PASS" start="2026-01-14T11:43:10.026255" elapsed="5.179044"/>
</kw>
<if>
<branch type="IF" condition="${button_appears}">
<kw name="Exit For Loop" owner="BuiltIn">
<doc>Stops executing the enclosing FOR loop.</doc>
<status status="NOT RUN" start="2026-01-14T11:43:15.205661" elapsed="0.000041"/>
</kw>
<status status="NOT RUN" start="2026-01-14T11:43:15.205446" elapsed="0.000325"/>
</branch>
<status status="PASS" start="2026-01-14T11:43:15.205413" elapsed="0.000405"/>
</if>
<kw name="Run Keyword And Return Status" owner="BuiltIn">
<kw name="Wait Until Element Is Visible" owner="SeleniumLibrary">
<arg>${OPTION_LABELS}</arg>
<doc>Waits until the element ``locator`` is visible.</doc>
<status status="PASS" start="2026-01-14T11:43:15.206097" elapsed="0.017739"/>
</kw>
<msg time="2026-01-14T11:43:15.223998" level="INFO">${has_option} = True</msg>
<var>${has_option}</var>
<arg>Wait Until Element Is Visible</arg>
<arg>${OPTION_LABELS}</arg>
<doc>Runs the given keyword with given arguments and returns the status as a Boolean value.</doc>
<status status="PASS" start="2026-01-14T11:43:15.205923" elapsed="0.018112"/>
</kw>
<if>
<branch type="IF" condition="${has_option}">
<kw name="Choose Option" owner="quiz_page">
<kw name="Wait Until Element Is Visible" owner="SeleniumLibrary">
<arg>${OPTION_LABELS}</arg>
<arg>timeout=10s</arg>
<doc>Waits until the element ``locator`` is visible.</doc>
<status status="PASS" start="2026-01-14T11:43:15.224626" elapsed="0.016750"/>
</kw>
<kw name="Get WebElements" owner="SeleniumLibrary">
<msg time="2026-01-14T11:43:15.249806" level="INFO">${options} = [&lt;selenium.webdriver.remote.webelement.WebElement (session="8524be7d45a0d5df6a2da6cb0711c406", element="f.FA80A6C883A2F9F3652BF5F5063BE48F.d.315F651C1A4ACCC39B540EEB03D6EFBD.e.26")&gt;, &lt;selenium.webdriv...</msg>
<var>${options}</var>
<arg>${OPTION_LABELS}</arg>
<doc>Returns a list of WebElement objects matching the ``locator``.</doc>
<status status="PASS" start="2026-01-14T11:43:15.241540" elapsed="0.008311"/>
</kw>
<kw name="Click Element" owner="SeleniumLibrary">
<msg time="2026-01-14T11:43:15.250197" level="INFO">Clicking element '&lt;selenium.webdriver.remote.webelement.WebElement (session="8524be7d45a0d5df6a2da6cb0711c406", element="f.FA80A6C883A2F9F3652BF5F5063BE48F.d.315F651C1A4ACCC39B540EEB03D6EFBD.e.26")&gt;'.</msg>
<arg>${options}[0]</arg>
<doc>Click the element identified by ``locator``.</doc>
<status status="PASS" start="2026-01-14T11:43:15.249997" elapsed="0.057013"/>
</kw>
<status status="PASS" start="2026-01-14T11:43:15.224393" elapsed="0.082751"/>
</kw>
<status status="PASS" start="2026-01-14T11:43:15.224150" elapsed="0.083057"/>
</branch>
<status status="PASS" start="2026-01-14T11:43:15.224123" elapsed="0.083149"/>
</if>
<status status="PASS" start="2026-01-14T11:43:10.025863" elapsed="5.281456"/>
</iter>
<iter>
<kw name="Run Keyword And Return Status" owner="BuiltIn">
<kw name="Wait Until Page Contains Element" owner="SeleniumLibrary">
<msg time="2026-01-14T11:43:20.461495" level="INFO" html="true">&lt;/td&gt;&lt;/tr&gt;&lt;tr&gt;&lt;td colspan="3"&gt;&lt;a href="selenium-screenshot-396.png"&gt;&lt;img src="selenium-screenshot-396.png" width="800px"&gt;&lt;/a&gt;</msg>
<msg time="2026-01-14T11:43:20.461692" level="FAIL">Element '//button[normalize-space()='Next']' did not appear in 5 seconds.</msg>
<arg>${NEXT_BTN}</arg>
<doc>Waits until the element ``locator`` appears on the current page.</doc>
<status status="FAIL" start="2026-01-14T11:43:15.308077" elapsed="5.155548">Element '//button[normalize-space()='Next']' did not appear in 5 seconds.</status>
</kw>
<msg time="2026-01-14T11:43:20.463912" level="INFO">${button_appears} = False</msg>
<var>${button_appears}</var>
<arg>Wait Until Page Contains Element</arg>
<arg>${NEXT_BTN}</arg>
<doc>Runs the given keyword with given arguments and returns the status as a Boolean value.</doc>
<status status="PASS" start="2026-01-14T11:43:15.307831" elapsed="5.156349"/>
</kw>
<if>
<branch type="IF" condition="${button_appears}">
<kw name="Exit For Loop" owner="BuiltIn">
<doc>Stops executing the enclosing FOR loop.</doc>
<status status="NOT RUN" start="2026-01-14T11:43:20.464793" elapsed="0.000073"/>
</kw>
<status status="NOT RUN" start="2026-01-14T11:43:20.464434" elapsed="0.000542"/>
</branch>
<status status="PASS" start="2026-01-14T11:43:20.464382" elapsed="0.000694"/>
</if>
<kw name="Run Keyword And Return Status" owner="BuiltIn">
<kw name="Wait Until Element Is Visible" owner="SeleniumLibrary">
<arg>${OPTION_LABELS}</arg>
<doc>Waits until the element ``locator`` is visible.</doc>
<status status="PASS" start="2026-01-14T11:43:20.465518" elapsed="0.023016"/>
</kw>
<msg time="2026-01-14T11:43:20.488704" level="INFO">${has_option} = True</msg>
<var>${has_option}</var>
<arg>Wait Until Element Is Visible</arg>
<arg>${OPTION_LABELS}</arg>
<doc>Runs the given keyword with given arguments and returns the status as a Boolean value.</doc>
<status status="PASS" start="2026-01-14T11:43:20.465287" elapsed="0.023454"/>
</kw>
<if>
<branch type="IF" condition="${has_option}">
<kw name="Choose Option" owner="quiz_page">
<kw name="Wait Until Element Is Visible" owner="SeleniumLibrary">
<arg>${OPTION_LABELS}</arg>
<arg>timeout=10s</arg>
<doc>Waits until the element ``locator`` is visible.</doc>
<status status="PASS" start="2026-01-14T11:43:20.489361" elapsed="0.021890"/>
</kw>
<kw name="Get WebElements" owner="SeleniumLibrary">
<msg time="2026-01-14T11:43:20.522044" level="INFO">${options} = [&lt;selenium.webdriver.remote.webelement.WebElement (session="8524be7d45a0d5df6a2da6cb0711c406", element="f.FA80A6C883A2F9F3652BF5F5063BE48F.d.315F651C1A4ACCC39B540EEB03D6EFBD.e.35")&gt;, &lt;selenium.webdriv...</msg>
<var>${options}</var>
<arg>${OPTION_LABELS}</arg>
<doc>Returns a list of WebElement objects matching the ``locator``.</doc>
<status status="PASS" start="2026-01-14T11:43:20.511458" elapsed="0.010633"/>
</kw>
<kw name="Click Element" owner="SeleniumLibrary">
<msg time="2026-01-14T11:43:20.522462" level="INFO">Clicking element '&lt;selenium.webdriver.remote.webelement.WebElement (session="8524be7d45a0d5df6a2da6cb0711c406", element="f.FA80A6C883A2F9F3652BF5F5063BE48F.d.315F651C1A4ACCC39B540EEB03D6EFBD.e.35")&gt;'.</msg>
<arg>${options}[0]</arg>
<doc>Click the element identified by ``locator``.</doc>
<status status="PASS" start="2026-01-14T11:43:20.522250" elapsed="0.078900"/>
</kw>
<status status="PASS" start="2026-01-14T11:43:20.489078" elapsed="0.112215"/>
</kw>
<status status="PASS" start="2026-01-14T11:43:20.488859" elapsed="0.112496"/>
</branch>
<status status="PASS" start="2026-01-14T11:43:20.488832" elapsed="0.112589"/>
</if>
<status status="PASS" start="2026-01-14T11:43:15.307371" elapsed="5.294091"/>
</iter>
<iter>
<kw name="Run Keyword And Return Status" owner="BuiltIn">
<kw name="Wait Until Page Contains Element" owner="SeleniumLibrary">
<msg time="2026-01-14T11:43:22.912202" level="WARN">Keyword 'Capture Page Screenshot' could not be run on failure: Message: invalid session id; For documentation on this error, please visit: https://www.selenium.dev/documentation/webdriver/troubleshooting/errors#invalidsessionidexception
Stacktrace:
Symbols not available. Dumping unresolved backtrace:
	0x7ff618d088d5
	0x7ff618d08930
	0x7ff618ae1465
	0x7ff618b29d83
	0x7ff618b61ee2
	0x7ff618b5c500
	0x7ff618b5b6f0
	0x7ff618aab325
	0x7ff619020620
	0x7ff61901af60
	0x7ff6190396c6
	0x7ff618d25dd4
	0x7ff618d2ed7c
	0x7ff618aa9cb8
	0x7ff61917efe8
	0x7ffee9d0e8d7
	0x7ffeea3ec53c
</msg>
<msg time="2026-01-14T11:43:22.912757" level="FAIL">InvalidSessionIdException: Message: invalid session id: session deleted as the browser has closed the connection
from disconnected: not connected to DevTools
  (Session info: chrome=143.0.7499.193); For documentation on this error, please visit: https://www.selenium.dev/documentation/webdriver/troubleshooting/errors#invalidsessionidexception
Stacktrace:
Symbols not available. Dumping unresolved backtrace:
	0x7ff618d088d5
	0x7ff618d08930
	0x7ff618ae165d
	0x7ff618acd202
	0x7ff618af27af
	0x7ff618b69a29
	0x7ff618b8a5c2
	0x7ff618b2ac29
	0x7ff618b2ba93
	0x7ff619020620
	0x7ff61901af60
	0x7ff6190396c6
	0x7ff618d25dd4
	0x7ff618d2ed7c
	0x7ff618d11ff4
	0x7ff618d121a5
	0x7ff618cf7ed2
	0x7ffee9d0e8d7
	0x7ffeea3ec53c
</msg>
<arg>${NEXT_BTN}</arg>
<doc>Waits until the element ``locator`` appears on the current page.</doc>
<status status="FAIL" start="2026-01-14T11:43:20.602083" elapsed="2.314278">InvalidSessionIdException: Message: invalid session id: session deleted as the browser has closed the connection
from disconnected: not connected to DevTools
  (Session info: chrome=143.0.7499.193); For documentation on this error, please visit: https://www.selenium.dev/documentation/webdriver/troubleshooting/errors#invalidsessionidexception
Stacktrace:
Symbols not available. Dumping unresolved backtrace:
	0x7ff618d088d5
	0x7ff618d08930
	0x7ff618ae165d
	0x7ff618acd202
	0x7ff618af27af
	0x7ff618b69a29
	0x7ff618b8a5c2
	0x7ff618b2ac29
	0x7ff618b2ba93
	0x7ff619020620
	0x7ff61901af60
	0x7ff6190396c6
	0x7ff618d25dd4
	0x7ff618d2ed7c
	0x7ff618d11ff4
	0x7ff618d121a5
	0x7ff618cf7ed2
	0x7ffee9d0e8d7
	0x7ffeea3ec53c
</status>
</kw>
<msg time="2026-01-14T11:43:22.916526" level="INFO">${button_appears} = False</msg>
<var>${button_appears}</var>
<arg>Wait Until Page Contains Element</arg>
<arg>${NEXT_BTN}</arg>
<doc>Runs the given keyword with given arguments and returns the status as a Boolean value.</doc>
<status status="PASS" start="2026-01-14T11:43:20.601872" elapsed="2.314686"/>
</kw>
<if>
<branch type="IF" condition="${button_appears}">
<kw name="Exit For Loop" owner="BuiltIn">
<doc>Stops executing the enclosing FOR loop.</doc>
<status status="NOT RUN" start="2026-01-14T11:43:22.916829" elapsed="0.000030"/>
</kw>
<status status="NOT RUN" start="2026-01-14T11:43:22.916662" elapsed="0.000235"/>
</branch>
<status status="PASS" start="2026-01-14T11:43:22.916637" elapsed="0.000299"/>
</if>
<kw name="Run Keyword And Return Status" owner="BuiltIn">
<kw name="Wait Until Element Is Visible" owner="SeleniumLibrary">
<msg time="2026-01-14T11:43:22.926710" level="WARN">Keyword 'Capture Page Screenshot' could not be run on failure: Message: invalid session id; For documentation on this error, please visit: https://www.selenium.dev/documentation/webdriver/troubleshooting/errors#invalidsessionidexception
Stacktrace:
Symbols not available. Dumping unresolved backtrace:
	0x7ff618d088d5
	0x7ff618d08930
	0x7ff618ae1465
	0x7ff618b29d83
	0x7ff618b61ee2
	0x7ff618b5c500
	0x7ff618b5b6f0
	0x7ff618aab325
	0x7ff619020620
	0x7ff61901af60
	0x7ff6190396c6
	0x7ff618d25dd4
	0x7ff618d2ed7c
	0x7ff618aa9cb8
	0x7ff61917efe8
	0x7ffee9d0e8d7
	0x7ffeea3ec53c
</msg>
<msg time="2026-01-14T11:43:22.927674" level="FAIL">InvalidSessionIdException: Message: invalid session id; For documentation on this error, please visit: https://www.selenium.dev/documentation/webdriver/troubleshooting/errors#invalidsessionidexception
Stacktrace:
Symbols not available. Dumping unresolved backtrace:
	0x7ff618d088d5
	0x7ff618d08930
	0x7ff618ae1465
	0x7ff618b29d83
	0x7ff618b61ee2
	0x7ff618b5c500
	0x7ff618b5b6f0
	0x7ff618aab325
	0x7ff619020620
	0x7ff61901af60
	0x7ff6190396c6
	0x7ff618d25dd4
	0x7ff618d2ed7c
	0x7ff618aa9cb8
	0x7ff61917efe8
	0x7ffee9d0e8d7
	0x7ffeea3ec53c
</msg>
<arg>${OPTION_LABELS}</arg>
<doc>Waits until the element ``locator`` is visible.</doc>
<status status="FAIL" start="2026-01-14T11:43:22.917168" elapsed="0.016333">InvalidSessionIdException: Message: invalid session id; For documentation on this error, please visit: https://www.selenium.dev/documentation/webdriver/troubleshooting/errors#invalidsessionidexception
Stacktrace:
Symbols not available. Dumping unresolved backtrace:
	0x7ff618d088d5
	0x7ff618d08930
	0x7ff618ae1465
	0x7ff618b29d83
	0x7ff618b61ee2
	0x7ff618b5c500
	0x7ff618b5b6f0
	0x7ff618aab325
	0x7ff619020620
	0x7ff61901af60
	0x7ff6190396c6
	0x7ff618d25dd4
	0x7ff618d2ed7c
	0x7ff618aa9cb8
	0x7ff61917efe8
	0x7ffee9d0e8d7
	0x7ffeea3ec53c
</status>
</kw>
<msg time="2026-01-14T11:43:22.934058" level="INFO">${has_option} = False</msg>
<var>${has_option}</var>
<arg>Wait Until Element Is Visible</arg>
<arg>${OPTION_LABELS}</arg>
<doc>Runs the given keyword with given arguments and returns the status as a Boolean value.</doc>
<status status="PASS" start="2026-01-14T11:43:22.917024" elapsed="0.017118"/>
</kw>
<if>
<branch type="IF" condition="${has_option}">
<kw name="Choose Option" owner="quiz_page">
<status status="NOT RUN" start="2026-01-14T11:43:22.934921" elapsed="0.000078"/>
</kw>
<status status="NOT RUN" start="2026-01-14T11:43:22.934435" elapsed="0.000646"/>
</branch>
<status status="PASS" start="2026-01-14T11:43:22.934367" elapsed="0.000801"/>
</if>
<status status="PASS" start="2026-01-14T11:43:20.601513" elapsed="2.333730"/>
</iter>
<iter>
<kw name="Run Keyword And Return Status" owner="BuiltIn">
<kw name="Wait Until Page Contains Element" owner="SeleniumLibrary">
<msg time="2026-01-14T11:43:22.950557" level="WARN">Keyword 'Capture Page Screenshot' could not be run on failure: Message: invalid session id; For documentation on this error, please visit: https://www.selenium.dev/documentation/webdriver/troubleshooting/errors#invalidsessionidexception
Stacktrace:
Symbols not available. Dumping unresolved backtrace:
	0x7ff618d088d5
	0x7ff618d08930
	0x7ff618ae1465
	0x7ff618b29d83
	0x7ff618b61ee2
	0x7ff618b5c500
	0x7ff618b5b6f0
	0x7ff618aab325
	0x7ff619020620
	0x7ff61901af60
	0x7ff6190396c6
	0x7ff618d25dd4
	0x7ff618d2ed7c
	0x7ff618aa9cb8
	0x7ff61917efe8
	0x7ffee9d0e8d7
	0x7ffeea3ec53c
</msg>
<msg time="2026-01-14T11:43:22.951203" level="FAIL">InvalidSessionIdException: Message: invalid session id; For documentation on this error, please visit: https://www.selenium.dev/documentation/webdriver/troubleshooting/errors#invalidsessionidexception
Stacktrace:
Symbols not available. Dumping unresolved backtrace:
	0x7ff618d088d5
	0x7ff618d08930
	0x7ff618ae1465
	0x7ff618b29d83
	0x7ff618b61ee2
	0x7ff618b5c500
	0x7ff618b5b6f0
	0x7ff618aab325
	0x7ff619020620
	0x7ff61901af60
	0x7ff6190396c6
	0x7ff618d25dd4
	0x7ff618d2ed7c
	0x7ff618aa9cb8
	0x7ff61917efe8
	0x7ffee9d0e8d7
	0x7ffeea3ec53c
</msg>
<arg>${NEXT_BTN}</arg>
<doc>Waits until the element ``locator`` appears on the current page.</doc>
<status status="FAIL" start="2026-01-14T11:43:22.936319" elapsed="0.017615">InvalidSessionIdException: Message: invalid session id; For documentation on this error, please visit: https://www.selenium.dev/documentation/webdriver/troubleshooting/errors#invalidsessionidexception
Stacktrace:
Symbols not available. Dumping unresolved backtrace:
	0x7ff618d088d5
	0x7ff618d08930
	0x7ff618ae1465
	0x7ff618b29d83
	0x7ff618b61ee2
	0x7ff618b5c500
	0x7ff618b5b6f0
	0x7ff618aab325
	0x7ff619020620
	0x7ff61901af60
	0x7ff6190396c6
	0x7ff618d25dd4
	0x7ff618d2ed7c
	0x7ff618aa9cb8
	0x7ff61917efe8
	0x7ffee9d0e8d7
	0x7ffeea3ec53c
</status>
</kw>
<msg time="2026-01-14T11:43:22.954179" level="INFO">${button_appears} = False</msg>
<var>${button_appears}</var>
<arg>Wait Until Page Contains Element</arg>
<arg>${NEXT_BTN}</arg>
<doc>Runs the given keyword with given arguments and returns the status as a Boolean value.</doc>
<status status="PASS" start="2026-01-14T11:43:22.935948" elapsed="0.018282"/>
</kw>
<if>
<branch type="IF" condition="${button_appears}">
<kw name="Exit For Loop" owner="BuiltIn">
<doc>Stops executing the enclosing FOR loop.</doc>
<status status="NOT RUN" start="2026-01-14T11:43:22.954579" elapsed="0.000038"/>
</kw>
<status status="NOT RUN" start="2026-01-14T11:43:22.954385" elapsed="0.000298"/>
</branch>
<status status="PASS" start="2026-01-14T11:43:22.954354" elapsed="0.000383"/>
</if>
<kw name="Run Keyword And Return Status" owner="BuiltIn">
<kw name="Wait Until Element Is Visible" owner="SeleniumLibrary">
<msg time="2026-01-14T11:43:22.967252" level="WARN">Keyword 'Capture Page Screenshot' could not be run on failure: Message: invalid session id; For documentation on this error, please visit: https://www.selenium.dev/documentation/webdriver/troubleshooting/errors#invalidsessionidexception
Stacktrace:
Symbols not available. Dumping unresolved backtrace:
	0x7ff618d088d5
	0x7ff618d08930
	0x7ff618ae1465
	0x7ff618b29d83
	0x7ff618b61ee2
	0x7ff618b5c500
	0x7ff618b5b6f0
	0x7ff618aab325
	0x7ff619020620
	0x7ff61901af60
	0x7ff6190396c6
	0x7ff618d25dd4
	0x7ff618d2ed7c
	0x7ff618aa9cb8
	0x7ff61917efe8
	0x7ffee9d0e8d7
	0x7ffeea3ec53c
</msg>
<msg time="2026-01-14T11:43:22.967932" level="FAIL">InvalidSessionIdException: Message: invalid session id; For documentation on this error, please visit: https://www.selenium.dev/documentation/webdriver/troubleshooting/errors#invalidsessionidexception
Stacktrace:
Symbols not available. Dumping unresolved backtrace:
	0x7ff618d088d5
	0x7ff618d08930
	0x7ff618ae1465
	0x7ff618b29d83
	0x7ff618b61ee2
	0x7ff618b5c500
	0x7ff618b5b6f0
	0x7ff618aab325
	0x7ff619020620
	0x7ff61901af60
	0x7ff6190396c6
	0x7ff618d25dd4
	0x7ff618d2ed7c
	0x7ff618aa9cb8
	0x7ff61917efe8
	0x7ffee9d0e8d7
	0x7ffeea3ec53c
</msg>
<arg>${OPTION_LABELS}</arg>
<doc>Waits until the element ``locator`` is visible.</doc>
<status status="FAIL" start="2026-01-14T11:43:22.955110" elapsed="0.015612">InvalidSessionIdException: Message: invalid session id; For documentation on this error, please visit: https://www.selenium.dev/documentation/webdriver/troubleshooting/errors#invalidsessionidexception
Stacktrace:
Symbols not available. Dumping unresolved backtrace:
	0x7ff618d088d5
	0x7ff618d08930
	0x7ff618ae1465
	0x7ff618b29d83
	0x7ff618b61ee2
	0x7ff618b5c500
	0x7ff618b5b6f0
	0x7ff618aab325
	0x7ff619020620
	0x7ff61901af60
	0x7ff6190396c6
	0x7ff618d25dd4
	0x7ff618d2ed7c
	0x7ff618aa9cb8
	0x7ff61917efe8
	0x7ffee9d0e8d7
	0x7ffeea3ec53c
</status>
</kw>
<msg time="2026-01-14T11:43:22.970899" level="INFO">${has_option} = False</msg>
<var>${has_option}</var>
<arg>Wait Until Element Is Visible</arg>
<arg>${OPTION_LABELS}</arg>
<doc>Runs the given keyword with given arguments and returns the status as a Boolean value.</doc>
<status status="PASS" start="2026-01-14T11:43:22.954907" elapsed="0.016028"/>
</kw>
<if>
<branch type="IF" condition="${has_option}">
<kw name="Choose Option" owner="quiz_page">
<status status="NOT RUN" start="2026-01-14T11:43:22.971280" elapsed="0.000042"/>
</kw>
<status status="NOT RUN" start="2026-01-14T11:43:22.971054" elapsed="0.000311"/>
</branch>
<status status="PASS" start="2026-01-14T11:43:22.971026" elapsed="0.000384"/>
</if>
<status status="PASS" start="2026-01-14T11:43:22.935316" elapsed="0.036124"/>
</iter>
<iter>
<kw name="Run Keyword And Return Status" owner="BuiltIn">
<kw name="Wait Until Page Contains Element" owner="SeleniumLibrary">
<msg time="2026-01-14T11:43:22.986101" level="WARN">Keyword 'Capture Page Screenshot' could not be run on failure: Message: invalid session id; For documentation on this error, please visit: https://www.selenium.dev/documentation/webdriver/troubleshooting/errors#invalidsessionidexception
Stacktrace:
Symbols not available. Dumping unresolved backtrace:
	0x7ff618d088d5
	0x7ff618d08930
	0x7ff618ae1465
	0x7ff618b29d83
	0x7ff618b61ee2
	0x7ff618b5c500
	0x7ff618b5b6f0
	0x7ff618aab325
	0x7ff619020620
	0x7ff61901af60
	0x7ff6190396c6
	0x7ff618d25dd4
	0x7ff618d2ed7c
	0x7ff618aa9cb8
	0x7ff61917efe8
	0x7ffee9d0e8d7
	0x7ffeea3ec53c
</msg>
<msg time="2026-01-14T11:43:22.986836" level="FAIL">InvalidSessionIdException: Message: invalid session id; For documentation on this error, please visit: https://www.selenium.dev/documentation/webdriver/troubleshooting/errors#invalidsessionidexception
Stacktrace:
Symbols not available. Dumping unresolved backtrace:
	0x7ff618d088d5
	0x7ff618d08930
	0x7ff618ae1465
	0x7ff618b29d83
	0x7ff618b61ee2
	0x7ff618b5c500
	0x7ff618b5b6f0
	0x7ff618aab325
	0x7ff619020620
	0x7ff61901af60
	0x7ff6190396c6
	0x7ff618d25dd4
	0x7ff618d2ed7c
	0x7ff618aa9cb8
	0x7ff61917efe8
	0x7ffee9d0e8d7
	0x7ffeea3ec53c
</msg>
<arg>${NEXT_BTN}</arg>
<doc>Waits until the element ``locator`` appears on the current page.</doc>
<status status="FAIL" start="2026-01-14T11:43:22.972511" elapsed="0.019727">InvalidSessionIdException: Message: invalid session id; For documentation on this error, please visit: https://www.selenium.dev/documentation/webdriver/troubleshooting/errors#invalidsessionidexception
Stacktrace:
Symbols not available. Dumping unresolved backtrace:
	0x7ff618d088d5
	0x7ff618d08930
	0x7ff618ae1465
	0x7ff618b29d83
	0x7ff618b61ee2
	0x7ff618b5c500
	0x7ff618b5b6f0
	0x7ff618aab325
	0x7ff619020620
	0x7ff61901af60
	0x7ff6190396c6
	0x7ff618d25dd4
	0x7ff618d2ed7c
	0x7ff618aa9cb8
	0x7ff61917efe8
	0x7ffee9d0e8d7
	0x7ffeea3ec53c
</status>
</kw>
<msg time="2026-01-14T11:43:22.992750" level="INFO">${button_appears} = False</msg>
<var>${button_appears}</var>
<arg>Wait Until Page Contains Element</arg>
<arg>${NEXT_BTN}</arg>
<doc>Runs the given keyword with given arguments and returns the status as a Boolean value.</doc>
<status status="PASS" start="2026-01-14T11:43:22.972023" elapsed="0.020797"/>
</kw>
<if>
<branch type="IF" condition="${button_appears}">
<kw name="Exit For Loop" owner="BuiltIn">
<doc>Stops executing the enclosing FOR loop.</doc>
<status status="NOT RUN" start="2026-01-14T11:43:22.993675" elapsed="0.000215"/>
</kw>
<status status="NOT RUN" start="2026-01-14T11:43:22.993085" elapsed="0.000965"/>
</branch>
<status status="PASS" start="2026-01-14T11:43:22.993013" elapsed="0.001181"/>
</if>
<kw name="Run Keyword And Return Status" owner="BuiltIn">
<kw name="Wait Until Element Is Visible" owner="SeleniumLibrary">
<msg time="2026-01-14T11:43:23.009698" level="WARN">Keyword 'Capture Page Screenshot' could not be run on failure: Message: invalid session id; For documentation on this error, please visit: https://www.selenium.dev/documentation/webdriver/troubleshooting/errors#invalidsessionidexception
Stacktrace:
Symbols not available. Dumping unresolved backtrace:
	0x7ff618d088d5
	0x7ff618d08930
	0x7ff618ae1465
	0x7ff618b29d83
	0x7ff618b61ee2
	0x7ff618b5c500
	0x7ff618b5b6f0
	0x7ff618aab325
	0x7ff619020620
	0x7ff61901af60
	0x7ff6190396c6
	0x7ff618d25dd4
	0x7ff618d2ed7c
	0x7ff618aa9cb8
	0x7ff61917efe8
	0x7ffee9d0e8d7
	0x7ffeea3ec53c
</msg>
<msg time="2026-01-14T11:43:23.010773" level="FAIL">InvalidSessionIdException: Message: invalid session id; For documentation on this error, please visit: https://www.selenium.dev/documentation/webdriver/troubleshooting/errors#invalidsessionidexception
Stacktrace:
Symbols not available. Dumping unresolved backtrace:
	0x7ff618d088d5
	0x7ff618d08930
	0x7ff618ae1465
	0x7ff618b29d83
	0x7ff618b61ee2
	0x7ff618b5c500
	0x7ff618b5b6f0
	0x7ff618aab325
	0x7ff619020620
	0x7ff61901af60
	0x7ff6190396c6
	0x7ff618d25dd4
	0x7ff618d2ed7c
	0x7ff618aa9cb8
	0x7ff61917efe8
	0x7ffee9d0e8d7
	0x7ffeea3ec53c
</msg>
<arg>${OPTION_LABELS}</arg>
<doc>Waits until the element ``locator`` is visible.</doc>
<status status="FAIL" start="2026-01-14T11:43:22.995085" elapsed="0.021201">InvalidSessionIdException: Message: invalid session id; For documentation on this error, please visit: https://www.selenium.dev/documentation/webdriver/troubleshooting/errors#invalidsessionidexception
Stacktrace:
Symbols not available. Dumping unresolved backtrace:
	0x7ff618d088d5
	0x7ff618d08930
	0x7ff618ae1465
	0x7ff618b29d83
	0x7ff618b61ee2
	0x7ff618b5c500
	0x7ff618b5b6f0
	0x7ff618aab325
	0x7ff619020620
	0x7ff61901af60
	0x7ff6190396c6
	0x7ff618d25dd4
	0x7ff618d2ed7c
	0x7ff618aa9cb8
	0x7ff61917efe8
	0x7ffee9d0e8d7
	0x7ffeea3ec53c
</status>
</kw>
<msg time="2026-01-14T11:43:23.016668" level="INFO">${has_option} = False</msg>
<var>${has_option}</var>
<arg>Wait Until Element Is Visible</arg>
<arg>${OPTION_LABELS}</arg>
<doc>Runs the given keyword with given arguments and returns the status as a Boolean value.</doc>
<status status="PASS" start="2026-01-14T11:43:22.994535" elapsed="0.022271"/>
</kw>
<if>
<branch type="IF" condition="${has_option}">
<kw name="Choose Option" owner="quiz_page">
<status status="NOT RUN" start="2026-01-14T11:43:23.017509" elapsed="0.000089"/>
</kw>
<status status="NOT RUN" start="2026-01-14T11:43:23.017019" elapsed="0.000674"/>
</branch>
<status status="PASS" start="2026-01-14T11:43:23.016977" elapsed="0.000809"/>
</if>
<status status="PASS" start="2026-01-14T11:43:22.971478" elapsed="0.046347"/>
</iter>
<iter>
<kw name="Run Keyword And Return Status" owner="BuiltIn">
<kw name="Wait Until Page Contains Element" owner="SeleniumLibrary">
<msg time="2026-01-14T11:43:23.030889" level="WARN">Keyword 'Capture Page Screenshot' could not be run on failure: Message: invalid session id; For documentation on this error, please visit: https://www.selenium.dev/documentation/webdriver/troubleshooting/errors#invalidsessionidexception
Stacktrace:
Symbols not available. Dumping unresolved backtrace:
	0x7ff618d088d5
	0x7ff618d08930
	0x7ff618ae1465
	0x7ff618b29d83
	0x7ff618b61ee2
	0x7ff618b5c500
	0x7ff618b5b6f0
	0x7ff618aab325
	0x7ff619020620
	0x7ff61901af60
	0x7ff6190396c6
	0x7ff618d25dd4
	0x7ff618d2ed7c
	0x7ff618aa9cb8
	0x7ff61917efe8
	0x7ffee9d0e8d7
	0x7ffeea3ec53c
</msg>
<msg time="2026-01-14T11:43:23.031566" level="FAIL">InvalidSessionIdException: Message: invalid session id; For documentation on this error, please visit: https://www.selenium.dev/documentation/webdriver/troubleshooting/errors#invalidsessionidexception
Stacktrace:
Symbols not available. Dumping unresolved backtrace:
	0x7ff618d088d5
	0x7ff618d08930
	0x7ff618ae1465
	0x7ff618b29d83
	0x7ff618b61ee2
	0x7ff618b5c500
	0x7ff618b5b6f0
	0x7ff618aab325
	0x7ff619020620
	0x7ff61901af60
	0x7ff6190396c6
	0x7ff618d25dd4
	0x7ff618d2ed7c
	0x7ff618aa9cb8
	0x7ff61917efe8
	0x7ffee9d0e8d7
	0x7ffeea3ec53c
</msg>
<arg>${NEXT_BTN}</arg>
<doc>Waits until the element ``locator`` appears on the current page.</doc>
<status status="FAIL" start="2026-01-14T11:43:23.018412" elapsed="0.017850">InvalidSessionIdException: Message: invalid session id; For documentation on this error, please visit: https://www.selenium.dev/documentation/webdriver/troubleshooting/errors#invalidsessionidexception
Stacktrace:
Symbols not available. Dumping unresolved backtrace:
	0x7ff618d088d5
	0x7ff618d08930
	0x7ff618ae1465
	0x7ff618b29d83
	0x7ff618b61ee2
	0x7ff618b5c500
	0x7ff618b5b6f0
	0x7ff618aab325
	0x7ff619020620
	0x7ff61901af60
	0x7ff6190396c6
	0x7ff618d25dd4
	0x7ff618d2ed7c
	0x7ff618aa9cb8
	0x7ff61917efe8
	0x7ffee9d0e8d7
	0x7ffeea3ec53c
</status>
</kw>
<msg time="2026-01-14T11:43:23.036615" level="INFO">${button_appears} = False</msg>
<var>${button_appears}</var>
<arg>Wait Until Page Contains Element</arg>
<arg>${NEXT_BTN}</arg>
<doc>Runs the given keyword with given arguments and returns the status as a Boolean value.</doc>
<status status="PASS" start="2026-01-14T11:43:23.018178" elapsed="0.018503"/>
</kw>
<if>
<branch type="IF" condition="${button_appears}">
<kw name="Exit For Loop" owner="BuiltIn">
<doc>Stops executing the enclosing FOR loop.</doc>
<status status="NOT RUN" start="2026-01-14T11:43:23.037220" elapsed="0.000068"/>
</kw>
<status status="NOT RUN" start="2026-01-14T11:43:23.036891" elapsed="0.000502"/>
</branch>
<status status="PASS" start="2026-01-14T11:43:23.036844" elapsed="0.000631"/>
</if>
<kw name="Run Keyword And Return Status" owner="BuiltIn">
[...]
	0x7ff618d08930
	0x7ff618ae1465
	0x7ff618b29d83
	0x7ff618b61ee2
	0x7ff618b5c500
	0x7ff618b5b6f0
	0x7ff618aab325
	0x7ff619020620
	0x7ff61901af60
	0x7ff6190396c6
	0x7ff618d25dd4
	0x7ff618d2ed7c
	0x7ff618aa9cb8
	0x7ff61917efe8
	0x7ffee9d0e8d7
	0x7ffeea3ec53c
</msg>
<msg time="2026-01-14T11:43:23.143309" level="WARN">Keyword 'Capture Page Screenshot' could not be run on failure: Message: invalid session id; For documentation on this error, please visit: https://www.selenium.dev/documentation/webdriver/troubleshooting/errors#invalidsessionidexception
Stacktrace:
Symbols not available. Dumping unresolved backtrace:
	0x7ff618d088d5
	0x7ff618d08930
	0x7ff618ae1465
	0x7ff618b29d83
	0x7ff618b61ee2
	0x7ff618b5c500
	0x7ff618b5b6f0
	0x7ff618aab325
	0x7ff619020620
	0x7ff61901af60
	0x7ff6190396c6
	0x7ff618d25dd4
	0x7ff618d2ed7c
	0x7ff618aa9cb8
	0x7ff61917efe8
	0x7ffee9d0e8d7
	0x7ffeea3ec53c
</msg>
<msg time="2026-01-14T11:43:23.161553" level="WARN">Keyword 'Capture Page Screenshot' could not be run on failure: Message: invalid session id; For documentation on this error, please visit: https://www.selenium.dev/documentation/webdriver/troubleshooting/errors#invalidsessionidexception
Stacktrace:
Symbols not available. Dumping unresolved backtrace:
	0x7ff618d088d5
	0x7ff618d08930
	0x7ff618ae1465
	0x7ff618b29d83
	0x7ff618b61ee2
	0x7ff618b5c500
	0x7ff618b5b6f0
	0x7ff618aab325
	0x7ff619020620
	0x7ff61901af60
	0x7ff6190396c6
	0x7ff618d25dd4
	0x7ff618d2ed7c
	0x7ff618aa9cb8
	0x7ff61917efe8
	0x7ffee9d0e8d7
	0x7ffeea3ec53c
</msg>
<msg time="2026-01-14T11:43:23.177176" level="WARN">Keyword 'Capture Page Screenshot' could not be run on failure: Message: invalid session id; For documentation on this error, please visit: https://www.selenium.dev/documentation/webdriver/troubleshooting/errors#invalidsessionidexception
Stacktrace:
Symbols not available. Dumping unresolved backtrace:
	0x7ff618d088d5
	0x7ff618d08930
	0x7ff618ae1465
	0x7ff618b29d83
	0x7ff618b61ee2
	0x7ff618b5c500
	0x7ff618b5b6f0
	0x7ff618aab325
	0x7ff619020620
	0x7ff61901af60
	0x7ff6190396c6
	0x7ff618d25dd4
	0x7ff618d2ed7c
	0x7ff618aa9cb8
	0x7ff61917efe8
	0x7ffee9d0e8d7
	0x7ffeea3ec53c
</msg>
<msg time="2026-01-14T11:43:23.194854" level="WARN">Keyword 'Capture Page Screenshot' could not be run on failure: Message: invalid session id; For documentation on this error, please visit: https://www.selenium.dev/documentation/webdriver/troubleshooting/errors#invalidsessionidexception
Stacktrace:
Symbols not available. Dumping unresolved backtrace:
	0x7ff618d088d5
	0x7ff618d08930
	0x7ff618ae1465
	0x7ff618b29d83
	0x7ff618b61ee2
	0x7ff618b5c500
	0x7ff618b5b6f0
	0x7ff618aab325
	0x7ff619020620
	0x7ff61901af60
	0x7ff6190396c6
	0x7ff618d25dd4
	0x7ff618d2ed7c
	0x7ff618aa9cb8
	0x7ff61917efe8
	0x7ffee9d0e8d7
	0x7ffeea3ec53c
</msg>
<msg time="2026-01-14T11:43:23.213016" level="WARN">Keyword 'Capture Page Screenshot' could not be run on failure: Message: invalid session id; For documentation on this error, please visit: https://www.selenium.dev/documentation/webdriver/troubleshooting/errors#invalidsessionidexception
Stacktrace:
Symbols not available. Dumping unresolved backtrace:
	0x7ff618d088d5
	0x7ff618d08930
	0x7ff618ae1465
	0x7ff618b29d83
	0x7ff618b61ee2
	0x7ff618b5c500
	0x7ff618b5b6f0
	0x7ff618aab325
	0x7ff619020620
	0x7ff61901af60
	0x7ff6190396c6
	0x7ff618d25dd4
	0x7ff618d2ed7c
	0x7ff618aa9cb8
	0x7ff61917efe8
	0x7ffee9d0e8d7
	0x7ffeea3ec53c
</msg>
<msg time="2026-01-14T11:43:23.229466" level="WARN">Keyword 'Capture Page Screenshot' could not be run on failure: Message: invalid session id; For documentation on this error, please visit: https://www.selenium.dev/documentation/webdriver/troubleshooting/errors#invalidsessionidexception
Stacktrace:
Symbols not available. Dumping unresolved backtrace:
	0x7ff618d088d5
	0x7ff618d08930
	0x7ff618ae1465
	0x7ff618b29d83
	0x7ff618b61ee2
	0x7ff618b5c500
	0x7ff618b5b6f0
	0x7ff618aab325
	0x7ff619020620
	0x7ff61901af60
	0x7ff6190396c6
	0x7ff618d25dd4
	0x7ff618d2ed7c
	0x7ff618aa9cb8
	0x7ff61917efe8
	0x7ffee9d0e8d7
	0x7ffeea3ec53c
</msg>
<msg time="2026-01-14T11:43:23.245969" level="WARN">Keyword 'Capture Page Screenshot' could not be run on failure: Message: invalid session id; For documentation on this error, please visit: https://www.selenium.dev/documentation/webdriver/troubleshooting/errors#invalidsessionidexception
Stacktrace:
Symbols not available. Dumping unresolved backtrace:
	0x7ff618d088d5
	0x7ff618d08930
	0x7ff618ae1465
	0x7ff618b29d83
	0x7ff618b61ee2
	0x7ff618b5c500
	0x7ff618b5b6f0
	0x7ff618aab325
	0x7ff619020620
	0x7ff61901af60
	0x7ff6190396c6
	0x7ff618d25dd4
	0x7ff618d2ed7c
	0x7ff618aa9cb8
	0x7ff61917efe8
	0x7ffee9d0e8d7
	0x7ffeea3ec53c
</msg>
<msg time="2026-01-14T11:43:23.263078" level="WARN">Keyword 'Capture Page Screenshot' could not be run on failure: Message: invalid session id; For documentation on this error, please visit: https://www.selenium.dev/documentation/webdriver/troubleshooting/errors#invalidsessionidexception
Stacktrace:
Symbols not available. Dumping unresolved backtrace:
	0x7ff618d088d5
	0x7ff618d08930
	0x7ff618ae1465
	0x7ff618b29d83
	0x7ff618b61ee2
	0x7ff618b5c500
	0x7ff618b5b6f0
	0x7ff618aab325
	0x7ff619020620
	0x7ff61901af60
	0x7ff6190396c6
	0x7ff618d25dd4
	0x7ff618d2ed7c
	0x7ff618aa9cb8
	0x7ff61917efe8
	0x7ffee9d0e8d7
	0x7ffeea3ec53c
</msg>
<msg time="2026-01-14T11:43:23.280402" level="WARN">Keyword 'Capture Page Screenshot' could not be run on failure: Message: invalid session id; For documentation on this error, please visit: https://www.selenium.dev/documentation/webdriver/troubleshooting/errors#invalidsessionidexception
Stacktrace:
Symbols not available. Dumping unresolved backtrace:
	0x7ff618d088d5
	0x7ff618d08930
	0x7ff618ae1465
	0x7ff618b29d83
	0x7ff618b61ee2
	0x7ff618b5c500
	0x7ff618b5b6f0
	0x7ff618aab325
	0x7ff619020620
	0x7ff61901af60
	0x7ff6190396c6
	0x7ff618d25dd4
	0x7ff618d2ed7c
	0x7ff618aa9cb8
	0x7ff61917efe8
	0x7ffee9d0e8d7
	0x7ffeea3ec53c
</msg>
<msg time="2026-01-14T11:43:23.294699" level="WARN">Keyword 'Capture Page Screenshot' could not be run on failure: Message: invalid session id; For documentation on this error, please visit: https://www.selenium.dev/documentation/webdriver/troubleshooting/errors#invalidsessionidexception
Stacktrace:
Symbols not available. Dumping unresolved backtrace:
	0x7ff618d088d5
	0x7ff618d08930
	0x7ff618ae1465
	0x7ff618b29d83
	0x7ff618b61ee2
	0x7ff618b5c500
	0x7ff618b5b6f0
	0x7ff618aab325
	0x7ff619020620
	0x7ff61901af60
	0x7ff6190396c6
	0x7ff618d25dd4
	0x7ff618d2ed7c
	0x7ff618aa9cb8
	0x7ff61917efe8
	0x7ffee9d0e8d7
	0x7ffeea3ec53c
</msg>
<msg time="2026-01-14T11:43:23.322234" level="WARN">Keyword 'Capture Page Screenshot' could not be run on failure: Message: invalid session id; For documentation on this error, please visit: https://www.selenium.dev/documentation/webdriver/troubleshooting/errors#invalidsessionidexception
Stacktrace:
Symbols not available. Dumping unresolved backtrace:
	0x7ff618d088d5
	0x7ff618d08930
	0x7ff618ae1465
	0x7ff618b29d83
	0x7ff618b61ee2
	0x7ff618b5c500
	0x7ff618b5b6f0
	0x7ff618aab325
	0x7ff619020620
	0x7ff61901af60
	0x7ff6190396c6
	0x7ff618d25dd4
	0x7ff618d2ed7c
	0x7ff618aa9cb8
	0x7ff61917efe8
	0x7ffee9d0e8d7
	0x7ffeea3ec53c
</msg>
<msg time="2026-01-14T11:43:23.348797" level="WARN">Keyword 'Capture Page Screenshot' could not be run on failure: Message: invalid session id; For documentation on this error, please visit: https://www.selenium.dev/documentation/webdriver/troubleshooting/errors#invalidsessionidexception
Stacktrace:
Symbols not available. Dumping unresolved backtrace:
	0x7ff618d088d5
	0x7ff618d08930
	0x7ff618ae1465
	0x7ff618b29d83
	0x7ff618b61ee2
	0x7ff618b5c500
	0x7ff618b5b6f0
	0x7ff618aab325
	0x7ff619020620
	0x7ff61901af60
	0x7ff6190396c6
	0x7ff618d25dd4
	0x7ff618d2ed7c
	0x7ff618aa9cb8
	0x7ff61917efe8
	0x7ffee9d0e8d7
	0x7ffeea3ec53c
</msg>
<msg time="2026-01-14T11:43:23.373008" level="WARN">Keyword 'Capture Page Screenshot' could not be run on failure: Message: invalid session id; For documentation on this error, please visit: https://www.selenium.dev/documentation/webdriver/troubleshooting/errors#invalidsessionidexception
Stacktrace:
Symbols not available. Dumping unresolved backtrace:
	0x7ff618d088d5
	0x7ff618d08930
	0x7ff618ae1465
	0x7ff618b29d83
	0x7ff618b61ee2
	0x7ff618b5c500
	0x7ff618b5b6f0
	0x7ff618aab325
	0x7ff619020620
	0x7ff61901af60
	0x7ff6190396c6
	0x7ff618d25dd4
	0x7ff618d2ed7c
	0x7ff618aa9cb8
	0x7ff61917efe8
	0x7ffee9d0e8d7
	0x7ffeea3ec53c
</msg>
<msg time="2026-01-14T11:43:23.394435" level="WARN">Keyword 'Capture Page Screenshot' could not be run on failure: Message: invalid session id; For documentation on this error, please visit: https://www.selenium.dev/documentation/webdriver/troubleshooting/errors#invalidsessionidexception
Stacktrace:
Symbols not available. Dumping unresolved backtrace:
	0x7ff618d088d5
	0x7ff618d08930
	0x7ff618ae1465
	0x7ff618b29d83
	0x7ff618b61ee2
	0x7ff618b5c500
	0x7ff618b5b6f0
	0x7ff618aab325
	0x7ff619020620
	0x7ff61901af60
	0x7ff6190396c6
	0x7ff618d25dd4
	0x7ff618d2ed7c
	0x7ff618aa9cb8
	0x7ff61917efe8
	0x7ffee9d0e8d7
	0x7ffeea3ec53c
</msg>
<msg time="2026-01-14T11:43:23.417499" level="WARN">Keyword 'Capture Page Screenshot' could not be run on failure: Message: invalid session id; For documentation on this error, please visit: https://www.selenium.dev/documentation/webdriver/troubleshooting/errors#invalidsessionidexception
Stacktrace:
Symbols not available. Dumping unresolved backtrace:
	0x7ff618d088d5
	0x7ff618d08930
	0x7ff618ae1465
	0x7ff618b29d83
	0x7ff618b61ee2
	0x7ff618b5c500
	0x7ff618b5b6f0
	0x7ff618aab325
	0x7ff619020620
	0x7ff61901af60
	0x7ff6190396c6
	0x7ff618d25dd4
	0x7ff618d2ed7c
	0x7ff618aa9cb8
	0x7ff61917efe8
	0x7ffee9d0e8d7
	0x7ffeea3ec53c
</msg>
<msg time="2026-01-14T11:43:23.440650" level="WARN">Keyword 'Capture Page Screenshot' could not be run on failure: Message: invalid session id; For documentation on this error, please visit: https://www.selenium.dev/documentation/webdriver/troubleshooting/errors#invalidsessionidexception
Stacktrace:
Symbols not available. Dumping unresolved backtrace:
	0x7ff618d088d5
	0x7ff618d08930
	0x7ff618ae1465
	0x7ff618b29d83
	0x7ff618b61ee2
	0x7ff618b5c500
	0x7ff618b5b6f0
	0x7ff618aab325
	0x7ff619020620
	0x7ff61901af60
	0x7ff6190396c6
	0x7ff618d25dd4
	0x7ff618d2ed7c
	0x7ff618aa9cb8
	0x7ff61917efe8
	0x7ffee9d0e8d7
	0x7ffeea3ec53c
</msg>
<msg time="2026-01-14T11:43:23.463239" level="WARN">Keyword 'Capture Page Screenshot' could not be run on failure: Message: invalid session id; For documentation on this error, please visit: https://www.selenium.dev/documentation/webdriver/troubleshooting/errors#invalidsessionidexception
Stacktrace:
Symbols not available. Dumping unresolved backtrace:
	0x7ff618d088d5
	0x7ff618d08930
	0x7ff618ae1465
	0x7ff618b29d83
	0x7ff618b61ee2
	0x7ff618b5c500
	0x7ff618b5b6f0
	0x7ff618aab325
	0x7ff619020620
	0x7ff61901af60
	0x7ff6190396c6
	0x7ff618d25dd4
	0x7ff618d2ed7c
	0x7ff618aa9cb8
	0x7ff61917efe8
	0x7ffee9d0e8d7
	0x7ffeea3ec53c
</msg>
<msg time="2026-01-14T11:43:23.481099" level="WARN">Keyword 'Capture Page Screenshot' could not be run on failure: Message: invalid session id; For documentation on this error, please visit: https://www.selenium.dev/documentation/webdriver/troubleshooting/errors#invalidsessionidexception
Stacktrace:
Symbols not available. Dumping unresolved backtrace:
	0x7ff618d088d5
	0x7ff618d08930
	0x7ff618ae1465
	0x7ff618b29d83
	0x7ff618b61ee2
	0x7ff618b5c500
	0x7ff618b5b6f0
	0x7ff618aab325
	0x7ff619020620
	0x7ff61901af60
	0x7ff6190396c6
	0x7ff618d25dd4
	0x7ff618d2ed7c
	0x7ff618aa9cb8
	0x7ff61917efe8
	0x7ffee9d0e8d7
	0x7ffeea3ec53c
</msg>
<msg time="2026-01-14T11:43:23.503158" level="WARN">Keyword 'Capture Page Screenshot' could not be run on failure: Message: invalid session id; For documentation on this error, please visit: https://www.selenium.dev/documentation/webdriver/troubleshooting/errors#invalidsessionidexception
Stacktrace:
Symbols not available. Dumping unresolved backtrace:
	0x7ff618d088d5
	0x7ff618d08930
	0x7ff618ae1465
	0x7ff618b29d83
	0x7ff618b61ee2
	0x7ff618b5c500
	0x7ff618b5b6f0
	0x7ff618aab325
	0x7ff619020620
	0x7ff61901af60
	0x7ff6190396c6
	0x7ff618d25dd4
	0x7ff618d2ed7c
	0x7ff618aa9cb8
	0x7ff61917efe8
	0x7ffee9d0e8d7
	0x7ffeea3ec53c
</msg>
<msg time="2026-01-14T11:43:23.531931" level="WARN">Keyword 'Capture Page Screenshot' could not be run on failure: Message: invalid session id; For documentation on this error, please visit: https://www.selenium.dev/documentation/webdriver/troubleshooting/errors#invalidsessionidexception
Stacktrace:
Symbols not available. Dumping unresolved backtrace:
	0x7ff618d088d5
	0x7ff618d08930
	0x7ff618ae1465
	0x7ff618b29d83
	0x7ff618b61ee2
	0x7ff618b5c500
	0x7ff618b5b6f0
	0x7ff618aab325
	0x7ff619020620
	0x7ff61901af60
	0x7ff6190396c6
	0x7ff618d25dd4
	0x7ff618d2ed7c
	0x7ff618aa9cb8
	0x7ff61917efe8
	0x7ffee9d0e8d7
	0x7ffeea3ec53c
</msg>
<msg time="2026-01-14T11:43:23.557813" level="WARN">Keyword 'Capture Page Screenshot' could not be run on failure: Message: invalid session id; For documentation on this error, please visit: https://www.selenium.dev/documentation/webdriver/troubleshooting/errors#invalidsessionidexception
Stacktrace:
Symbols not available. Dumping unresolved backtrace:
	0x7ff618d088d5
	0x7ff618d08930
	0x7ff618ae1465
	0x7ff618b29d83
	0x7ff618b61ee2
	0x7ff618b5c500
	0x7ff618b5b6f0
	0x7ff618aab325
	0x7ff619020620
	0x7ff61901af60
	0x7ff6190396c6
	0x7ff618d25dd4
	0x7ff618d2ed7c
	0x7ff618aa9cb8
	0x7ff61917efe8
	0x7ffee9d0e8d7
	0x7ffeea3ec53c
</msg>
<msg time="2026-01-14T11:43:23.579876" level="WARN">Keyword 'Capture Page Screenshot' could not be run on failure: Message: invalid session id; For documentation on this error, please visit: https://www.selenium.dev/documentation/webdriver/troubleshooting/errors#invalidsessionidexception
Stacktrace:
Symbols not available. Dumping unresolved backtrace:
	0x7ff618d088d5
	0x7ff618d08930
	0x7ff618ae1465
	0x7ff618b29d83
	0x7ff618b61ee2
	0x7ff618b5c500
	0x7ff618b5b6f0
	0x7ff618aab325
	0x7ff619020620
	0x7ff61901af60
	0x7ff6190396c6
	0x7ff618d25dd4
	0x7ff618d2ed7c
	0x7ff618aa9cb8
	0x7ff61917efe8
	0x7ffee9d0e8d7
	0x7ffeea3ec53c
</msg>
<msg time="2026-01-14T11:43:23.607366" level="WARN">Keyword 'Capture Page Screenshot' could not be run on failure: Message: invalid session id; For documentation on this error, please visit: https://www.selenium.dev/documentation/webdriver/troubleshooting/errors#invalidsessionidexception
Stacktrace:
Symbols not available. Dumping unresolved backtrace:
	0x7ff618d088d5
	0x7ff618d08930
	0x7ff618ae1465
	0x7ff618b29d83
	0x7ff618b61ee2
	0x7ff618b5c500
	0x7ff618b5b6f0
	0x7ff618aab325
	0x7ff619020620
	0x7ff61901af60
	0x7ff6190396c6
	0x7ff618d25dd4
	0x7ff618d2ed7c
	0x7ff618aa9cb8
	0x7ff61917efe8
	0x7ffee9d0e8d7
	0x7ffeea3ec53c
</msg>
<msg time="2026-01-14T11:43:23.629821" level="WARN">Keyword 'Capture Page Screenshot' could not be run on failure: Message: invalid session id; For documentation on this error, please visit: https://www.selenium.dev/documentation/webdriver/troubleshooting/errors#invalidsessionidexception
Stacktrace:
Symbols not available. Dumping unresolved backtrace:
	0x7ff618d088d5
	0x7ff618d08930
	0x7ff618ae1465
	0x7ff618b29d83
	0x7ff618b61ee2
	0x7ff618b5c500
	0x7ff618b5b6f0
	0x7ff618aab325
	0x7ff619020620
	0x7ff61901af60
	0x7ff6190396c6
	0x7ff618d25dd4
	0x7ff618d2ed7c
	0x7ff618aa9cb8
	0x7ff61917efe8
	0x7ffee9d0e8d7
	0x7ffeea3ec53c
</msg>
<msg time="2026-01-14T11:43:23.652187" level="WARN">Keyword 'Capture Page Screenshot' could not be run on failure: Message: invalid session id; For documentation on this error, please visit: https://www.selenium.dev/documentation/webdriver/troubleshooting/errors#invalidsessionidexception
Stacktrace:
Symbols not available. Dumping unresolved backtrace:
	0x7ff618d088d5
	0x7ff618d08930
	0x7ff618ae1465
	0x7ff618b29d83
	0x7ff618b61ee2
	0x7ff618b5c500
	0x7ff618b5b6f0
	0x7ff618aab325
	0x7ff619020620
	0x7ff61901af60
	0x7ff6190396c6
	0x7ff618d25dd4
	0x7ff618d2ed7c
	0x7ff618aa9cb8
	0x7ff61917efe8
	0x7ffee9d0e8d7
	0x7ffeea3ec53c
</msg>
<msg time="2026-01-14T11:43:23.676138" level="WARN">Keyword 'Capture Page Screenshot' could not be run on failure: Message: invalid session id; For documentation on this error, please visit: https://www.selenium.dev/documentation/webdriver/troubleshooting/errors#invalidsessionidexception
Stacktrace:
Symbols not available. Dumping unresolved backtrace:
	0x7ff618d088d5
	0x7ff618d08930
	0x7ff618ae1465
	0x7ff618b29d83
	0x7ff618b61ee2
	0x7ff618b5c500
	0x7ff618b5b6f0
	0x7ff618aab325
	0x7ff619020620
	0x7ff61901af60
	0x7ff6190396c6
	0x7ff618d25dd4
	0x7ff618d2ed7c
	0x7ff618aa9cb8
	0x7ff61917efe8
	0x7ffee9d0e8d7
	0x7ffeea3ec53c
</msg>
<msg time="2026-01-14T11:43:23.694815" level="WARN">Keyword 'Capture Page Screenshot' could not be run on failure: Message: invalid session id; For documentation on this error, please visit: https://www.selenium.dev/documentation/webdriver/troubleshooting/errors#invalidsessionidexception
Stacktrace:
Symbols not available. Dumping unresolved backtrace:
	0x7ff618d088d5
	0x7ff618d08930
	0x7ff618ae1465
	0x7ff618b29d83
	0x7ff618b61ee2
	0x7ff618b5c500
	0x7ff618b5b6f0
	0x7ff618aab325
	0x7ff619020620
	0x7ff61901af60
	0x7ff6190396c6
	0x7ff618d25dd4
	0x7ff618d2ed7c
	0x7ff618aa9cb8
	0x7ff61917efe8
	0x7ffee9d0e8d7
	0x7ffeea3ec53c
</msg>
<msg time="2026-01-14T11:43:23.714748" level="WARN">Keyword 'Capture Page Screenshot' could not be run on failure: Message: invalid session id; For documentation on this error, please visit: https://www.selenium.dev/documentation/webdriver/troubleshooting/errors#invalidsessionidexception
Stacktrace:
Symbols not available. Dumping unresolved backtrace:
	0x7ff618d088d5
	0x7ff618d08930
	0x7ff618ae1465
	0x7ff618b29d83
	0x7ff618b61ee2
	0x7ff618b5c500
	0x7ff618b5b6f0
	0x7ff618aab325
	0x7ff619020620
	0x7ff61901af60
	0x7ff6190396c6
	0x7ff618d25dd4
	0x7ff618d2ed7c
	0x7ff618aa9cb8
	0x7ff61917efe8
	0x7ffee9d0e8d7
	0x7ffeea3ec53c
</msg>
<msg time="2026-01-14T11:43:23.730521" level="WARN">Keyword 'Capture Page Screenshot' could not be run on failure: Message: invalid session id; For documentation on this error, please visit: https://www.selenium.dev/documentation/webdriver/troubleshooting/errors#invalidsessionidexception
Stacktrace:
Symbols not available. Dumping unresolved backtrace:
	0x7ff618d088d5
	0x7ff618d08930
	0x7ff618ae1465
	0x7ff618b29d83
	0x7ff618b61ee2
	0x7ff618b5c500
	0x7ff618b5b6f0
	0x7ff618aab325
	0x7ff619020620
	0x7ff61901af60
	0x7ff6190396c6
	0x7ff618d25dd4
	0x7ff618d2ed7c
	0x7ff618aa9cb8
	0x7ff61917efe8
	0x7ffee9d0e8d7
	0x7ffeea3ec53c
</msg>
<msg time="2026-01-14T11:43:23.750302" level="WARN">Keyword 'Capture Page Screenshot' could not be run on failure: Message: invalid session id; For documentation on this error, please visit: https://www.selenium.dev/documentation/webdriver/troubleshooting/errors#invalidsessionidexception
Stacktrace:
Symbols not available. Dumping unresolved backtrace:
	0x7ff618d088d5
	0x7ff618d08930
	0x7ff618ae1465
	0x7ff618b29d83
	0x7ff618b61ee2
	0x7ff618b5c500
	0x7ff618b5b6f0
	0x7ff618aab325
	0x7ff619020620
	0x7ff61901af60
	0x7ff6190396c6
	0x7ff618d25dd4
	0x7ff618d2ed7c
	0x7ff618aa9cb8
	0x7ff61917efe8
	0x7ffee9d0e8d7
	0x7ffeea3ec53c
</msg>
<msg time="2026-01-14T11:43:23.768623" level="WARN">Keyword 'Capture Page Screenshot' could not be run on failure: Message: invalid session id; For documentation on this error, please visit: https://www.selenium.dev/documentation/webdriver/troubleshooting/errors#invalidsessionidexception
Stacktrace:
Symbols not available. Dumping unresolved backtrace:
	0x7ff618d088d5
	0x7ff618d08930
	0x7ff618ae1465
	0x7ff618b29d83
	0x7ff618b61ee2
	0x7ff618b5c500
	0x7ff618b5b6f0
	0x7ff618aab325
	0x7ff619020620
	0x7ff61901af60
	0x7ff6190396c6
	0x7ff618d25dd4
	0x7ff618d2ed7c
	0x7ff618aa9cb8
	0x7ff61917efe8
	0x7ffee9d0e8d7
	0x7ffeea3ec53c
</msg>
<msg time="2026-01-14T11:43:25.828582" level="ERROR">Execution stopped by user.</msg>
</errors>
</robot>
