<?xml version="1.0" encoding="UTF-8"?>
<robot generator="Robot 7.3.2 (Python 3.13.3 on win32)" generated="2026-01-14T11:21:28.647697" rpa="false" schemaversion="5">
<suite id="s1" name="Quiz Test" source="C:\Users\alson\OneDrive\Desktop\trailquest\tests\quiz_test.robot">
<test id="s1-t1" name="verify quiz page loads" line="7">
<kw name="Navigate to quiz page and maximize" owner="quiz_page" type="SETUP">
<kw name="Navigate to quiz page" owner="quiz_page">
<kw name="Open Browser" owner="SeleniumLibrary">
<msg time="2026-01-14T11:21:29.202564" level="INFO">Opening browser 'chrome' to base url 'https://trailquest.global/custom/quiz'.</msg>
<arg>${QUIZ_URL}</arg>
<arg>chrome</arg>
<doc>Opens a new browser instance to the optional ``url``.</doc>
<status status="PASS" start="2026-01-14T11:21:29.202313" elapsed="5.967465"/>
</kw>
<kw name="Maximize Browser Window" owner="SeleniumLibrary">
<doc>Maximizes current browser window.</doc>
<status status="PASS" start="2026-01-14T11:21:35.170269" elapsed="0.081505"/>
</kw>
<status status="PASS" start="2026-01-14T11:21:29.201641" elapsed="6.050449"/>
</kw>
<status status="PASS" start="2026-01-14T11:21:29.200949" elapsed="6.051382"/>
</kw>
<kw name="Page Should Contain" owner="SeleniumLibrary">
<msg time="2026-01-14T11:21:35.343389" level="INFO">Current page contains text 'More Than a Quiz'.</msg>
<arg>More Than a Quiz</arg>
<doc>Verifies that current page contains ``text``.</doc>
<status status="PASS" start="2026-01-14T11:21:35.253127" elapsed="0.090490"/>
</kw>
<kw name="Close Browser" owner="SeleniumLibrary" type="TEARDOWN">
<doc>Closes the current browser.</doc>
<status status="PASS" start="2026-01-14T11:21:35.344543" elapsed="2.241803"/>
</kw>
<doc>quiz page loads from its url</doc>
<tag>1</tag>
<status status="PASS" start="2026-01-14T11:21:29.200004" elapsed="8.386605"/>
</test>
<test id="s1-t2" name="Verify Question Displays" line="11">
<kw name="Navigate to quiz page and maximize" owner="quiz_page" type="SETUP">
<kw name="Navigate to quiz page" owner="quiz_page">
<kw name="Open Browser" owner="SeleniumLibrary">
<msg time="2026-01-14T11:21:37.589389" level="INFO">Opening browser 'chrome' to base url 'https://trailquest.global/custom/quiz'.</msg>
<arg>${QUIZ_URL}</arg>
<arg>chrome</arg>
<doc>Opens a new browser instance to the optional ``url``.</doc>
<status status="PASS" start="2026-01-14T11:21:37.589210" elapsed="4.101024"/>
</kw>
<kw name="Maximize Browser Window" owner="SeleniumLibrary">
<doc>Maximizes current browser window.</doc>
<status status="PASS" start="2026-01-14T11:21:41.690654" elapsed="0.043750"/>
</kw>
<status status="PASS" start="2026-01-14T11:21:37.588997" elapsed="4.145586"/>
</kw>
<status status="PASS" start="2026-01-14T11:21:37.588556" elapsed="4.146149"/>
</kw>
<kw name="Click Quiz Button" owner="quiz_page">
<kw name="Wait Until Element Is Visible" owner="SeleniumLibrary">
<arg>${QUIZ_BUTTON}</arg>
<arg>timeout=10s</arg>
<doc>Waits until the element ``locator`` is visible.</doc>
<status status="PASS" start="2026-01-14T11:21:41.735556" elapsed="0.194087"/>
</kw>
<kw name="Click Button" owner="SeleniumLibrary">
<msg time="2026-01-14T11:21:41.930436" level="INFO">Clicking button '//button[normalize-space()='Begin The Quiz']'.</msg>
<arg>${QUIZ_BUTTON}</arg>
<doc>Clicks the button identified by ``locator``.</doc>
<status status="PASS" start="2026-01-14T11:21:41.929995" elapsed="0.566959"/>
</kw>
<status status="PASS" start="2026-01-14T11:21:41.735218" elapsed="0.761905"/>
</kw>
<kw name="Page Should Contain" owner="SeleniumLibrary">
<msg time="2026-01-14T11:21:42.520805" level="INFO">Current page contains text 'Question 1'.</msg>
<arg>Question 1</arg>
<doc>Verifies that current page contains ``text``.</doc>
<status status="PASS" start="2026-01-14T11:21:42.497804" elapsed="0.023124"/>
</kw>
<kw name="Get WebElements" owner="SeleniumLibrary">
<msg time="2026-01-14T11:21:42.543544" level="INFO">${options} = [&lt;selenium.webdriver.remote.webelement.WebElement (session="5944ca557b8797ae1be04d68a42c42c6", element="f.BFB4F6B2DF473D699AC890D085590D1C.d.B9878BDB0B0B849D7867477E90685943.e.77")&gt;, &lt;selenium.webdriv...</msg>
<var>${options}</var>
<arg>${OPTION_LABELS}</arg>
<doc>Returns a list of WebElement objects matching the ``locator``.</doc>
<status status="PASS" start="2026-01-14T11:21:42.521378" elapsed="0.022262"/>
</kw>
<for flavor="IN">
<iter>
<kw name="Element Should Be Visible" owner="SeleniumLibrary">
<msg time="2026-01-14T11:21:42.562250" level="INFO">Element '&lt;selenium.webdriver.remote.webelement.WebElement (session="5944ca557b8797ae1be04d68a42c42c6", element="f.BFB4F6B2DF473D699AC890D085590D1C.d.B9878BDB0B0B849D7867477E90685943.e.77")&gt;' is displayed.</msg>
<arg>${option}</arg>
<doc>Verifies that the element identified by ``locator`` is visible.</doc>
<status status="PASS" start="2026-01-14T11:21:42.544810" elapsed="0.017678"/>
</kw>
<var name="${option}">&lt;selenium.webdriver.remote.webelement.WebElement (session="5944ca557b8797ae1be04d68a42c42c6", element="f.BFB4F6B2DF473D699AC890D085590D1C.d.B9878BDB0B0B849D7867477E90685943.e.77")&gt;</var>
<status status="PASS" start="2026-01-14T11:21:42.544549" elapsed="0.018129"/>
</iter>
<iter>
<kw name="Element Should Be Visible" owner="SeleniumLibrary">
<msg time="2026-01-14T11:21:42.575920" level="INFO">Element '&lt;selenium.webdriver.remote.webelement.WebElement (session="5944ca557b8797ae1be04d68a42c42c6", element="f.BFB4F6B2DF473D699AC890D085590D1C.d.B9878BDB0B0B849D7867477E90685943.e.78")&gt;' is displayed.</msg>
<arg>${option}</arg>
<doc>Verifies that the element identified by ``locator`` is visible.</doc>
<status status="PASS" start="2026-01-14T11:21:42.563453" elapsed="0.012679"/>
</kw>
<var name="${option}">&lt;selenium.webdriver.remote.webelement.WebElement (session="5944ca557b8797ae1be04d68a42c42c6", element="f.BFB4F6B2DF473D699AC890D085590D1C.d.B9878BDB0B0B849D7867477E90685943.e.78")&gt;</var>
<status status="PASS" start="2026-01-14T11:21:42.563106" elapsed="0.013196"/>
</iter>
<iter>
<kw name="Element Should Be Visible" owner="SeleniumLibrary">
<msg time="2026-01-14T11:21:42.592739" level="INFO">Element '&lt;selenium.webdriver.remote.webelement.WebElement (session="5944ca557b8797ae1be04d68a42c42c6", element="f.BFB4F6B2DF473D699AC890D085590D1C.d.B9878BDB0B0B849D7867477E90685943.e.79")&gt;' is displayed.</msg>
<arg>${option}</arg>
<doc>Verifies that the element identified by ``locator`` is visible.</doc>
<status status="PASS" start="2026-01-14T11:21:42.576885" elapsed="0.016014"/>
</kw>
<var name="${option}">&lt;selenium.webdriver.remote.webelement.WebElement (session="5944ca557b8797ae1be04d68a42c42c6", element="f.BFB4F6B2DF473D699AC890D085590D1C.d.B9878BDB0B0B849D7867477E90685943.e.79")&gt;</var>
<status status="PASS" start="2026-01-14T11:21:42.576621" elapsed="0.016376"/>
</iter>
<iter>
<kw name="Element Should Be Visible" owner="SeleniumLibrary">
<msg time="2026-01-14T11:21:42.606207" level="INFO">Element '&lt;selenium.webdriver.remote.webelement.WebElement (session="5944ca557b8797ae1be04d68a42c42c6", element="f.BFB4F6B2DF473D699AC890D085590D1C.d.B9878BDB0B0B849D7867477E90685943.e.80")&gt;' is displayed.</msg>
<arg>${option}</arg>
<doc>Verifies that the element identified by ``locator`` is visible.</doc>
<status status="PASS" start="2026-01-14T11:21:42.593480" elapsed="0.012873"/>
</kw>
<var name="${option}">&lt;selenium.webdriver.remote.webelement.WebElement (session="5944ca557b8797ae1be04d68a42c42c6", element="f.BFB4F6B2DF473D699AC890D085590D1C.d.B9878BDB0B0B849D7867477E90685943.e.80")&gt;</var>
<status status="PASS" start="2026-01-14T11:21:42.593206" elapsed="0.013265"/>
</iter>
<var>${option}</var>
<value>@{options}</value>
<status status="PASS" start="2026-01-14T11:21:42.544134" elapsed="0.062444"/>
</for>
<kw name="Close Browser" owner="SeleniumLibrary" type="TEARDOWN">
<doc>Closes the current browser.</doc>
<status status="PASS" start="2026-01-14T11:21:42.607323" elapsed="2.214662"/>
</kw>
<doc>first question displays with all answers</doc>
<tag>regression</tag>
<status status="PASS" start="2026-01-14T11:21:37.587726" elapsed="7.234548"/>
</test>
<test id="s1-t3" name="Verify Answer Selection" line="20">
<kw name="Navigate to quiz page and maximize" owner="quiz_page" type="SETUP">
<kw name="Navigate to quiz page" owner="quiz_page">
<kw name="Open Browser" owner="SeleniumLibrary">
<msg time="2026-01-14T11:21:44.824420" level="INFO">Opening browser 'chrome' to base url 'https://trailquest.global/custom/quiz'.</msg>
<arg>${QUIZ_URL}</arg>
<arg>chrome</arg>
<doc>Opens a new browser instance to the optional ``url``.</doc>
<status status="PASS" start="2026-01-14T11:21:44.824242" elapsed="3.707617"/>
</kw>
<kw name="Maximize Browser Window" owner="SeleniumLibrary">
<doc>Maximizes current browser window.</doc>
<status status="PASS" start="2026-01-14T11:21:48.532258" elapsed="0.039340"/>
</kw>
<status status="PASS" start="2026-01-14T11:21:44.824025" elapsed="3.747682"/>
</kw>
<status status="PASS" start="2026-01-14T11:21:44.823775" elapsed="3.748000"/>
</kw>
<kw name="Click Quiz Button" owner="quiz_page">
<kw name="Wait Until Element Is Visible" owner="SeleniumLibrary">
<arg>${QUIZ_BUTTON}</arg>
<arg>timeout=10s</arg>
<doc>Waits until the element ``locator`` is visible.</doc>
<status status="PASS" start="2026-01-14T11:21:48.572359" elapsed="0.065291"/>
</kw>
<kw name="Click Button" owner="SeleniumLibrary">
<msg time="2026-01-14T11:21:48.638306" level="INFO">Clicking button '//button[normalize-space()='Begin The Quiz']'.</msg>
<arg>${QUIZ_BUTTON}</arg>
<doc>Clicks the button identified by ``locator``.</doc>
<status status="PASS" start="2026-01-14T11:21:48.637919" elapsed="0.641446"/>
</kw>
<status status="PASS" start="2026-01-14T11:21:48.572112" elapsed="0.707390"/>
</kw>
<kw name="Choose Option" owner="quiz_page">
<kw name="Wait Until Element Is Visible" owner="SeleniumLibrary">
<arg>${OPTION_LABELS}</arg>
<arg>timeout=10s</arg>
<doc>Waits until the element ``locator`` is visible.</doc>
<status status="PASS" start="2026-01-14T11:21:49.280257" elapsed="0.027271"/>
</kw>
<kw name="Get WebElements" owner="SeleniumLibrary">
<msg time="2026-01-14T11:21:49.321730" level="INFO">${options} = [&lt;selenium.webdriver.remote.webelement.WebElement (session="862c018235c1f339cb64a41acd7cd572", element="f.C4C59A21EEA2B91E7C325032F54C8586.d.5924712B90926912EAA66C6159F45885.e.67")&gt;, &lt;selenium.webdriv...</msg>
<var>${options}</var>
<arg>${OPTION_LABELS}</arg>
<doc>Returns a list of WebElement objects matching the ``locator``.</doc>
<status status="PASS" start="2026-01-14T11:21:49.307739" elapsed="0.014064"/>
</kw>
<kw name="Click Element" owner="SeleniumLibrary">
<msg time="2026-01-14T11:21:49.322364" level="INFO">Clicking element '&lt;selenium.webdriver.remote.webelement.WebElement (session="862c018235c1f339cb64a41acd7cd572", element="f.C4C59A21EEA2B91E7C325032F54C8586.d.5924712B90926912EAA66C6159F45885.e.67")&gt;'.</msg>
<arg>${options}[0]</arg>
<doc>Click the element identified by ``locator``.</doc>
<status status="PASS" start="2026-01-14T11:21:49.322044" elapsed="0.088600"/>
</kw>
<status status="PASS" start="2026-01-14T11:21:49.279933" elapsed="0.130832"/>
</kw>
<kw name="Close Browser" owner="SeleniumLibrary" type="TEARDOWN">
<doc>Closes the current browser.</doc>
<status status="PASS" start="2026-01-14T11:21:49.411159" elapsed="2.167832"/>
</kw>
<doc>Answer can be selected</doc>
<status status="PASS" start="2026-01-14T11:21:44.823299" elapsed="6.756081"/>
</test>
<test id="s1-t4" name="Verify Previous Button Functionality" line="25">
<kw name="Navigate to quiz page and maximize" owner="quiz_page" type="SETUP">
<kw name="Navigate to quiz page" owner="quiz_page">
<kw name="Open Browser" owner="SeleniumLibrary">
<msg time="2026-01-14T11:21:51.583502" level="INFO">Opening browser 'chrome' to base url 'https://trailquest.global/custom/quiz'.</msg>
<arg>${QUIZ_URL}</arg>
<arg>chrome</arg>
<doc>Opens a new browser instance to the optional ``url``.</doc>
<status status="PASS" start="2026-01-14T11:21:51.583163" elapsed="3.844159"/>
</kw>
<kw name="Maximize Browser Window" owner="SeleniumLibrary">
<doc>Maximizes current browser window.</doc>
<status status="PASS" start="2026-01-14T11:21:55.427701" elapsed="0.040007"/>
</kw>
<status status="PASS" start="2026-01-14T11:21:51.581861" elapsed="3.886001"/>
</kw>
<status status="PASS" start="2026-01-14T11:21:51.581195" elapsed="3.886771"/>
</kw>
<kw name="Click Quiz Button" owner="quiz_page">
<kw name="Wait Until Element Is Visible" owner="SeleniumLibrary">
<arg>${QUIZ_BUTTON}</arg>
<arg>timeout=10s</arg>
<doc>Waits until the element ``locator`` is visible.</doc>
<status status="PASS" start="2026-01-14T11:21:55.468775" elapsed="0.056200"/>
</kw>
<kw name="Click Button" owner="SeleniumLibrary">
<msg time="2026-01-14T11:21:55.526028" level="INFO">Clicking button '//button[normalize-space()='Begin The Quiz']'.</msg>
<arg>${QUIZ_BUTTON}</arg>
<doc>Clicks the button identified by ``locator``.</doc>
<status status="PASS" start="2026-01-14T11:21:55.525409" elapsed="0.672387"/>
</kw>
<status status="PASS" start="2026-01-14T11:21:55.468455" elapsed="0.729554"/>
</kw>
<kw name="Get Text" owner="SeleniumLibrary">
<msg time="2026-01-14T11:21:56.237888" level="INFO">${progress} = Question 1 of 13</msg>
<var>${progress}</var>
<arg>${QUIZ_PROGRESS}</arg>
<doc>Returns the text value of the element identified by ``locator``.</doc>
<status status="PASS" start="2026-01-14T11:21:56.198418" elapsed="0.039530"/>
</kw>
<kw name="Choose Option" owner="quiz_page">
<kw name="Wait Until Element Is Visible" owner="SeleniumLibrary">
<arg>${OPTION_LABELS}</arg>
<arg>timeout=10s</arg>
<doc>Waits until the element ``locator`` is visible.</doc>
<status status="PASS" start="2026-01-14T11:21:56.239058" elapsed="0.038539"/>
</kw>
<kw name="Get WebElements" owner="SeleniumLibrary">
<msg time="2026-01-14T11:21:56.293331" level="INFO">${options} = [&lt;selenium.webdriver.remote.webelement.WebElement (session="338263fc3e98b84fadb4b535cc3b0426", element="f.0331ADBA46AF5917587367C11C823B71.d.B5CF66A6DBCB491C8A31F2241D122569.e.72")&gt;, &lt;selenium.webdriv...</msg>
<var>${options}</var>
<arg>${OPTION_LABELS}</arg>
<doc>Returns a list of WebElement objects matching the ``locator``.</doc>
<status status="PASS" start="2026-01-14T11:21:56.278016" elapsed="0.015380"/>
</kw>
<kw name="Click Element" owner="SeleniumLibrary">
<msg time="2026-01-14T11:21:56.293844" level="INFO">Clicking element '&lt;selenium.webdriver.remote.webelement.WebElement (session="338263fc3e98b84fadb4b535cc3b0426", element="f.0331ADBA46AF5917587367C11C823B71.d.B5CF66A6DBCB491C8A31F2241D122569.e.72")&gt;'.</msg>
<arg>${options}[0]</arg>
<doc>Click the element identified by ``locator``.</doc>
<status status="PASS" start="2026-01-14T11:21:56.293602" elapsed="0.135238"/>
</kw>
<status status="PASS" start="2026-01-14T11:21:56.238532" elapsed="0.190621"/>
</kw>
<kw name="Click previous Button" owner="quiz_page">
<kw name="Wait Until Element Is Visible" owner="SeleniumLibrary">
<arg>${PREVIOUS_BUTTON}</arg>
<doc>Waits until the element ``locator`` is visible.</doc>
<status status="PASS" start="2026-01-14T11:21:56.430614" elapsed="1.416295"/>
</kw>
<kw name="Click Element" owner="SeleniumLibrary">
<msg time="2026-01-14T11:21:57.847871" level="INFO">Clicking element '//button[normalize-space()='Previous']'.</msg>
<arg>${PREVIOUS_BUTTON}</arg>
<doc>Click the element identified by ``locator``.</doc>
<status status="PASS" start="2026-01-14T11:21:57.847221" elapsed="0.268225"/>
</kw>
<status status="PASS" start="2026-01-14T11:21:56.429931" elapsed="1.686089"/>
</kw>
<kw name="Get Text" owner="SeleniumLibrary">
<msg time="2026-01-14T11:21:58.178372" level="INFO">${temp} = Question 1 of 13</msg>
<var>${temp}</var>
<arg>${QUIZ_PROGRESS}</arg>
<doc>Returns the text value of the element identified by ``locator``.</doc>
<status status="PASS" start="2026-01-14T11:21:58.117115" elapsed="0.061388"/>
</kw>
<if>
<branch type="IF" condition="$temp==$progress">
<kw name="Log" owner="BuiltIn">
<msg time="2026-01-14T11:21:58.180958" level="INFO">previous button worked</msg>
<arg>previous button worked</arg>
<doc>Logs the given message with the given level.</doc>
<status status="PASS" start="2026-01-14T11:21:58.180675" elapsed="0.000389"/>
</kw>
<status status="PASS" start="2026-01-14T11:21:58.179839" elapsed="0.001518"/>
</branch>
<branch type="ELSE">
<kw name="Fail" owner="BuiltIn">
<arg>previous button didn't work</arg>
<doc>Fails the test with the given message and optionally alters its tags.</doc>
<status status="NOT RUN" start="2026-01-14T11:21:58.181735" elapsed="0.000075"/>
</kw>
<status status="NOT RUN" start="2026-01-14T11:21:58.181521" elapsed="0.000377"/>
</branch>
<status status="PASS" start="2026-01-14T11:21:58.179608" elapsed="0.002354"/>
</if>
<kw name="Close Browser" owner="SeleniumLibrary" type="TEARDOWN">
<doc>Closes the current browser.</doc>
<status status="PASS" start="2026-01-14T11:21:58.182595" elapsed="2.262121"/>
</kw>
<doc>previous button works</doc>
<tag>slow</tag>
<status status="PASS" start="2026-01-14T11:21:51.580375" elapsed="8.864746"/>
</test>
<test id="s1-t5" name="Verify Next Button Functionality" line="38">
<kw name="Navigate to quiz page and maximize" owner="quiz_page" type="SETUP">
<kw name="Navigate to quiz page" owner="quiz_page">
<kw name="Open Browser" owner="SeleniumLibrary">
<msg time="2026-01-14T11:22:00.447917" level="INFO">Opening browser 'chrome' to base url 'https://trailquest.global/custom/quiz'.</msg>
<arg>${QUIZ_URL}</arg>
<arg>chrome</arg>
<doc>Opens a new browser instance to the optional ``url``.</doc>
<status status="PASS" start="2026-01-14T11:22:00.447656" elapsed="3.879086"/>
</kw>
<kw name="Maximize Browser Window" owner="SeleniumLibrary">
<doc>Maximizes current browser window.</doc>
<status status="PASS" start="2026-01-14T11:22:04.326995" elapsed="0.040844"/>
</kw>
<status status="PASS" start="2026-01-14T11:22:00.447352" elapsed="3.920631"/>
</kw>
<status status="PASS" start="2026-01-14T11:22:00.446952" elapsed="3.921129"/>
</kw>
<kw name="Click Quiz Button" owner="quiz_page">
<kw name="Wait Until Element Is Visible" owner="SeleniumLibrary">
<arg>${QUIZ_BUTTON}</arg>
<arg>timeout=10s</arg>
<doc>Waits until the element ``locator`` is visible.</doc>
<status status="PASS" start="2026-01-14T11:22:04.368869" elapsed="0.058589"/>
</kw>
<kw name="Click Button" owner="SeleniumLibrary">
<msg time="2026-01-14T11:22:04.427998" level="INFO">Clicking button '//button[normalize-space()='Begin The Quiz']'.</msg>
<arg>${QUIZ_BUTTON}</arg>
<doc>Clicks the button identified by ``locator``.</doc>
<status status="PASS" start="2026-01-14T11:22:04.427682" elapsed="0.638398"/>
</kw>
<status status="PASS" start="2026-01-14T11:22:04.368526" elapsed="0.697673"/>
</kw>
<kw name="loop until next button appears" owner="quiz_page">
<while condition="True">
<iter>
<kw name="Run Keyword And Return Status" owner="BuiltIn">
<kw name="Wait Until Page Contains Element" owner="SeleniumLibrary">
<msg time="2026-01-14T11:22:10.196109" level="INFO" html="true">&lt;/td&gt;&lt;/tr&gt;&lt;tr&gt;&lt;td colspan="3"&gt;&lt;a href="selenium-screenshot-390.png"&gt;&lt;img src="selenium-screenshot-390.png" width="800px"&gt;&lt;/a&gt;</msg>
<msg time="2026-01-14T11:22:10.196304" level="FAIL">Element '//button[normalize-space()='Next']' did not appear in 5 seconds.</msg>
<arg>${NEXT_BTN}</arg>
<doc>Waits until the element ``locator`` appears on the current page.</doc>
<status status="FAIL" start="2026-01-14T11:22:05.067661" elapsed="5.179832">Element '//button[normalize-space()='Next']' did not appear in 5 seconds.</status>
</kw>
<msg time="2026-01-14T11:22:10.247683" level="INFO">${button_appears} = False</msg>
<var>${button_appears}</var>
<arg>Wait Until Page Contains Element</arg>
<arg>${NEXT_BTN}</arg>
<doc>Runs the given keyword with given arguments and returns the status as a Boolean value.</doc>
<status status="PASS" start="2026-01-14T11:22:05.067384" elapsed="5.180341"/>
</kw>
<if>
<branch type="IF" condition="${button_appears}">
<kw name="Exit For Loop" owner="BuiltIn">
<doc>Stops executing the enclosing FOR loop.</doc>
<status status="NOT RUN" start="2026-01-14T11:22:10.248281" elapsed="0.000042"/>
</kw>
<status status="NOT RUN" start="2026-01-14T11:22:10.247974" elapsed="0.000395"/>
</branch>
<status status="PASS" start="2026-01-14T11:22:10.247915" elapsed="0.000495"/>
</if>
<kw name="Run Keyword And Return Status" owner="BuiltIn">
<kw name="Wait Until Element Is Visible" owner="SeleniumLibrary">
<arg>${OPTION_LABELS}</arg>
<doc>Waits until the element ``locator`` is visible.</doc>
<status status="PASS" start="2026-01-14T11:22:10.248689" elapsed="0.019457"/>
</kw>
<msg time="2026-01-14T11:22:10.268871" level="INFO">${has_option} = True</msg>
<var>${has_option}</var>
<arg>Wait Until Element Is Visible</arg>
<arg>${OPTION_LABELS}</arg>
<doc>Runs the given keyword with given arguments and returns the status as a Boolean value.</doc>
<status status="PASS" start="2026-01-14T11:22:10.248510" elapsed="0.020478"/>
</kw>
<if>
<branch type="IF" condition="${has_option}">
<kw name="Choose Option" owner="quiz_page">
<kw name="Wait Until Element Is Visible" owner="SeleniumLibrary">
<arg>${OPTION_LABELS}</arg>
<arg>timeout=10s</arg>
<doc>Waits until the element ``locator`` is visible.</doc>
<status status="PASS" start="2026-01-14T11:22:10.270500" elapsed="0.023313"/>
</kw>
<kw name="Get WebElements" owner="SeleniumLibrary">
<msg time="2026-01-14T11:22:10.302445" level="INFO">${options} = [&lt;selenium.webdriver.remote.webelement.WebElement (session="5f28f212b2e438459f72cca759350819", element="f.61A562FFC092B162060038B13444F926.d.F0E805AC3EA588E1756E99140B9C0F48.e.74")&gt;, &lt;selenium.webdriv...</msg>
<var>${options}</var>
<arg>${OPTION_LABELS}</arg>
<doc>Returns a list of WebElement objects matching the ``locator``.</doc>
<status status="PASS" start="2026-01-14T11:22:10.293976" elapsed="0.008518"/>
</kw>
<kw name="Click Element" owner="SeleniumLibrary">
<msg time="2026-01-14T11:22:10.302862" level="INFO">Clicking element '&lt;selenium.webdriver.remote.webelement.WebElement (session="5f28f212b2e438459f72cca759350819", element="f.61A562FFC092B162060038B13444F926.d.F0E805AC3EA588E1756E99140B9C0F48.e.74")&gt;'.</msg>
<arg>${options}[0]</arg>
<doc>Click the element identified by ``locator``.</doc>
<status status="PASS" start="2026-01-14T11:22:10.302654" elapsed="0.070954"/>
</kw>
<status status="PASS" start="2026-01-14T11:22:10.269977" elapsed="0.103755"/>
</kw>
<status status="PASS" start="2026-01-14T11:22:10.269309" elapsed="0.104477"/>
</branch>
<status status="PASS" start="2026-01-14T11:22:10.269245" elapsed="0.104597"/>
</if>
<status status="PASS" start="2026-01-14T11:22:05.066911" elapsed="5.306966"/>
</iter>
<iter>
<kw name="Run Keyword And Return Status" owner="BuiltIn">
<kw name="Wait Until Page Contains Element" owner="SeleniumLibrary">
<msg time="2026-01-14T11:22:15.517732" level="INFO" html="true">&lt;/td&gt;&lt;/tr&gt;&lt;tr&gt;&lt;td colspan="3"&gt;&lt;a href="selenium-screenshot-391.png"&gt;&lt;img src="selenium-screenshot-391.png" width="800px"&gt;&lt;/a&gt;</msg>
<msg time="2026-01-14T11:22:15.518064" level="FAIL">Element '//button[normalize-space()='Next']' did not appear in 5 seconds.</msg>
<arg>${NEXT_BTN}</arg>
<doc>Waits until the element ``locator`` appears on the current page.</doc>
<status status="FAIL" start="2026-01-14T11:22:10.374597" elapsed="5.145898">Element '//button[normalize-space()='Next']' did not appear in 5 seconds.</status>
</kw>
<msg time="2026-01-14T11:22:15.520827" level="INFO">${button_appears} = False</msg>
<var>${button_appears}</var>
<arg>Wait Until Page Contains Element</arg>
<arg>${NEXT_BTN}</arg>
<doc>Runs the given keyword with given arguments and returns the status as a Boolean value.</doc>
<status status="PASS" start="2026-01-14T11:22:10.374356" elapsed="5.146542"/>
</kw>
<if>
<branch type="IF" condition="${button_appears}">
<kw name="Exit For Loop" owner="BuiltIn">
<doc>Stops executing the enclosing FOR loop.</doc>
<status status="NOT RUN" start="2026-01-14T11:22:15.521443" elapsed="0.000066"/>
</kw>
<status status="NOT RUN" start="2026-01-14T11:22:15.521112" elapsed="0.000491"/>
</branch>
<status status="PASS" start="2026-01-14T11:22:15.521066" elapsed="0.000786"/>
</if>
<kw name="Run Keyword And Return Status" owner="BuiltIn">
<kw name="Wait Until Element Is Visible" owner="SeleniumLibrary">
<arg>${OPTION_LABELS}</arg>
<doc>Waits until the element ``locator`` is visible.</doc>
<status status="PASS" start="2026-01-14T11:22:15.522396" elapsed="0.018451"/>
</kw>
<msg time="2026-01-14T11:22:15.541027" level="INFO">${has_option} = True</msg>
<var>${has_option}</var>
<arg>Wait Until Element Is Visible</arg>
<arg>${OPTION_LABELS}</arg>
<doc>Runs the given keyword with given arguments and returns the status as a Boolean value.</doc>
<status status="PASS" start="2026-01-14T11:22:15.522082" elapsed="0.018988"/>
</kw>
<if>
<branch type="IF" condition="${has_option}">
<kw name="Choose Option" owner="quiz_page">
<kw name="Wait Until Element Is Visible" owner="SeleniumLibrary">
<arg>${OPTION_LABELS}</arg>
<arg>timeout=10s</arg>
<doc>Waits until the element ``locator`` is visible.</doc>
<status status="PASS" start="2026-01-14T11:22:15.541762" elapsed="0.016936"/>
</kw>
<kw name="Get WebElements" owner="SeleniumLibrary">
<msg time="2026-01-14T11:22:15.567749" level="INFO">${options} = [&lt;selenium.webdriver.remote.webelement.WebElement (session="5f28f212b2e438459f72cca759350819", element="f.61A562FFC092B162060038B13444F926.d.F0E805AC3EA588E1756E99140B9C0F48.e.78")&gt;, &lt;selenium.webdriv...</msg>
<var>${options}</var>
<arg>${OPTION_LABELS}</arg>
<doc>Returns a list of WebElement objects matching the ``locator``.</doc>
<status status="PASS" start="2026-01-14T11:22:15.558891" elapsed="0.008910"/>
</kw>
<kw name="Click Element" owner="SeleniumLibrary">
<msg time="2026-01-14T11:22:15.568180" level="INFO">Clicking element '&lt;selenium.webdriver.remote.webelement.WebElement (session="5f28f212b2e438459f72cca759350819", element="f.61A562FFC092B162060038B13444F926.d.F0E805AC3EA588E1756E99140B9C0F48.e.78")&gt;'.</msg>
<arg>${options}[0]</arg>
<doc>Click the element identified by ``locator``.</doc>
<status status="PASS" start="2026-01-14T11:22:15.567962" elapsed="0.068637"/>
</kw>
<status status="PASS" start="2026-01-14T11:22:15.541463" elapsed="0.095246"/>
</kw>
<status status="PASS" start="2026-01-14T11:22:15.541204" elapsed="0.095590"/>
</branch>
<status status="PASS" start="2026-01-14T11:22:15.541175" elapsed="0.095709"/>
</if>
<status status="PASS" start="2026-01-14T11:22:10.373929" elapsed="5.263009"/>
</iter>
<iter>
<kw name="Run Keyword And Return Status" owner="BuiltIn">
<kw name="Wait Until Page Contains Element" owner="SeleniumLibrary">
<msg time="2026-01-14T11:22:20.886244" level="INFO" html="true">&lt;/td&gt;&lt;/tr&gt;&lt;tr&gt;&lt;td colspan="3"&gt;&lt;a href="selenium-screenshot-392.png"&gt;&lt;img src="selenium-screenshot-392.png" width="800px"&gt;&lt;/a&gt;</msg>
<msg time="2026-01-14T11:22:20.886459" level="FAIL">Element '//button[normalize-space()='Next']' did not appear in 5 seconds.</msg>
<arg>${NEXT_BTN}</arg>
<doc>Waits until the element ``locator`` appears on the current page.</doc>
<status status="FAIL" start="2026-01-14T11:22:15.637637" elapsed="5.250838">Element '//button[normalize-space()='Next']' did not appear in 5 seconds.</status>
</kw>
<msg time="2026-01-14T11:22:20.888975" level="INFO">${button_appears} = False</msg>
<var>${button_appears}</var>
<arg>Wait Until Page Contains Element</arg>
<arg>${NEXT_BTN}</arg>
<doc>Runs the given keyword with given arguments and returns the status as a Boolean value.</doc>
<status status="PASS" start="2026-01-14T11:22:15.637397" elapsed="5.251675"/>
</kw>
<if>
<branch type="IF" condition="${button_appears}">
<kw name="Exit For Loop" owner="BuiltIn">
<doc>Stops executing the enclosing FOR loop.</doc>
<status status="NOT RUN" start="2026-01-14T11:22:20.889646" elapsed="0.000054"/>
</kw>
<status status="NOT RUN" start="2026-01-14T11:22:20.889311" elapsed="0.000458"/>
</branch>
<status status="PASS" start="2026-01-14T11:22:20.889269" elapsed="0.000569"/>
</if>
<kw name="Run Keyword And Return Status" owner="BuiltIn">
<kw name="Wait Until Element Is Visible" owner="SeleniumLibrary">
<arg>${OPTION_LABELS}</arg>
<doc>Waits until the element ``locator`` is visible.</doc>
<status status="PASS" start="2026-01-14T11:22:20.890271" elapsed="0.043989"/>
</kw>
<msg time="2026-01-14T11:22:20.934506" level="INFO">${has_option} = True</msg>
<var>${has_option}</var>
<arg>Wait Until Element Is Visible</arg>
<arg>${OPTION_LABELS}</arg>
<doc>Runs the given keyword with given arguments and returns the status as a Boolean value.</doc>
<status status="PASS" start="2026-01-14T11:22:20.890018" elapsed="0.044548"/>
</kw>
<if>
<branch type="IF" condition="${has_option}">
<kw name="Choose Option" owner="quiz_page">
<kw name="Wait Until Element Is Visible" owner="SeleniumLibrary">
<arg>${OPTION_LABELS}</arg>
<arg>timeout=10s</arg>
<doc>Waits until the element ``locator`` is visible.</doc>
<status status="PASS" start="2026-01-14T11:22:20.935495" elapsed="0.025205"/>
</kw>
<kw name="Get WebElements" owner="SeleniumLibrary">
<msg time="2026-01-14T11:22:20.972883" level="INFO">${options} = [&lt;selenium.webdriver.remote.webelement.WebElement (session="5f28f212b2e438459f72cca759350819", element="f.61A562FFC092B162060038B13444F926.d.F0E805AC3EA588E1756E99140B9C0F48.e.82")&gt;, &lt;selenium.webdriv...</msg>
<var>${options}</var>
<arg>${OPTION_LABELS}</arg>
<doc>Returns a list of WebElement objects matching the ``locator``.</doc>
<status status="PASS" start="2026-01-14T11:22:20.960958" elapsed="0.011986"/>
</kw>
<kw name="Click Element" owner="SeleniumLibrary">
<msg time="2026-01-14T11:22:20.973391" level="INFO">Clicking element '&lt;selenium.webdriver.remote.webelement.WebElement (session="5f28f212b2e438459f72cca759350819", element="f.61A562FFC092B162060038B13444F926.d.F0E805AC3EA588E1756E99140B9C0F48.e.82")&gt;'.</msg>
<arg>${options}[0]</arg>
<doc>Click the element identified by ``locator``.</doc>
<status status="PASS" start="2026-01-14T11:22:20.973133" elapsed="0.099522"/>
</kw>
<status status="PASS" start="2026-01-14T11:22:20.935065" elapsed="0.137764"/>
</kw>
<status status="PASS" start="2026-01-14T11:22:20.934755" elapsed="0.138154"/>
</branch>
<status status="PASS" start="2026-01-14T11:22:20.934720" elapsed="0.138282"/>
</if>
<status status="PASS" start="2026-01-14T11:22:15.637012" elapsed="5.436072"/>
</iter>
<iter>
<kw name="Run Keyword And Return Status" owner="BuiltIn">
<kw name="Wait Until Page Contains Element" owner="SeleniumLibrary">
<msg time="2026-01-14T11:22:22.599794" level="WARN">Keyword 'Capture Page Screenshot' could not be run on failure: Message: no such window: target window already closed
from unknown error: web view not found
  (Session info: chrome=143.0.7499.193)
Stacktrace:
Symbols not available. Dumping unresolved backtrace:
	0x7ff618d088d5
	0x7ff618d08930
	0x7ff618ae165d
	0x7ff618ab91b1
	0x7ff618b697e6
	0x7ff618b8a5c2
	0x7ff618b2ac29
	0x7ff618b2ba93
	0x7ff619020620
	0x7ff61901af60
	0x7ff6190396c6
	0x7ff618d25dd4
	0x7ff618d2ed7c
	0x7ff618d11ff4
	0x7ff618d121a5
	0x7ff618cf7ed2
	0x7ffee9d0e8d7
	0x7ffeea3ec53c
</msg>
<msg time="2026-01-14T11:22:22.600554" level="FAIL">NoSuchWindowException: Message: no such window: target window already closed
from unknown error: web view not found
  (Session info: chrome=143.0.7499.193)
Stacktrace:
Symbols not available. Dumping unresolved backtrace:
	0x7ff618d088d5
	0x7ff618d08930
	0x7ff618ae165d
	0x7ff618ab91b1
	0x7ff618b697e6
	0x7ff618b8a5c2
	0x7ff618b2ac29
	0x7ff618b2ba93
	0x7ff619020620
	0x7ff61901af60
	0x7ff6190396c6
	0x7ff618d25dd4
	0x7ff618d2ed7c
	0x7ff618d11ff4
	0x7ff618d121a5
	0x7ff618cf7ed2
	0x7ffee9d0e8d7
	0x7ffeea3ec53c
</msg>
<arg>${NEXT_BTN}</arg>
<doc>Waits until the element ``locator`` appears on the current page.</doc>
<status status="FAIL" start="2026-01-14T11:22:21.074176" elapsed="1.533196">NoSuchWindowException: Message: no such window: target window already closed
from unknown error: web view not found
  (Session info: chrome=143.0.7499.193)
Stacktrace:
Symbols not available. Dumping unresolved backtrace:
	0x7ff618d088d5
	0x7ff618d08930
	0x7ff618ae165d
	0x7ff618ab91b1
	0x7ff618b697e6
	0x7ff618b8a5c2
	0x7ff618b2ac29
	0x7ff618b2ba93
	0x7ff619020620
	0x7ff61901af60
	0x7ff6190396c6
	0x7ff618d25dd4
	0x7ff618d2ed7c
	0x7ff618d11ff4
	0x7ff618d121a5
	0x7ff618cf7ed2
	0x7ffee9d0e8d7
	0x7ffeea3ec53c
</status>
</kw>
<msg time="2026-01-14T11:22:22.607631" level="INFO">${button_appears} = False</msg>
<var>${button_appears}</var>
<arg>Wait Until Page Contains Element</arg>
<arg>${NEXT_BTN}</arg>
<doc>Runs the given keyword with given arguments and returns the status as a Boolean value.</doc>
<status status="PASS" start="2026-01-14T11:22:21.073821" elapsed="1.533847"/>
</kw>
<if>
<branch type="IF" condition="${button_appears}">
<kw name="Exit For Loop" owner="BuiltIn">
<doc>Stops executing the enclosing FOR loop.</doc>
<status status="NOT RUN" start="2026-01-14T11:22:22.607948" elapsed="0.000034"/>
</kw>
<status status="NOT RUN" start="2026-01-14T11:22:22.607778" elapsed="0.000246"/>
</branch>
<status status="PASS" start="2026-01-14T11:22:22.607753" elapsed="0.000324"/>
</if>
<kw name="Run Keyword And Return Status" owner="BuiltIn">
<kw name="Wait Until Element Is Visible" owner="SeleniumLibrary">
<msg time="2026-01-14T11:22:22.619258" level="WARN">Keyword 'Capture Page Screenshot' could not be run on failure: Message: no such window: target window already closed
from unknown error: web view not found
  (Session info: chrome=143.0.7499.193)
Stacktrace:
Symbols not available. Dumping unresolved backtrace:
	0x7ff618d088d5
	0x7ff618d08930
	0x7ff618ae165d
	0x7ff618ab91b1
	0x7ff618b697e6
	0x7ff618b8a5c2
	0x7ff618b2ac29
	0x7ff618b2ba93
	0x7ff619020620
	0x7ff61901af60
	0x7ff6190396c6
	0x7ff618d25dd4
	0x7ff618d2ed7c
	0x7ff618d11ff4
	0x7ff618d121a5
	0x7ff618cf7ed2
	0x7ffee9d0e8d7
	0x7ffeea3ec53c
</msg>
<msg time="2026-01-14T11:22:22.619959" level="FAIL">NoSuchWindowException: Message: no such window: target window already closed
from unknown error: web view not found
  (Session info: chrome=143.0.7499.193)
Stacktrace:
Symbols not available. Dumping unresolved backtrace:
	0x7ff618d088d5
	0x7ff618d08930
	0x7ff618ae165d
	0x7ff618ab91b1
	0x7ff618b697e6
	0x7ff618b8a5c2
	0x7ff618b2ac29
	0x7ff618b2ba93
	0x7ff619020620
	0x7ff61901af60
	0x7ff6190396c6
	0x7ff618d25dd4
	0x7ff618d2ed7c
	0x7ff618d11ff4
	0x7ff618d121a5
	0x7ff618cf7ed2
	0x7ffee9d0e8d7
	0x7ffeea3ec53c
</msg>
<arg>${OPTION_LABELS}</arg>
<doc>Waits until the element ``locator`` is visible.</doc>
<status status="FAIL" start="2026-01-14T11:22:22.608328" elapsed="0.019203">NoSuchWindowException: Message: no such window: target window already closed
from unknown error: web view not found
  (Session info: chrome=143.0.7499.193)
Stacktrace:
Symbols not available. Dumping unresolved backtrace:
	0x7ff618d088d5
	0x7ff618d08930
	0x7ff618ae165d
	0x7ff618ab91b1
	0x7ff618b697e6
	0x7ff618b8a5c2
	0x7ff618b2ac29
	0x7ff618b2ba93
	0x7ff619020620
	0x7ff61901af60
	0x7ff6190396c6
	0x7ff618d25dd4
	0x7ff618d2ed7c
	0x7ff618d11ff4
	0x7ff618d121a5
	0x7ff618cf7ed2
	0x7ffee9d0e8d7
	0x7ffeea3ec53c
</status>
</kw>
<msg time="2026-01-14T11:22:22.627767" level="INFO">${has_option} = False</msg>
<var>${has_option}</var>
<arg>Wait Until Element Is Visible</arg>
<arg>${OPTION_LABELS}</arg>
<doc>Runs the given keyword with given arguments and returns the status as a Boolean value.</doc>
<status status="PASS" start="2026-01-14T11:22:22.608175" elapsed="0.019640"/>
</kw>
<if>
<branch type="IF" condition="${has_option}">
<kw name="Choose Option" owner="quiz_page">
<status status="NOT RUN" start="2026-01-14T11:22:22.628221" elapsed="0.000049"/>
</kw>
<status status="NOT RUN" start="2026-01-14T11:22:22.627957" elapsed="0.000366"/>
</branch>
<status status="PASS" start="2026-01-14T11:22:22.627924" elapsed="0.000451"/>
</if>
<status status="PASS" start="2026-01-14T11:22:21.073186" elapsed="1.555225"/>
</iter>
<iter>
<kw name="Run Keyword And Return Status" owner="BuiltIn">
<kw name="Wait Until Page Contains Element" owner="SeleniumLibrary">
<msg time="2026-01-14T11:22:22.638720" level="WARN">Keyword 'Capture Page Screenshot' could not be run on failure: Message: no such window: target window already closed
from unknown error: web view not found
  (Session info: chrome=143.0.7499.193)
Stacktrace:
Symbols not available. Dumping unresolved backtrace:
	0x7ff618d088d5
	0x7ff618d08930
	0x7ff618ae165d
	0x7ff618ab91b1
	0x7ff618b697e6
	0x7ff618b8a5c2
	0x7ff618b2ac29
	0x7ff618b2ba93
	0x7ff619020620
	0x7ff61901af60
	0x7ff6190396c6
	0x7ff618d25dd4
	0x7ff618d2ed7c
	0x7ff618d11ff4
	0x7ff618d121a5
	0x7ff618cf7ed2
	0x7ffee9d0e8d7
	0x7ffeea3ec53c
</msg>
<msg time="2026-01-14T11:22:22.639452" level="FAIL">NoSuchWindowException: Message: no such window: target window already closed
from unknown error: web view not found
  (Session info: chrome=143.0.7499.193)
Stacktrace:
Symbols not available. Dumping unresolved backtrace:
	0x7ff618d088d5
	0x7ff618d08930
	0x7ff618ae165d
	0x7ff618ab91b1
	0x7ff618b697e6
	0x7ff618b8a5c2
	0x7ff618b2ac29
	0x7ff618b2ba93
	0x7ff619020620
	0x7ff61901af60
	0x7ff6190396c6
	0x7ff618d25dd4
	0x7ff618d2ed7c
	0x7ff618d11ff4
	0x7ff618d121a5
	0x7ff618cf7ed2
	0x7ffee9d0e8d7
	0x7ffeea3ec53c
</msg>
<arg>${NEXT_BTN}</arg>
<doc>Waits until the element ``locator`` appears on the current page.</doc>
<status status="FAIL" start="2026-01-14T11:22:22.628973" elapsed="0.013145">NoSuchWindowException: Message: no such window: target window already closed
from unknown error: web view not found
  (Session info: chrome=143.0.7499.193)
Stacktrace:
Symbols not available. Dumping unresolved backtrace:
	0x7ff618d088d5
	0x7ff618d08930
	0x7ff618ae165d
	0x7ff618ab91b1
	0x7ff618b697e6
	0x7ff618b8a5c2
	0x7ff618b2ac29
	0x7ff618b2ba93
	0x7ff619020620
	0x7ff61901af60
	0x7ff6190396c6
	0x7ff618d25dd4
	0x7ff618d2ed7c
	0x7ff618d11ff4
	0x7ff618d121a5
	0x7ff618cf7ed2
	0x7ffee9d0e8d7
	0x7ffeea3ec53c
</status>
</kw>
<msg time="2026-01-14T11:22:22.642355" level="INFO">${button_appears} = False</msg>
<var>${button_appears}</var>
<arg>Wait Until Page Contains Element</arg>
<arg>${NEXT_BTN}</arg>
<doc>Runs the given keyword with given arguments and returns the status as a Boolean value.</doc>
<status status="PASS" start="2026-01-14T11:22:22.628756" elapsed="0.013642"/>
</kw>
<if>
<branch type="IF" condition="${button_appears}">
<kw name="Exit For Loop" owner="BuiltIn">
<doc>Stops executing the enclosing FOR loop.</doc>
<status status="NOT RUN" start="2026-01-14T11:22:22.642750" elapsed="0.000042"/>
</kw>
<status status="NOT RUN" start="2026-01-14T11:22:22.642536" elapsed="0.000309"/>
</branch>
<status status="PASS" start="2026-01-14T11:22:22.642505" elapsed="0.000392"/>
</if>
<kw name="Run Keyword And Return Status" owner="BuiltIn">
<kw name="Wait Until Element Is Visible" owner="SeleniumLibrary">
<msg time="2026-01-14T11:22:22.653535" level="WARN">Keyword 'Capture Page Screenshot' could not be run on failure: Message: no such window: target window already closed
from unknown error: web view not found
  (Session info: chrome=143.0.7499.193)
Stacktrace:
Symbols not available. Dumping unresolved backtrace:
	0x7ff618d088d5
	0x7ff618d08930
	0x7ff618ae165d
	0x7ff618ab91b1
	0x7ff618b697e6
	0x7ff618b8a5c2
	0x7ff618b2ac29
	0x7ff618b2ba93
	0x7ff619020620
	0x7ff61901af60
	0x7ff6190396c6
	0x7ff618d25dd4
	0x7ff618d2ed7c
	0x7ff618d11ff4
	0x7ff618d121a5
	0x7ff618cf7ed2
	0x7ffee9d0e8d7
	0x7ffeea3ec53c
</msg>
<msg time="2026-01-14T11:22:22.654249" level="FAIL">NoSuchWindowException: Message: no such window: target window already closed
from unknown error: web view not found
  (Session info: chrome=143.0.7499.193)
Stacktrace:
Symbols not available. Dumping unresolved backtrace:
	0x7ff618d088d5
	0x7ff618d08930
	0x7ff618ae165d
	0x7ff618ab91b1
	0x7ff618b697e6
	0x7ff618b8a5c2
	0x7ff618b2ac29
	0x7ff618b2ba93
	0x7ff619020620
	0x7ff61901af60
	0x7ff6190396c6
	0x7ff618d25dd4
	0x7ff618d2ed7c
	0x7ff618d11ff4
	0x7ff618d121a5
	0x7ff618cf7ed2
	0x7ffee9d0e8d7
	0x7ffeea3ec53c
</msg>
<arg>${OPTION_LABELS}</arg>
<doc>Waits until the element ``locator`` is visible.</doc>
<status status="FAIL" start="2026-01-14T11:22:22.643246" elapsed="0.012999">NoSuchWindowException: Message: no such window: target window already closed
from unknown error: web view not found
  (Session info: chrome=143.0.7499.193)
Stacktrace:
Symbols not available. Dumping unresolved backtrace:
	0x7ff618d088d5
	0x7ff618d08930
	0x7ff618ae165d
	0x7ff618ab91b1
	0x7ff618b697e6
	0x7ff618b8a5c2
	0x7ff618b2ac29
	0x7ff618b2ba93
	0x7ff619020620
	0x7ff61901af60
	0x7ff6190396c6
	0x7ff618d25dd4
	0x7ff618d2ed7c
	0x7ff618d11ff4
	0x7ff618d121a5
	0x7ff618cf7ed2
	0x7ffee9d0e8d7
	0x7ffeea3ec53c
</status>
</kw>
<msg time="2026-01-14T11:22:22.656543" level="INFO">${has_option} = False</msg>
<var>${has_option}</var>
<arg>Wait Until Element Is Visible</arg>
<arg>${OPTION_LABELS}</arg>
<doc>Runs the given keyword with given arguments and returns the status as a Boolean value.</doc>
<status status="PASS" start="2026-01-14T11:22:22.643022" elapsed="0.013595"/>
</kw>
<if>
<branch type="IF" condition="${has_option}">
<kw name="Choose Option" owner="quiz_page">
<status status="NOT RUN" start="2026-01-14T11:22:22.657025" elapsed="0.000040"/>
</kw>
<status status="NOT RUN" start="2026-01-14T11:22:22.656789" elapsed="0.000320"/>
</branch>
<status status="PASS" start="2026-01-14T11:22:22.656759" elapsed="0.000398"/>
</if>
<status status="PASS" start="2026-01-14T11:22:22.628457" elapsed="0.028768"/>
</iter>
<iter>
<kw name="Run Keyword And Return Status" owner="BuiltIn">
<kw name="Wait Until Page Contains Element" owner="SeleniumLibrary">
<msg time="2026-01-14T11:22:22.668711" level="WARN">Keyword 'Capture Page Screenshot' could not be run on failure: Message: no such window: target window already closed
from unknown error: web view not found
  (Session info: chrome=143.0.7499.193)
Stacktrace:
Symbols not available. Dumping unresolved backtrace:
	0x7ff618d088d5
	0x7ff618d08930
	0x7ff618ae165d
	0x7ff618ab91b1
	0x7ff618b697e6
	0x7ff618b8a5c2
	0x7ff618b2ac29
	0x7ff618b2ba93
	0x7ff619020620
	0x7ff61901af60
	0x7ff6190396c6
	0x7ff618d25dd4
	0x7ff618d2ed7c
	0x7ff618d11ff4
	0x7ff618d121a5
	0x7ff618cf7ed2
	0x7ffee9d0e8d7
	0x7ffeea3ec53c
</msg>
<msg time="2026-01-14T11:22:22.669471" level="FAIL">NoSuchWindowException: Message: no such window: target window already closed
from unknown error: web view not found
  (Session info: chrome=143.0.7499.193)
Stacktrace:
Symbols not available. Dumping unresolved backtrace:
	0x7ff618d088d5
	0x7ff618d08930
	0x7ff618ae165d
	0x7ff618ab91b1
	0x7ff618b697e6
	0x7ff618b8a5c2
	0x7ff618b2ac29
	0x7ff618b2ba93
	0x7ff619020620
	0x7ff61901af60
	0x7ff6190396c6
	0x7ff618d25dd4
	0x7ff618d2ed7c
	0x7ff618d11ff4
	0x7ff618d121a5
	0x7ff618cf7ed2
	0x7ffee9d0e8d7
	0x7ffeea3ec53c
</msg>
<arg>${NEXT_BTN}</arg>
<doc>Waits until the element ``locator`` appears on the current page.</doc>
<status status="FAIL" start="2026-01-14T11:22:22.658110" elapsed="0.013579">NoSuchWindowException: Message: no such window: target window already closed
from unknown error: web view not found
  (Session info: chrome=143.0.7499.193)
Stacktrace:
Symbols not available. Dumping unresolved backtrace:
	0x7ff618d088d5
	0x7ff618d08930
	0x7ff618ae165d
	0x7ff618ab91b1
	0x7ff618b697e6
	0x7ff618b8a5c2
	0x7ff618b2ac29
	0x7ff618b2ba93
	0x7ff619020620
	0x7ff61901af60
	0x7ff6190396c6
	0x7ff618d25dd4
	0x7ff618d2ed7c
	0x7ff618d11ff4
	0x7ff618d121a5
	0x7ff618cf7ed2
	0x7ffee9d0e8d7
	0x7ffeea3ec53c
</status>
</kw>
<msg time="2026-01-14T11:22:22.671863" level="INFO">${button_appears} = False</msg>
<var>${button_appears}</var>
<arg>Wait Until Page Contains Element</arg>
<arg>${NEXT_BTN}</arg>
<doc>Runs the given keyword with given arguments and returns the status as a Boolean value.</doc>
<status status="PASS" start="2026-01-14T11:22:22.657762" elapsed="0.014134"/>
</kw>
<if>
<branch type="IF" condition="${button_appears}">
<kw name="Exit For Loop" owner="BuiltIn">
<doc>Stops executing the enclosing FOR loop.</doc>
<status status="NOT RUN" start="2026-01-14T11:22:22.672212" elapsed="0.000051"/>
</kw>
<status status="NOT RUN" start="2026-01-14T11:22:22.672013" elapsed="0.000318"/>
</branch>
<status status="PASS" start="2026-01-14T11:22:22.671986" elapsed="0.000410"/>
</if>
<kw name="Run Keyword And Return Status" owner="BuiltIn">
<kw name="Wait Until Element Is Visible" owner="SeleniumLibrary">
<msg time="2026-01-14T11:22:22.684645" level="WARN">Keyword 'Capture Page Screenshot' could not be run on failure: Message: no such window: target window already closed
from unknown error: web view not found
  (Session info: chrome=143.0.7499.193)
Stacktrace:
Symbols not available. Dumping unresolved backtrace:
	0x7ff618d088d5
	0x7ff618d08930
	0x7ff618ae165d
	0x7ff618ab91b1
	0x7ff618b697e6
	0x7ff618b8a5c2
	0x7ff618b2ac29
	0x7ff618b2ba93
	0x7ff619020620
	0x7ff61901af60
	0x7ff6190396c6
	0x7ff618d25dd4
	0x7ff618d2ed7c
	0x7ff618d11ff4
	0x7ff618d121a5
	0x7ff618cf7ed2
	0x7ffee9d0e8d7
	0x7ffeea3ec53c
</msg>
<msg time="2026-01-14T11:22:22.685371" level="FAIL">NoSuchWindowException: Message: no such window: target window already closed
from unknown error: web view not found
  (Session info: chrome=143.0.7499.193)
Stacktrace:
Symbols not available. Dumping unresolved backtrace:
	0x7ff618d088d5
	0x7ff618d08930
	0x7ff618ae165d
	0x7ff618ab91b1
	0x7ff618b697e6
	0x7ff618b8a5c2
	0x7ff618b2ac29
	0x7ff618b2ba93
	0x7ff619020620
	0x7ff61901af60
	0x7ff6190396c6
	0x7ff618d25dd4
	0x7ff618d2ed7c
	0x7ff618d11ff4
	0x7ff618d121a5
	0x7ff618cf7ed2
	0x7ffee9d0e8d7
	0x7ffeea3ec53c
</msg>
<arg>${OPTION_LABELS}</arg>
<doc>Waits until the element ``locator`` is visible.</doc>
<status status="FAIL" start="2026-01-14T11:22:22.673523" elapsed="0.014060">NoSuchWindowException: Message: no such window: target window already closed
from unknown error: web view not found
  (Session info: chrome=143.0.7499.193)
Stacktrace:
Symbols not available. Dumping unresolved backtrace:
	0x7ff618d088d5
	0x7ff618d08930
	0x7ff618ae165d
	0x7ff618ab91b1
	0x7ff618b697e6
	0x7ff618b8a5c2
	0x7ff618b2ac29
	0x7ff618b2ba93
	0x7ff619020620
	0x7ff61901af60
	0x7ff6190396c6
	0x7ff618d25dd4
	0x7ff618d2ed7c
	0x7ff618d11ff4
	0x7ff618d121a5
	0x7ff618cf7ed2
	0x7ffee9d0e8d7
	0x7ffeea3ec53c
</status>
</kw>
<msg time="2026-01-14T11:22:22.687736" level="INFO">${has_option} = False</msg>
<var>${has_option}</var>
<arg>Wait Until Element Is Visible</arg>
<arg>${OPTION_LABELS}</arg>
<doc>Runs the given keyword with given arguments and returns the status as a Boolean value.</doc>
<status status="PASS" start="2026-01-14T11:22:22.672985" elapsed="0.014781"/>
</kw>
<if>
<branch type="IF" condition="${has_option}">
<kw name="Choose Option" owner="quiz_page">
<status status="NOT RUN" start="2026-01-14T11:22:22.688065" elapsed="0.000036"/>
</kw>
<status status="NOT RUN" start="2026-01-14T11:22:22.687868" elapsed="0.000270"/>
</branch>
<status status="PASS" start="2026-01-14T11:22:22.687843" elapsed="0.000335"/>
</if>
<status status="PASS" start="2026-01-14T11:22:22.657297" elapsed="0.030908"/>
</iter>
<iter>
<kw name="Run Keyword And Return Status" owner="BuiltIn">
<kw name="Wait Until Page Contains Element" owner="SeleniumLibrary">
<msg time="2026-01-14T11:22:22.700071" level="WARN">Keyword 'Capture Page Screenshot' could not be run on failure: Message: no such window: target window already closed
from unknown error: web view not found
  (Session info: chrome=143.0.7499.193)
Stacktrace:
Symbols not available. Dumping unresolved backtrace:
	0x7ff618d088d5
	0x7ff618d08930
	0x7ff618ae165d
	0x7ff618ab91b1
	0x7ff618b697e6
	0x7ff618b8a5c2
	0x7ff618b2ac29
	0x7ff618b2ba93
	0x7ff619020620
	0x7ff61901af60
	0x7ff6190396c6
	0x7ff618d25dd4
	0x7ff618d2ed7c
	0x7ff618d11ff4
	0x7ff618d121a5
	0x7ff618cf7ed2
	0x7ffee9d0e8d7
	0x7ffeea3ec53c
</msg>
<msg time="2026-01-14T11:22:22.700813" level="FAIL">NoSuchWindowException: Message: no such window: target window already closed
from unknown error: web view not found
  (Session info: chrome=143.0.7499.193)
Stacktrace:
Symbols not available. Dumping unresolved backtrace:
	0x7ff618d088d5
	0x7ff618d08930
	0x7ff618ae165d
	0x7ff618ab91b1
	0x7ff618b697e6
	0x7ff618b8a5c2
	0x7ff618b2ac29
	0x7ff618b2ba93
	0x7ff619020620
	0x7ff61901af60
	0x7ff6190396c6
	0x7ff618d25dd4
	0x7ff618d2ed7c
	0x7ff618d11ff4
	0x7ff618d121a5
	0x7ff618cf7ed2
	0x7ffee9d0e8d7
	0x7ffeea3ec53c
</msg>
<arg>${NEXT_BTN}</arg>
<doc>Waits until the element ``locator`` appears on the current page.</doc>
<status status="FAIL" start="2026-01-14T11:22:22.688774" elapsed="0.014283">NoSuchWindowException: Message: no such window: target window already closed
from unknown error: web view not found
  (Session info: chrome=143.0.7499.193)
Stacktrace:
Symbols not available. Dumping unresolved backtrace:
	0x7ff618d088d5
	0x7ff618d08930
	0x7ff618ae165d
	0x7ff618ab91b1
	0x7ff618b697e6
	0x7ff618b8a5c2
	0x7ff618b2ac29
	0x7ff618b2ba93
	0x7ff619020620
	0x7ff61901af60
	0x7ff6190396c6
	0x7ff618d25dd4
	0x7ff618d2ed7c
	0x7ff618d11ff4
	0x7ff618d121a5
	0x7ff618cf7ed2
	0x7ffee9d0e8d7
	0x7ffeea3ec53c
</status>
</kw>
<msg time="2026-01-14T11:22:22.703276" level="INFO">${button_appears} = False</msg>
<var>${button_appears}</var>
<arg>Wait Until Page Contains Element</arg>
<arg>${NEXT_BTN}</arg>
<doc>Runs the given keyword with given arguments and returns the status as a Boolean value.</doc>
<status status="PASS" start="2026-01-14T11:22:22.688596" elapsed="0.014714"/>
</kw>
<if>
<branch type="IF" condition="${button_appears}">
<kw name="Exit For Loop" owner="BuiltIn">
<doc>Stops executing the enclosing FOR loop.</doc>
<status status="NOT RUN" start="2026-01-14T11:22:22.703603" elapsed="0.000035"/>
</kw>
<status status="NOT RUN" start="2026-01-14T11:22:22.703425" elapsed="0.000257"/>
</branch>
<status status="PASS" start="2026-01-14T11:22:22.703399" elapsed="0.000326"/>
</if>
<kw name="Run Keyword And Return Status" owner="BuiltIn">
<kw name="Wait Until Element Is Visible" owner="SeleniumLibrary">
<msg time="2026-01-14T11:22:22.716548" level="WARN">Keyword 'Capture Page Screenshot' could not be run on failure: Message: no such window: target window already closed
from unknown error: web view not found
  (Session info: chrome=143.0.7499.193)
Stacktrace:
Symbols not available. Dumping unresolved backtrace:
	0x7ff618d088d5
	0x7ff618d08930
	0x7ff618ae165d
	0x7ff618ab91b1
	0x7ff618b697e6
	0x7ff618b8a5c2
	0x7ff618b2ac29
	0x7ff618b2ba93
	0x7ff619020620
	0x7ff61901af60
	0x7ff6190396c6
	0x7ff618d25dd4
	0x7ff618d2ed7c
	0x7ff618d11ff4
	0x7ff618d121a5
	0x7ff618cf7ed2
	0x7ffee9d0e8d7
	0x7ffeea3ec53c
</msg>
<msg time="2026-01-14T11:22:22.717327" level="FAIL">NoSuchWindowException: Message: no such window: target window already closed
from unknown error: web view not found
  (Session info: chrome=143.0.7499.193)
Stacktrace:
Symbols not available. Dumping unresolved backtrace:
	0x7ff618d088d5
	0x7ff618d08930
	0x7ff618ae165d
	0x7ff618ab91b1
	0x7ff618b697e6
	0x7ff618b8a5c2
	0x7ff618b2ac29
	0x7ff618b2ba93
	0x7ff619020620
	0x7ff61901af60
	0x7ff6190396c6
	0x7ff618d25dd4
	0x7ff618d2ed7c
	0x7ff618d11ff4
	0x7ff618d121a5
	0x7ff618cf7ed2
	0x7ffee9d0e8d7
	0x7ffeea3ec53c
</msg>
<arg>${OPTION_LABELS}</arg>
<doc>Waits until the element ``locator`` is visible.</doc>
<status status="FAIL" start="2026-01-14T11:22:22.703990" elapsed="0.015929">NoSuchWindowException: Message: no such window: target window already closed
from unknown error: web view not found
  (Session info: chrome=143.0.7499.193)
Stacktrace:
Symbols not available. Dumping unresolved backtrace:
	0x7ff618d088d5
	0x7ff618d08930
	0x7ff618ae165d
	0x7ff618ab91b1
	0x7ff618b697e6
	0x7ff618b8a5c2
	0x7ff618b2ac29
	0x7ff618b2ba93
	0x7ff619020620
	0x7ff61901af60
	0x7ff6190396c6
	0x7ff618d25dd4
	0x7ff618d2ed7c
	0x7ff618d11ff4
	0x7ff618d121a5
	0x7ff618cf7ed2
	0x7ffee9d0e8d7
	0x7ffeea3ec53c
</status>
</kw>
<msg time="2026-01-14T11:22:22.720106" level="INFO">${has_option} = False</msg>
<var>${has_option}</var>
<arg>Wait Until Element Is Visible</arg>
<arg>${OPTION_LABELS}</arg>
<doc>Runs the given keyword with given arguments and returns the status as a Boolean value.</doc>
<status status="PASS" start="2026-01-14T11:22:22.703828" elapsed="0.016318"/>
</kw>
<if>
<branch type="IF" condition="${has_option}">
<kw name="Choose Option" owner="quiz_page">
<status status="NOT RUN" start="2026-01-14T11:22:22.720532" elapsed="0.000043"/>
</kw>
<status status="NOT RUN" start="2026-01-14T11:22:22.720292" elapsed="0.000327"/>
</branch>
<status status="PASS" start="2026-01-14T11:22:22.720262" elapsed="0.000404"/>
</if>
<status status="PASS" start="2026-01-14T11:22:22.688238" elapsed="0.032459"/>
</iter>
<iter>
<kw name="Run Keyword And Return Status" owner="BuiltIn">
<kw name="Wait Until Page Contains Element" owner="SeleniumLibrary">
<msg time="2026-01-14T11:22:22.731214" level="WARN">Keyword 'Capture Page Screenshot' could not be run on failure: Message: no such window: target window already closed
from unknown error: web view not found
  (Session info: chrome=143.0.7499.193)
Stacktrace:
Symbols not available. Dumping unresolved backtrace:
	0x7ff618d088d5
	0x7ff618d08930
	0x7ff618ae165d
	0x7ff618ab91b1
	0x7ff618b697e6
	0x7ff618b8a5c2
	0x7ff618b2ac29
	0x7ff618b2ba93
	0x7ff619020620
	0x7ff61901af60
	0x7ff6190396c6
	0x7ff618d25dd4
	0x7ff618d2ed7c
	0x7ff618d11ff4
	0x7ff618d121a5
	0x7ff618cf7ed2
	0x7ffee9d0e8d7
	0x7ffeea3ec53c
</msg>
<msg time="2026-01-14T11:22:22.732006" level="FAIL">NoSuchWindowException: Message: no such window: target window already closed
from unknown error: web view not found
  (Session info: chrome=143.0.7499.193)
Stacktrace:
Symbols not available. Dumping unresolved backtrace:
	0x7ff618d088d5
	0x7ff618d08930
	0x7ff618ae165d
	0x7ff618ab91b1
	0x7ff618b697e6
	0x7ff618b8a5c2
	0x7ff618b2ac29
	0x7ff618b2ba93
	0x7ff619020620
	0x7ff61901af60
	0x7ff6190396c6
	0x7ff618d25dd4
	0x7ff618d2ed7c
	0x7ff618d11ff4
	0x7ff618d121a5
	0x7ff618cf7ed2
	0x7ffee9d0e8d7
	0x7ffeea3ec53c
</msg>
<arg>${NEXT_BTN}</arg>
<doc>Waits until the element ``locator`` appears on the current page.</doc>
<status status="FAIL" start="2026-01-14T11:22:22.721204" elapsed="0.013822">NoSuchWindowException: Message: no such window: target window already closed
from unknown error: web view not found
  (Session info: chrome=143.0.7499.193)
Stacktrace:
Symbols not available. Dumping unresolved backtrace:
	0x7ff618d088d5
	0x7ff618d08930
	0x7ff618ae165d
	0x7ff618ab91b1
	0x7ff618b697e6
	0x7ff618b8a5c2
	0x7ff618b2ac29
	0x7ff618b2ba93
	0x7ff619020620
	0x7ff61901af60
	0x7ff6190396c6
	0x7ff618d25dd4
	0x7ff618d2ed7c
	0x7ff618d11ff4
	0x7ff618d121a5
	0x7ff618cf7ed2
	0x7ffee9d0e8d7
	0x7ffeea3ec53c
</status>
</kw>
<msg time="2026-01-14T11:22:22.735268" level="INFO">${button_appears} = False</msg>
<var>${button_appears}</var>
<arg>Wait Until Page Contains Element</arg>
<arg>${NEXT_BTN}</arg>
<doc>Runs the given keyword with given arguments and returns the status as a Boolean value.</doc>
<status status="PASS" start="2026-01-14T11:22:22.721023" elapsed="0.014296"/>
</kw>
<if>
<branch type="IF" condition="${button_appears}">
<kw name="Exit For Loop" owner="BuiltIn">
<doc>Stops executing the enclosing FOR loop.</doc>
<status status="NOT RUN" start="2026-01-14T11:22:22.735742" elapsed="0.000054"/>
</kw>
<status status="NOT RUN" start="2026-01-14T11:22:22.735474" elapsed="0.000387"/>
</branch>
<status status="PASS" start="2026-01-14T11:22:22.735439" elapsed="0.000487"/>
</if>
<kw name="Run Keyword And Return Status" owner="BuiltIn">
<kw name="Wait Until Element Is Visible" owner="SeleniumLibrary">
<msg time="2026-01-14T11:22:22.746405" level="WARN">Keyword 'Capture Page Screenshot' could not be run on failure: Message: no such window: target window already closed
from unknown error: web view not found
  (Session info: chrome=143.0.7499.193)
Stacktrace:
Symbols not available. Dumping unresolved backtrace:
	0x7ff618d088d5
	0x7ff618d08930
	0x7ff618ae165d
	0x7ff618ab91b1
	0x7ff618b697e6
	0x7ff618b8a5c2
	0x7ff618b2ac29
	0x7ff618b2ba93
	0x7ff619020620
	0x7ff61901af60
	0x7ff6190396c6
	0x7ff618d25dd4
	0x7ff618d2ed7c
	0x7ff618d11ff4
	0x7ff618d121a5
	0x7ff618cf7ed2
	0x7ffee9d0e8d7
	0x7ffeea3ec53c
</msg>
<msg time="2026-01-14T11:22:22.747413" level="FAIL">NoSuchWindowException: Message: no such window: target window already closed
from unknown error: web view not found
  (Session info: chrome=143.0.7499.193)
Stacktrace:
Symbols not available. Dumping unresolved backtrace:
	0x7ff618d088d5
	0x7ff618d08930
	0x7ff618ae165d
	0x7ff618ab91b1
	0x7ff618b697e6
	0x7ff618b8a5c2
	0x7ff618b2ac29
	0x7ff618b2ba93
	0x7ff619020620
	0x7ff61901af60
	0x7ff6190396c6
	0x7ff618d25dd4
	0x7ff618d2ed7c
	0x7ff618d11ff4
	0x7ff618d121a5
	0x7ff618cf7ed2
	0x7ffee9d0e8d7
	0x7ffeea3ec53c
</msg>
<arg>${OPTION_LABELS}</arg>
<doc>Waits until the element ``locator`` is visible.</doc>
<status status="FAIL" start="2026-01-14T11:22:22.736282" elapsed="0.014064">NoSuchWindowException: Message: no such window: target window already closed
from unknown error: web view not found
  (Session info: chrome=143.0.7499.193)
Stacktrace:
Symbols not available. Dumping unresolved backtrace:
	0x7ff618d088d5
	0x7ff618d08930
	0x7ff618ae165d
	0x7ff618ab91b1
	0x7ff618b697e6
	0x7ff618b8a5c2
	0x7ff618b2ac29
	0x7ff618b2ba93
	0x7ff619020620
	0x7ff61901af60
	0x7ff6190396c6
	0x7ff618d25dd4
	0x7ff618d2ed7c
	0x7ff618d11ff4
	0x7ff618d121a5
	0x7ff618cf7ed2
	0x7ffee9d0e8d7
	0x7ffeea3ec53c
</status>
</kw>
<msg time="2026-01-14T11:22:22.750627" level="INFO">${has_option} = False</msg>
<var>${has_option}</var>
<arg>Wait Until Element Is Visible</arg>
<arg>${OPTION_LABELS}</arg>
<doc>Runs the given keyword with given arguments and returns the status as a Boolean value.</doc>
<status status="PASS" start="2026-01-14T11:22:22.736075" elapsed="0.014598"/>
</kw>
<if>
<branch type="IF" condition="${has_option}">
<kw name="Choose Option" owner="quiz_page">
<status status="NOT RUN" start="2026-01-14T11:22:22.751098" elapsed="0.000048"/>
</kw>
<status status="NOT RUN" start="2026-01-14T11:22:22.750821" elapsed="0.000385"/>
</branch>
<status status="PASS" start="2026-01-14T11:22:22.750786" elapsed="0.000467"/>
</if>
<status status="PASS" start="2026-01-14T11:22:22.720737" elapsed="0.030548"/>
</iter>
<iter>
<kw name="Run Keyword And Return Status" owner="BuiltIn">
<kw name="Wait Until Page Contains Element" owner="SeleniumLibrary">
<msg time="2026-01-14T11:22:22.763616" level="WARN">Keyword 'Capture Page Screenshot' could not be run on failure: Message: no such window: target window already closed
from unknown error: web view not found
  (Session info: chrome=143.0.7499.193)
Stacktrace:
Symbols not available. Dumping unresolved backtrace:
	0x7ff618d088d5
	0x7ff618d08930
	0x7ff618ae165d
	0x7ff618ab91b1
	0x7ff618b697e6
	0x7ff618b8a5c2
	0x7ff618b2ac29
	0x7ff618b2ba93
	0x7ff619020620
	0x7ff61901af60
	0x7ff6190396c6
	0x7ff618d25dd4
	0x7ff618d2ed7c
	0x7ff618d11ff4
	0x7ff618d121a5
	0x7ff618cf7ed2
	0x7ffee9d0e8d7
	0x7ffeea3ec53c
</msg>
<msg time="2026-01-14T11:22:22.764376" level="FAIL">NoSuchWindowException: Message: no such window: target window already closed
from unknown error: web view not found
  (Session info: chrome=143.0.7499.193)
Stacktrace:
Symbols not available. Dumping unresolved backtrace:
	0x7ff618d088d5
	0x7ff618d08930
	0x7ff618ae165d
	0x7ff618ab91b1
	0x7ff618b697e6
	0x7ff618b8a5c2
	0x7ff618b2ac29
	0x7ff618b2ba93
	0x7ff619020620
	0x7ff61901af60
	0x7ff6190396c6
	0x7ff618d25dd4
	0x7ff618d2ed7c
	0x7ff618d11ff4
	0x7ff618d121a5
	0x7ff618cf7ed2
	0x7ffee9d0e8d7
	0x7ffeea3ec53c
</msg>
<arg>${NEXT_BTN}</arg>
<doc>Waits until the element ``locator`` appears on the current page.</doc>
<status status="FAIL" start="2026-01-14T11:22:22.751802" elapsed="0.015012">NoSuchWindowException: Message: no such window: target window already closed
from unknown error: web view not found
  (Session info: chrome=143.0.7499.193)
Stacktrace:
Symbols not available. Dumping unresolved backtrace:
	0x7ff618d088d5
	0x7ff618d08930
	0x7ff618ae165d
	0x7ff618ab91b1
	0x7ff618b697e6
	0x7ff618b8a5c2
	0x7ff618b2ac29
	0x7ff618b2ba93
	0x7ff619020620
	0x7ff61901af60
	0x7ff6190396c6
	0x7ff618d25dd4
	0x7ff618d2ed7c
	0x7ff618d11ff4
	0x7ff618d121a5
	0x7ff618cf7ed2
	0x7ffee9d0e8d7
	0x7ffeea3ec53c
</status>
</kw>
<msg time="2026-01-14T11:22:22.767021" level="INFO">${button_appears} = False</msg>
<var>${button_appears}</var>
<arg>Wait Until Page Contains Element</arg>
<arg>${NEXT_BTN}</arg>
<doc>Runs the given keyword with given arguments and returns the status as a Boolean value.</doc>
<status status="PASS" start="2026-01-14T11:22:22.751622" elapsed="0.015438"/>
</kw>
<if>
<branch type="IF" condition="${button_appears}">
<kw name="Exit For Loop" owner="BuiltIn">
<doc>Stops executing the enclosing FOR loop.</doc>
<status status="NOT RUN" start="2026-01-14T11:22:22.767374" elapsed="0.000037"/>
</kw>
<status status="NOT RUN" start="2026-01-14T11:22:22.767187" elapsed="0.000271"/>
</branch>
<status status="PASS" start="2026-01-14T11:22:22.767157" elapsed="0.000347"/>
</if>
<kw name="Run Keyword And Return Status" owner="BuiltIn">
<kw name="Wait Until Element Is Visible" owner="SeleniumLibrary">
<msg time="2026-01-14T11:22:22.778359" level="WARN">Keyword 'Capture Page Screenshot' could not be run on failure: Message: no such window: target window already closed
from unknown error: web view not found
  (Session info: chrome=143.0.7499.193)
Stacktrace:
Symbols not available. Dumping unresolved backtrace:
	0x7ff618d088d5
	0x7ff618d08930
	0x7ff618ae165d
	0x7ff618ab91b1
	0x7ff618b697e6
	0x7ff618b8a5c2
	0x7ff618b2ac29
	0x7ff618b2ba93
	0x7ff619020620
	0x7ff61901af60
	0x7ff6190396c6
	0x7ff618d25dd4
	0x7ff618d2ed7c
	0x7ff618d11ff4
	0x7ff618d121a5
	0x7ff618cf7ed2
	0x7ffee9d0e8d7
	0x7ffeea3ec53c
</msg>
<msg time="2026-01-14T11:22:22.779231" level="FAIL">NoSuchWindowException: Message: no such window: target window already closed
from unknown error: web view not found
  (Session info: chrome=143.0.7499.193)
Stacktrace:
Symbols not available. Dumping unresolved backtrace:
	0x7ff618d088d5
	0x7ff618d08930
	0x7ff618ae165d
	0x7ff618ab91b1
	0x7ff618b697e6
	0x7ff618b8a5c2
	0x7ff618b2ac29
	0x7ff618b2ba93
	0x7ff619020620
	0x7ff61901af60
	0x7ff6190396c6
	0x7ff618d25dd4
	0x7ff618d2ed7c
	0x7ff618d11ff4
	0x7ff618d121a5
	0x7ff618cf7ed2
	0x7ffee9d0e8d7
	0x7ffeea3ec53c
</msg>
<arg>${OPTION_LABELS}</arg>
<doc>Waits until the element ``locator`` is visible.</doc>
<status status="FAIL" start="2026-01-14T11:22:22.767798" elapsed="0.014059">NoSuchWindowException: Message: no such window: target window already closed
from unknown error: web view not found
  (Session info: chrome=143.0.7499.193)
Stacktrace:
Symbols not available. Dumping unresolved backtrace:
	0x7ff618d088d5
	0x7ff618d08930
	0x7ff618ae165d
	0x7ff618ab91b1
	0x7ff618b697e6
	0x7ff618b8a5c2
	0x7ff618b2ac29
	0x7ff618b2ba93
	0x7ff619020620
	0x7ff61901af60
	0x7ff6190396c6
	0x7ff618d25dd4
	0x7ff618d2ed7c
	0x7ff618d11ff4
	0x7ff618d121a5
	0x7ff618cf7ed2
	0x7ffee9d0e8d7
	0x7ffeea3ec53c
</status>
</kw>
<msg time="2026-01-14T11:22:22.782080" level="INFO">${has_option} = False</msg>
<var>${has_option}</var>
<arg>Wait Until Element Is Visible</arg>
<arg>${OPTION_LABELS}</arg>
<doc>Runs the given keyword with given arguments and returns the status as a Boolean value.</doc>
<status status="PASS" start="2026-01-14T11:22:22.767613" elapsed="0.014510"/>
</kw>
<if>
<branch type="IF" condition="${has_option}">
<kw name="Choose Option" owner="quiz_page">
<status status="NOT RUN" start="2026-01-14T11:22:22.782533" elapsed="0.000050"/>
</kw>
<status status="NOT RUN" start="2026-01-14T11:22:22.782263" elapsed="0.000376"/>
</branch>
<status status="PASS" start="2026-01-14T11:22:22.782230" elapsed="0.000481"/>
</if>
<status status="PASS" start="2026-01-14T11:22:22.751325" elapsed="0.031427"/>
</iter>
<iter>
<kw name="Run Keyword And Return Status" owner="BuiltIn">
<kw name="Wait Until Page Contains Element" owner="SeleniumLibrary">
<msg time="2026-01-14T11:22:22.796029" level="WARN">Keyword 'Capture Page Screenshot' could not be run on failure: Message: no such window: target window already closed
from unknown error: web view not found
  (Session info: chrome=143.0.7499.193)
Stacktrace:
Symbols not available. Dumping unresolved backtrace:
	0x7ff618d088d5
	0x7ff618d08930
	0x7ff618ae165d
	0x7ff618ab91b1
	0x7ff618b697e6
	0x7ff618b8a5c2
	0x7ff618b2ac29
	0x7ff618b2ba93
	0x7ff619020620
	0x7ff61901af60
	0x7ff6190396c6
	0x7ff618d25dd4
	0x7ff618d2ed7c
	0x7ff618d11ff4
	0x7ff618d121a5
	0x7ff618cf7ed2
	0x7ffee9d0e8d7
	0x7ffeea3ec53c
</msg>
<msg time="2026-01-14T11:22:22.797063" level="FAIL">NoSuchWindowException: Message: no such window: target window already closed
from unknown error: web view not found
  (Session info: chrome=143.0.7499.193)
Stacktrace:
Symbols not available. Dumping unresolved backtrace:
	0x7ff618d088d5
	0x7ff618d08930
	0x7ff618ae165d
	0x7ff618ab91b1
	0x7ff618b697e6
	0x7ff618b8a5c2
	0x7ff618b2ac29
	0x7ff618b2ba93
	0x7ff619020620
	0x7ff61901af60
	0x7ff6190396c6
	0x7ff618d25dd4
	0x7ff618d2ed7c
	0x7ff618d11ff4
	0x7ff618d121a5
	0x7ff618cf7ed2
	0x7ffee9d0e8d7
	0x7ffeea3ec53c
</msg>
<arg>${NEXT_BTN}</arg>
<doc>Waits until the element ``locator`` appears on the current page.</doc>
<status status="FAIL" start="2026-01-14T11:22:22.783821" elapsed="0.016238">NoSuchWindowException: Message: no such window: target window already closed
from unknown error: web view not found
  (Session info: chrome=143.0.7499.193)
Stacktrace:
Symbols not available. Dumping unresolved backtrace:
	0x7ff618d088d5
	0x7ff618d08930
	0x7ff618ae165d
	0x7ff618ab91b1
	0x7ff618b697e6
	0x7ff618b8a5c2
	0x7ff618b2ac29
	0x7ff618b2ba93
	0x7ff619020620
	0x7ff61901af60
	0x7ff6190396c6
	0x7ff618d25dd4
	0x7ff618d2ed7c
	0x7ff618d11ff4
	0x7ff618d121a5
	0x7ff618cf7ed2
	0x7ffee9d0e8d7
	0x7ffeea3ec53c
</status>
</kw>
<msg time="2026-01-14T11:22:22.800381" level="INFO">${button_appears} = False</msg>
<var>${button_appears}</var>
<arg>Wait Until Page Contains Element</arg>
<arg>${NEXT_BTN}</arg>
<doc>Runs the given keyword with given arguments and returns the status as a Boolean value.</doc>
<status status="PASS" start="2026-01-14T11:22:22.783439" elapsed="0.016983"/>
</kw>
<if>
<branch type="IF" condition="${button_appears}">
<kw name="Exit For Loop" owner="BuiltIn">
<doc>Stops executing the enclosing FOR loop.</doc>
<status status="NOT RUN" start="2026-01-14T11:22:22.800777" elapsed="0.000040"/>
</kw>
<status status="NOT RUN" start="2026-01-14T11:22:22.800554" elapsed="0.000314"/>
</branch>
<status status="PASS" start="2026-01-14T11:22:22.800524" elapsed="0.000394"/>
</if>
<kw name="Run Keyword And Return Status" owner="BuiltIn">
<kw name="Wait Until Element Is Visible" owner="SeleniumLibrary">
<msg time="2026-01-14T11:22:22.811734" level="WARN">Keyword 'Capture Page Screenshot' could not be run on failure: Message: no such window: target window already closed
from unknown error: web view not found
  (Session info: chrome=143.0.7499.193)
Stacktrace:
Symbols not available. Dumping unresolved backtrace:
	0x7ff618d088d5
	0x7ff618d08930
	0x7ff618ae165d
	0x7ff618ab91b1
	0x7ff618b697e6
	0x7ff618b8a5c2
	0x7ff618b2ac29
	0x7ff618b2ba93
	0x7ff619020620
	0x7ff61901af60
	0x7ff6190396c6
	0x7ff618d25dd4
	0x7ff618d2ed7c
	0x7ff618d11ff4
	0x7ff618d121a5
	0x7ff618cf7ed2
	0x7ffee9d0e8d7
	0x7ffeea3ec53c
</msg>
<msg time="2026-01-14T11:22:22.812474" level="FAIL">NoSuchWindowException: Message: no such window: target window already closed
from unknown error: web view not found
  (Session info: chrome=143.0.7499.193)
Stacktrace:
Symbols not available. Dumping unresolved backtrace:
	0x7ff618d088d5
	0x7ff618d08930
	0x7ff618ae165d
	0x7ff618ab91b1
	0x7ff618b697e6
	0x7ff618b8a5c2
	0x7ff618b2ac29
	0x7ff618b2ba93
	0x7ff619020620
	0x7ff61901af60
	0x7ff6190396c6
	0x7ff618d25dd4
	0x7ff618d2ed7c
	0x7ff618d11ff4
	0x7ff618d121a5
	0x7ff618cf7ed2
	0x7ffee9d0e8d7
	0x7ffeea3ec53c
</msg>
<arg>${OPTION_LABELS}</arg>
<doc>Waits until the element ``locator`` is visible.</doc>
<status status="FAIL" start="2026-01-14T11:22:22.801266" elapsed="0.013578">NoSuchWindowException: Message: no such window: target window already closed
from unknown error: web view not found
  (Session info: chrome=143.0.7499.193)
Stacktrace:
Symbols not available. Dumping unresolved backtrace:
	0x7ff618d088d5
	0x7ff618d08930
	0x7ff618ae165d
	0x7ff618ab91b1
	0x7ff618b697e6
	0x7ff618b8a5c2
	0x7ff618b2ac29
	0x7ff618b2ba93
	0x7ff619020620
	0x7ff61901af60
	0x7ff6190396c6
	0x7ff618d25dd4
	0x7ff618d2ed7c
	0x7ff618d11ff4
	0x7ff618d121a5
	0x7ff618cf7ed2
	0x7ffee9d0e8d7
	0x7ffeea3ec53c
</status>
</kw>
<msg time="2026-01-14T11:22:22.815052" level="INFO">${has_option} = False</msg>
<var>${has_option}</var>
<arg>Wait Until Element Is Visible</arg>
<arg>${OPTION_LABELS}</arg>
<doc>Runs the given keyword with given arguments and returns the status as a Boolean value.</doc>
<status status="PASS" start="2026-01-14T11:22:22.801036" elapsed="0.014057"/>
</kw>
<if>
<branch type="IF" condition="${has_option}">
<kw name="Choose Option" owner="quiz_page">
<status status="NOT RUN" start="2026-01-14T11:22:22.815449" elapsed="0.000041"/>
</kw>
<status status="NOT RUN" start="2026-01-14T11:22:22.815230" elapsed="0.000302"/>
</branch>
<status status="PASS" start="2026-01-14T11:22:22.815188" elapsed="0.000386"/>
</if>
<status status="PASS" start="2026-01-14T11:22:22.782860" elapsed="0.032745"/>
</iter>
<iter>
<kw name="Run Keyword And Return Status" owner="BuiltIn">
<kw name="Wait Until Page Contains Element" owner="SeleniumLibrary">
<msg time="2026-01-14T11:22:22.826951" level="WARN">Keyword 'Capture Page Screenshot' could not be run on failure: Message: no such window: target window already closed
from unknown error: web view not found
  (Session info: chrome=143.0.7499.193)
Stacktrace:
Symbols not available. Dumping unresolved backtrace:
	0x7ff618d088d5
	0x7ff618d08930
	0x7ff618ae165d
	0x7ff618ab91b1
	0x7ff618b697e6
	0x7ff618b8a5c2
	0x7ff618b2ac29
	0x7ff618b2ba93
	0x7ff619020620
	0x7ff61901af60
	0x7ff6190396c6
	0x7ff618d25dd4
	0x7ff618d2ed7c
	0x7ff618d11ff4
	0x7ff618d121a5
	0x7ff618cf7ed2
	0x7ffee9d0e8d7
	0x7ffeea3ec53c
</msg>
<msg time="2026-01-14T11:22:22.827738" level="FAIL">NoSuchWindowException: Message: no such window: target window already closed
from unknown error: web view not found
  (Session info: chrome=143.0.7499.193)
Stacktrace:
Symbols not available. Dumping unresolved backtrace:
	0x7ff618d088d5
	0x7ff618d08930
	0x7ff618ae165d
	0x7ff618ab91b1
	0x7ff618b697e6
	0x7ff618b8a5c2
	0x7ff618b2ac29
	0x7ff618b2ba93
	0x7ff619020620
	0x7ff61901af60
	0x7ff6190396c6
	0x7ff618d25dd4
	0x7ff618d2ed7c
	0x7ff618d11ff4
	0x7ff618d121a5
	0x7ff618cf7ed2
	0x7ffee9d0e8d7
	0x7ffeea3ec53c
</msg>
<arg>${NEXT_BTN}</arg>
<doc>Waits until the element ``locator`` appears on the current page.</doc>
<status status="FAIL" start="2026-01-14T11:22:22.816157" elapsed="0.013849">NoSuchWindowException: Message: no such window: target window already closed
from unknown error: web view not found
  (Session info: chrome=143.0.7499.193)
Stacktrace:
Symbols not available. Dumping unresolved backtrace:
	0x7ff618d088d5
	0x7ff618d08930
	0x7ff618ae165d
	0x7ff618ab91b1
	0x7ff618b697e6
	0x7ff618b8a5c2
	0x7ff618b2ac29
	0x7ff618b2ba93
	0x7ff619020620
	0x7ff61901af60
	0x7ff6190396c6
	0x7ff618d25dd4
	0x7ff618d2ed7c
	0x7ff618d11ff4
	0x7ff618d121a5
	0x7ff618cf7ed2
	0x7ffee9d0e8d7
	0x7ffeea3ec53c
</status>
</kw>
<msg time="2026-01-14T11:22:22.830206" level="INFO">${button_appears} = False</msg>
<var>${button_appears}</var>
<arg>Wait Until Page Contains Element</arg>
<arg>${NEXT_BTN}</arg>
<doc>Runs the given keyword with given arguments and returns the status as a Boolean value.</doc>
<status status="PASS" start="2026-01-14T11:22:22.815930" elapsed="0.014317"/>
</kw>
<if>
<branch type="IF" condition="${button_appears}">
<kw name="Exit For Loop" owner="BuiltIn">
<doc>Stops executing the enclosing FOR loop.</doc>
<status status="NOT RUN" start="2026-01-14T11:22:22.830584" elapsed="0.000043"/>
</kw>
<status status="NOT RUN" start="2026-01-14T11:22:22.830378" elapsed="0.000301"/>
</branch>
<status status="PASS" start="2026-01-14T11:22:22.830348" elapsed="0.000380"/>
</if>
<kw name="Run Keyword And Return Status" owner="BuiltIn">
<kw name="Wait Until Element Is Visible" owner="SeleniumLibrary">
<msg time="2026-01-14T11:22:22.841820" level="WARN">Keyword 'Capture Page Screenshot' could not be run on failure: Message: no such window: target window already closed
from unknown error: web view not found
  (Session info: chrome=143.0.7499.193)
Stacktrace:
Symbols not available. Dumping unresolved backtrace:
	0x7ff618d088d5
	0x7ff618d08930
	0x7ff618ae165d
	0x7ff618ab91b1
	0x7ff618b697e6
	0x7ff618b8a5c2
	0x7ff618b2ac29
	0x7ff618b2ba93
	0x7ff619020620
	0x7ff61901af60
	0x7ff6190396c6
	0x7ff618d25dd4
	0x7ff618d2ed7c
	0x7ff618d11ff4
	0x7ff618d121a5
	0x7ff618cf7ed2
	0x7ffee9d0e8d7
	0x7ffeea3ec53c
</msg>
<msg time="2026-01-14T11:22:22.842759" level="FAIL">NoSuchWindowException: Message: no such window: target window already closed
from unknown error: web view not found
  (Session info: chrome=143.0.7499.193)
Stacktrace:
Symbols not available. Dumping unresolved backtrace:
	0x7ff618d088d5
	0x7ff618d08930
	0x7ff618ae165d
	0x7ff618ab91b1
	0x7ff618b697e6
	0x7ff618b8a5c2
	0x7ff618b2ac29
	0x7ff618b2ba93
	0x7ff619020620
	0x7ff61901af60
	0x7ff6190396c6
	0x7ff618d25dd4
	0x7ff618d2ed7c
	0x7ff618d11ff4
	0x7ff618d121a5
	0x7ff618cf7ed2
	0x7ffee9d0e8d7
	0x7ffeea3ec53c
</msg>
<arg>${OPTION_LABELS}</arg>
<doc>Waits until the element ``locator`` is visible.</doc>
<status status="FAIL" start="2026-01-14T11:22:22.831043" elapsed="0.017216">NoSuchWindowException: Message: no such window: target window already closed
from unknown error: web view not found
  (Session info: chrome=143.0.7499.193)
Stacktrace:
Symbols not available. Dumping unresolved backtrace:
	0x7ff618d088d5
	0x7ff618d08930
	0x7ff618ae165d
	0x7ff618ab91b1
	0x7ff618b697e6
	0x7ff618b8a5c2
	0x7ff618b2ac29
	0x7ff618b2ba93
	0x7ff619020620
	0x7ff61901af60
	0x7ff6190396c6
	0x7ff618d25dd4
	0x7ff618d2ed7c
	0x7ff618d11ff4
	0x7ff618d121a5
	0x7ff618cf7ed2
	0x7ffee9d0e8d7
	0x7ffeea3ec53c
</status>
</kw>
<msg time="2026-01-14T11:22:22.848707" level="INFO">${has_option} = False</msg>
<var>${has_option}</var>
<arg>Wait Until Element Is Visible</arg>
<arg>${OPTION_LABELS}</arg>
<doc>Runs the given keyword with given arguments and returns the status as a Boolean value.</doc>
<status status="PASS" start="2026-01-14T11:22:22.830848" elapsed="0.017930"/>
</kw>
<if>
<branch type="IF" condition="${has_option}">
<kw name="Choose Option" owner="quiz_page">
<status status="NOT RUN" start="2026-01-14T11:22:22.849381" elapsed="0.000072"/>
</kw>
<status status="NOT RUN" start="2026-01-14T11:22:22.848992" elapsed="0.000549"/>
</branch>
<status status="PASS" start="2026-01-14T11:22:22.848949" elapsed="0.000681"/>
</if>
<status status="PASS" start="2026-01-14T11:22:22.815643" elapsed="0.034051"/>
</iter>
<iter>
<kw name="Run Keyword And Return Status" owner="BuiltIn">
<kw name="Wait Until Page Contains Element" owner="SeleniumLibrary">
<msg time="2026-01-14T11:22:22.862269" level="WARN">Keyword 'Capture Page Screenshot' could not be run on failure: Message: no such window: target window already closed
from unknown error: web view not found
  (Session info: chrome=143.0.7499.193)
Stacktrace:
Symbols not available. Dumping unresolved backtrace:
	0x7ff618d088d5
	0x7ff618d08930
	0x7ff618ae165d
	0x7ff618ab91b1
	0x7ff618b697e6
	0x7ff618b8a5c2
	0x7ff618b2ac29
	0x7ff618b2ba93
	0x7ff619020620
	0x7ff61901af60
	0x7ff6190396c6
	0x7ff618d25dd4
	0x7ff618d2ed7c
	0x7ff618d11ff4
	0x7ff618d121a5
	0x7ff618cf7ed2
	0x7ffee9d0e8d7
	0x7ffeea3ec53c
</msg>
<msg time="2026-01-14T11:22:22.863177" level="FAIL">NoSuchWindowException: Message: no such window: target window already closed
from unknown error: web view not found
  (Session info: chrome=143.0.7499.193)
Stacktrace:
Symbols not available. Dumping unresolved backtrace:
	0x7ff618d088d5
	0x7ff618d08930
	0x7ff618ae165d
	0x7ff618ab91b1
	0x7ff618b697e6
	0x7ff618b8a5c2
	0x7ff618b2ac29
	0x7ff618b2ba93
	0x7ff619020620
	0x7ff61901af60
	0x7ff6190396c6
	0x7ff618d25dd4
	0x7ff618d2ed7c
	0x7ff618d11ff4
	0x7ff618d121a5
	0x7ff618cf7ed2
	0x7ffee9d0e8d7
	0x7ffeea3ec53c
</msg>
<arg>${NEXT_BTN}</arg>
<doc>Waits until the element ``locator`` appears on the current page.</doc>
<status status="FAIL" start="2026-01-14T11:22:22.850635" elapsed="0.018062">NoSuchWindowException: Message: no such window: target window already closed
from unknown error: web view not found
  (Session info: chrome=143.0.7499.193)
Stacktrace:
Symbols not available. Dumping unresolved backtrace:
	0x7ff618d088d5
	0x7ff618d08930
	0x7ff618ae165d
	0x7ff618ab91b1
	0x7ff618b697e6
	0x7ff618b8a5c2
	0x7ff618b2ac29
	0x7ff618b2ba93
	0x7ff619020620
	0x7ff61901af60
	0x7ff6190396c6
	0x7ff618d25dd4
	0x7ff618d2ed7c
	0x7ff618d11ff4
	0x7ff618d121a5
	0x7ff618cf7ed2
	0x7ffee9d0e8d7
	0x7ffeea3ec53c
</status>
</kw>
<msg time="2026-01-14T11:22:22.868995" level="INFO">${button_appears} = False</msg>
<var>${button_appears}</var>
<arg>Wait Until Page Contains Element</arg>
<arg>${NEXT_BTN}</arg>
<doc>Runs the given keyword with given arguments and returns the status as a Boolean value.</doc>
<status status="PASS" start="2026-01-14T11:22:22.850284" elapsed="0.018774"/>
</kw>
<if>
<branch type="IF" condition="${button_appears}">
<kw name="Exit For Loop" owner="BuiltIn">
<doc>Stops executing the enclosing FOR loop.</doc>
<status status="NOT RUN" start="2026-01-14T11:22:22.869651" elapsed="0.000076"/>
</kw>
<status status="NOT RUN" start="2026-01-14T11:22:22.869276" elapsed="0.000566"/>
</branch>
<status status="PASS" start="2026-01-14T11:22:22.869216" elapsed="0.000734"/>
</if>
<kw name="Run Keyword And Return Status" owner="BuiltIn">
<kw name="Wait Until Element Is Visible" owner="SeleniumLibrary">
<msg time="2026-01-14T11:22:22.881767" level="WARN">Keyword 'Capture Page Screenshot' could not be run on failure: Message: no such window: target window already closed
from unknown error: web view not found
  (Session info: chrome=143.0.7499.193)
Stacktrace:
Symbols not available. Dumping unresolved backtrace:
	0x7ff618d088d5
	0x7ff618d08930
	0x7ff618ae165d
	0x7ff618ab91b1
	0x7ff618b697e6
	0x7ff618b8a5c2
	0x7ff618b2ac29
	0x7ff618b2ba93
	0x7ff619020620
	0x7ff61901af60
	0x7ff6190396c6
	0x7ff618d25dd4
	0x7ff618d2ed7c
	0x7ff618d11ff4
	0x7ff618d121a5
	0x7ff618cf7ed2
	0x7ffee9d0e8d7
	0x7ffeea3ec53c
</msg>
<msg time="2026-01-14T11:22:22.882545" level="FAIL">NoSuchWindowException: Message: no such window: target window already closed
from unknown error: web view not found
  (Session info: chrome=143.0.7499.193)
Stacktrace:
Symbols not available. Dumping unresolved backtrace:
	0x7ff618d088d5
	0x7ff618d08930
	0x7ff618ae165d
	0x7ff618ab91b1
	0x7ff618b697e6
	0x7ff618b8a5c2
	0x7ff618b2ac29
	0x7ff618b2ba93
	0x7ff619020620
	0x7ff61901af60
	0x7ff6190396c6
	0x7ff618d25dd4
	0x7ff618d2ed7c
	0x7ff618d11ff4
	0x7ff618d121a5
	0x7ff618cf7ed2
	0x7ffee9d0e8d7
	0x7ffeea3ec53c
</msg>
<arg>${OPTION_LABELS}</arg>
<doc>Waits until the element ``locator`` is visible.</doc>
<status status="FAIL" start="2026-01-14T11:22:22.870460" elapsed="0.014096">NoSuchWindowException: Message: no such window: target window already closed
from unknown error: web view not found
  (Session info: chrome=143.0.7499.193)
Stacktrace:
Symbols not available. Dumping unresolved backtrace:
	0x7ff618d088d5
	0x7ff618d08930
	0x7ff618ae165d
	0x7ff618ab91b1
	0x7ff618b697e6
	0x7ff618b8a5c2
	0x7ff618b2ac29
	0x7ff618b2ba93
	0x7ff619020620
	0x7ff61901af60
	0x7ff6190396c6
	0x7ff618d25dd4
	0x7ff618d2ed7c
	0x7ff618d11ff4
	0x7ff618d121a5
	0x7ff618cf7ed2
	0x7ffee9d0e8d7
	0x7ffeea3ec53c
</status>
</kw>
[...]
	0x7ff618d08930
	0x7ff618ae165d
	0x7ff618ab91b1
	0x7ff618b697e6
	0x7ff618b8a5c2
	0x7ff618b2ac29
	0x7ff618b2ba93
	0x7ff619020620
	0x7ff61901af60
	0x7ff6190396c6
	0x7ff618d25dd4
	0x7ff618d2ed7c
	0x7ff618d11ff4
	0x7ff618d121a5
	0x7ff618cf7ed2
	0x7ffee9d0e8d7
	0x7ffeea3ec53c
</msg>
<msg time="2026-01-14T11:22:23.209993" level="WARN">Keyword 'Capture Page Screenshot' could not be run on failure: Message: no such window: target window already closed
from unknown error: web view not found
  (Session info: chrome=143.0.7499.193)
Stacktrace:
Symbols not available. Dumping unresolved backtrace:
	0x7ff618d088d5
	0x7ff618d08930
	0x7ff618ae165d
	0x7ff618ab91b1
	0x7ff618b697e6
	0x7ff618b8a5c2
	0x7ff618b2ac29
	0x7ff618b2ba93
	0x7ff619020620
	0x7ff61901af60
	0x7ff6190396c6
	0x7ff618d25dd4
	0x7ff618d2ed7c
	0x7ff618d11ff4
	0x7ff618d121a5
	0x7ff618cf7ed2
	0x7ffee9d0e8d7
	0x7ffeea3ec53c
</msg>
<msg time="2026-01-14T11:22:23.230708" level="WARN">Keyword 'Capture Page Screenshot' could not be run on failure: Message: no such window: target window already closed
from unknown error: web view not found
  (Session info: chrome=143.0.7499.193)
Stacktrace:
Symbols not available. Dumping unresolved backtrace:
	0x7ff618d088d5
	0x7ff618d08930
	0x7ff618ae165d
	0x7ff618ab91b1
	0x7ff618b697e6
	0x7ff618b8a5c2
	0x7ff618b2ac29
	0x7ff618b2ba93
	0x7ff619020620
	0x7ff61901af60
	0x7ff6190396c6
	0x7ff618d25dd4
	0x7ff618d2ed7c
	0x7ff618d11ff4
	0x7ff618d121a5
	0x7ff618cf7ed2
	0x7ffee9d0e8d7
	0x7ffeea3ec53c
</msg>
<msg time="2026-01-14T11:22:23.251829" level="WARN">Keyword 'Capture Page Screenshot' could not be run on failure: Message: no such window: target window already closed
from unknown error: web view not found
  (Session info: chrome=143.0.7499.193)
Stacktrace:
Symbols not available. Dumping unresolved backtrace:
	0x7ff618d088d5
	0x7ff618d08930
	0x7ff618ae165d
	0x7ff618ab91b1
	0x7ff618b697e6
	0x7ff618b8a5c2
	0x7ff618b2ac29
	0x7ff618b2ba93
	0x7ff619020620
	0x7ff61901af60
	0x7ff6190396c6
	0x7ff618d25dd4
	0x7ff618d2ed7c
	0x7ff618d11ff4
	0x7ff618d121a5
	0x7ff618cf7ed2
	0x7ffee9d0e8d7
	0x7ffeea3ec53c
</msg>
<msg time="2026-01-14T11:22:23.273487" level="WARN">Keyword 'Capture Page Screenshot' could not be run on failure: Message: no such window: target window already closed
from unknown error: web view not found
  (Session info: chrome=143.0.7499.193)
Stacktrace:
Symbols not available. Dumping unresolved backtrace:
	0x7ff618d088d5
	0x7ff618d08930
	0x7ff618ae165d
	0x7ff618ab91b1
	0x7ff618b697e6
	0x7ff618b8a5c2
	0x7ff618b2ac29
	0x7ff618b2ba93
	0x7ff619020620
	0x7ff61901af60
	0x7ff6190396c6
	0x7ff618d25dd4
	0x7ff618d2ed7c
	0x7ff618d11ff4
	0x7ff618d121a5
	0x7ff618cf7ed2
	0x7ffee9d0e8d7
	0x7ffeea3ec53c
</msg>
<msg time="2026-01-14T11:22:23.293506" level="WARN">Keyword 'Capture Page Screenshot' could not be run on failure: Message: no such window: target window already closed
from unknown error: web view not found
  (Session info: chrome=143.0.7499.193)
Stacktrace:
Symbols not available. Dumping unresolved backtrace:
	0x7ff618d088d5
	0x7ff618d08930
	0x7ff618ae165d
	0x7ff618ab91b1
	0x7ff618b697e6
	0x7ff618b8a5c2
	0x7ff618b2ac29
	0x7ff618b2ba93
	0x7ff619020620
	0x7ff61901af60
	0x7ff6190396c6
	0x7ff618d25dd4
	0x7ff618d2ed7c
	0x7ff618d11ff4
	0x7ff618d121a5
	0x7ff618cf7ed2
	0x7ffee9d0e8d7
	0x7ffeea3ec53c
</msg>
<msg time="2026-01-14T11:22:23.319430" level="WARN">Keyword 'Capture Page Screenshot' could not be run on failure: Message: no such window: target window already closed
from unknown error: web view not found
  (Session info: chrome=143.0.7499.193)
Stacktrace:
Symbols not available. Dumping unresolved backtrace:
	0x7ff618d088d5
	0x7ff618d08930
	0x7ff618ae165d
	0x7ff618ab91b1
	0x7ff618b697e6
	0x7ff618b8a5c2
	0x7ff618b2ac29
	0x7ff618b2ba93
	0x7ff619020620
	0x7ff61901af60
	0x7ff6190396c6
	0x7ff618d25dd4
	0x7ff618d2ed7c
	0x7ff618d11ff4
	0x7ff618d121a5
	0x7ff618cf7ed2
	0x7ffee9d0e8d7
	0x7ffeea3ec53c
</msg>
<msg time="2026-01-14T11:22:23.338594" level="WARN">Keyword 'Capture Page Screenshot' could not be run on failure: Message: no such window: target window already closed
from unknown error: web view not found
  (Session info: chrome=143.0.7499.193)
Stacktrace:
Symbols not available. Dumping unresolved backtrace:
	0x7ff618d088d5
	0x7ff618d08930
	0x7ff618ae165d
	0x7ff618ab91b1
	0x7ff618b697e6
	0x7ff618b8a5c2
	0x7ff618b2ac29
	0x7ff618b2ba93
	0x7ff619020620
	0x7ff61901af60
	0x7ff6190396c6
	0x7ff618d25dd4
	0x7ff618d2ed7c
	0x7ff618d11ff4
	0x7ff618d121a5
	0x7ff618cf7ed2
	0x7ffee9d0e8d7
	0x7ffeea3ec53c
</msg>
<msg time="2026-01-14T11:22:23.358581" level="WARN">Keyword 'Capture Page Screenshot' could not be run on failure: Message: no such window: target window already closed
from unknown error: web view not found
  (Session info: chrome=143.0.7499.193)
Stacktrace:
Symbols not available. Dumping unresolved backtrace:
	0x7ff618d088d5
	0x7ff618d08930
	0x7ff618ae165d
	0x7ff618ab91b1
	0x7ff618b697e6
	0x7ff618b8a5c2
	0x7ff618b2ac29
	0x7ff618b2ba93
	0x7ff619020620
	0x7ff61901af60
	0x7ff6190396c6
	0x7ff618d25dd4
	0x7ff618d2ed7c
	0x7ff618d11ff4
	0x7ff618d121a5
	0x7ff618cf7ed2
	0x7ffee9d0e8d7
	0x7ffeea3ec53c
</msg>
<msg time="2026-01-14T11:22:23.392339" level="WARN">Keyword 'Capture Page Screenshot' could not be run on failure: Message: no such window: target window already closed
from unknown error: web view not found
  (Session info: chrome=143.0.7499.193)
Stacktrace:
Symbols not available. Dumping unresolved backtrace:
	0x7ff618d088d5
	0x7ff618d08930
	0x7ff618ae165d
	0x7ff618ab91b1
	0x7ff618b697e6
	0x7ff618b8a5c2
	0x7ff618b2ac29
	0x7ff618b2ba93
	0x7ff619020620
	0x7ff61901af60
	0x7ff6190396c6
	0x7ff618d25dd4
	0x7ff618d2ed7c
	0x7ff618d11ff4
	0x7ff618d121a5
	0x7ff618cf7ed2
	0x7ffee9d0e8d7
	0x7ffeea3ec53c
</msg>
<msg time="2026-01-14T11:22:23.416935" level="WARN">Keyword 'Capture Page Screenshot' could not be run on failure: Message: no such window: target window already closed
from unknown error: web view not found
  (Session info: chrome=143.0.7499.193)
Stacktrace:
Symbols not available. Dumping unresolved backtrace:
	0x7ff618d088d5
	0x7ff618d08930
	0x7ff618ae165d
	0x7ff618ab91b1
	0x7ff618b697e6
	0x7ff618b8a5c2
	0x7ff618b2ac29
	0x7ff618b2ba93
	0x7ff619020620
	0x7ff61901af60
	0x7ff6190396c6
	0x7ff618d25dd4
	0x7ff618d2ed7c
	0x7ff618d11ff4
	0x7ff618d121a5
	0x7ff618cf7ed2
	0x7ffee9d0e8d7
	0x7ffeea3ec53c
</msg>
<msg time="2026-01-14T11:22:23.449964" level="WARN">Keyword 'Capture Page Screenshot' could not be run on failure: Message: no such window: target window already closed
from unknown error: web view not found
  (Session info: chrome=143.0.7499.193)
Stacktrace:
Symbols not available. Dumping unresolved backtrace:
	0x7ff618d088d5
	0x7ff618d08930
	0x7ff618ae165d
	0x7ff618ab91b1
	0x7ff618b697e6
	0x7ff618b8a5c2
	0x7ff618b2ac29
	0x7ff618b2ba93
	0x7ff619020620
	0x7ff61901af60
	0x7ff6190396c6
	0x7ff618d25dd4
	0x7ff618d2ed7c
	0x7ff618d11ff4
	0x7ff618d121a5
	0x7ff618cf7ed2
	0x7ffee9d0e8d7
	0x7ffeea3ec53c
</msg>
<msg time="2026-01-14T11:22:23.473523" level="WARN">Keyword 'Capture Page Screenshot' could not be run on failure: Message: no such window: target window already closed
from unknown error: web view not found
  (Session info: chrome=143.0.7499.193)
Stacktrace:
Symbols not available. Dumping unresolved backtrace:
	0x7ff618d088d5
	0x7ff618d08930
	0x7ff618ae165d
	0x7ff618ab91b1
	0x7ff618b697e6
	0x7ff618b8a5c2
	0x7ff618b2ac29
	0x7ff618b2ba93
	0x7ff619020620
	0x7ff61901af60
	0x7ff6190396c6
	0x7ff618d25dd4
	0x7ff618d2ed7c
	0x7ff618d11ff4
	0x7ff618d121a5
	0x7ff618cf7ed2
	0x7ffee9d0e8d7
	0x7ffeea3ec53c
</msg>
<msg time="2026-01-14T11:22:23.488301" level="WARN">Keyword 'Capture Page Screenshot' could not be run on failure: Message: no such window: target window already closed
from unknown error: web view not found
  (Session info: chrome=143.0.7499.193)
Stacktrace:
Symbols not available. Dumping unresolved backtrace:
	0x7ff618d088d5
	0x7ff618d08930
	0x7ff618ae165d
	0x7ff618ab91b1
	0x7ff618b697e6
	0x7ff618b8a5c2
	0x7ff618b2ac29
	0x7ff618b2ba93
	0x7ff619020620
	0x7ff61901af60
	0x7ff6190396c6
	0x7ff618d25dd4
	0x7ff618d2ed7c
	0x7ff618d11ff4
	0x7ff618d121a5
	0x7ff618cf7ed2
	0x7ffee9d0e8d7
	0x7ffeea3ec53c
</msg>
<msg time="2026-01-14T11:22:23.501152" level="WARN">Keyword 'Capture Page Screenshot' could not be run on failure: Message: no such window: target window already closed
from unknown error: web view not found
  (Session info: chrome=143.0.7499.193)
Stacktrace:
Symbols not available. Dumping unresolved backtrace:
	0x7ff618d088d5
	0x7ff618d08930
	0x7ff618ae165d
	0x7ff618ab91b1
	0x7ff618b697e6
	0x7ff618b8a5c2
	0x7ff618b2ac29
	0x7ff618b2ba93
	0x7ff619020620
	0x7ff61901af60
	0x7ff6190396c6
	0x7ff618d25dd4
	0x7ff618d2ed7c
	0x7ff618d11ff4
	0x7ff618d121a5
	0x7ff618cf7ed2
	0x7ffee9d0e8d7
	0x7ffeea3ec53c
</msg>
<msg time="2026-01-14T11:22:23.514610" level="WARN">Keyword 'Capture Page Screenshot' could not be run on failure: Message: no such window: target window already closed
from unknown error: web view not found
  (Session info: chrome=143.0.7499.193)
Stacktrace:
Symbols not available. Dumping unresolved backtrace:
	0x7ff618d088d5
	0x7ff618d08930
	0x7ff618ae165d
	0x7ff618ab91b1
	0x7ff618b697e6
	0x7ff618b8a5c2
	0x7ff618b2ac29
	0x7ff618b2ba93
	0x7ff619020620
	0x7ff61901af60
	0x7ff6190396c6
	0x7ff618d25dd4
	0x7ff618d2ed7c
	0x7ff618d11ff4
	0x7ff618d121a5
	0x7ff618cf7ed2
	0x7ffee9d0e8d7
	0x7ffeea3ec53c
</msg>
<msg time="2026-01-14T11:22:23.527999" level="WARN">Keyword 'Capture Page Screenshot' could not be run on failure: Message: no such window: target window already closed
from unknown error: web view not found
  (Session info: chrome=143.0.7499.193)
Stacktrace:
Symbols not available. Dumping unresolved backtrace:
	0x7ff618d088d5
	0x7ff618d08930
	0x7ff618ae165d
	0x7ff618ab91b1
	0x7ff618b697e6
	0x7ff618b8a5c2
	0x7ff618b2ac29
	0x7ff618b2ba93
	0x7ff619020620
	0x7ff61901af60
	0x7ff6190396c6
	0x7ff618d25dd4
	0x7ff618d2ed7c
	0x7ff618d11ff4
	0x7ff618d121a5
	0x7ff618cf7ed2
	0x7ffee9d0e8d7
	0x7ffeea3ec53c
</msg>
<msg time="2026-01-14T11:22:23.542905" level="WARN">Keyword 'Capture Page Screenshot' could not be run on failure: Message: no such window: target window already closed
from unknown error: web view not found
  (Session info: chrome=143.0.7499.193)
Stacktrace:
Symbols not available. Dumping unresolved backtrace:
	0x7ff618d088d5
	0x7ff618d08930
	0x7ff618ae165d
	0x7ff618ab91b1
	0x7ff618b697e6
	0x7ff618b8a5c2
	0x7ff618b2ac29
	0x7ff618b2ba93
	0x7ff619020620
	0x7ff61901af60
	0x7ff6190396c6
	0x7ff618d25dd4
	0x7ff618d2ed7c
	0x7ff618d11ff4
	0x7ff618d121a5
	0x7ff618cf7ed2
	0x7ffee9d0e8d7
	0x7ffeea3ec53c
</msg>
<msg time="2026-01-14T11:22:23.556712" level="WARN">Keyword 'Capture Page Screenshot' could not be run on failure: Message: no such window: target window already closed
from unknown error: web view not found
  (Session info: chrome=143.0.7499.193)
Stacktrace:
Symbols not available. Dumping unresolved backtrace:
	0x7ff618d088d5
	0x7ff618d08930
	0x7ff618ae165d
	0x7ff618ab91b1
	0x7ff618b697e6
	0x7ff618b8a5c2
	0x7ff618b2ac29
	0x7ff618b2ba93
	0x7ff619020620
	0x7ff61901af60
	0x7ff6190396c6
	0x7ff618d25dd4
	0x7ff618d2ed7c
	0x7ff618d11ff4
	0x7ff618d121a5
	0x7ff618cf7ed2
	0x7ffee9d0e8d7
	0x7ffeea3ec53c
</msg>
<msg time="2026-01-14T11:22:23.570628" level="WARN">Keyword 'Capture Page Screenshot' could not be run on failure: Message: no such window: target window already closed
from unknown error: web view not found
  (Session info: chrome=143.0.7499.193)
Stacktrace:
Symbols not available. Dumping unresolved backtrace:
	0x7ff618d088d5
	0x7ff618d08930
	0x7ff618ae165d
	0x7ff618ab91b1
	0x7ff618b697e6
	0x7ff618b8a5c2
	0x7ff618b2ac29
	0x7ff618b2ba93
	0x7ff619020620
	0x7ff61901af60
	0x7ff6190396c6
	0x7ff618d25dd4
	0x7ff618d2ed7c
	0x7ff618d11ff4
	0x7ff618d121a5
	0x7ff618cf7ed2
	0x7ffee9d0e8d7
	0x7ffeea3ec53c
</msg>
<msg time="2026-01-14T11:22:23.584097" level="WARN">Keyword 'Capture Page Screenshot' could not be run on failure: Message: no such window: target window already closed
from unknown error: web view not found
  (Session info: chrome=143.0.7499.193)
Stacktrace:
Symbols not available. Dumping unresolved backtrace:
	0x7ff618d088d5
	0x7ff618d08930
	0x7ff618ae165d
	0x7ff618ab91b1
	0x7ff618b697e6
	0x7ff618b8a5c2
	0x7ff618b2ac29
	0x7ff618b2ba93
	0x7ff619020620
	0x7ff61901af60
	0x7ff6190396c6
	0x7ff618d25dd4
	0x7ff618d2ed7c
	0x7ff618d11ff4
	0x7ff618d121a5
	0x7ff618cf7ed2
	0x7ffee9d0e8d7
	0x7ffeea3ec53c
</msg>
<msg time="2026-01-14T11:22:23.598449" level="WARN">Keyword 'Capture Page Screenshot' could not be run on failure: Message: no such window: target window already closed
from unknown error: web view not found
  (Session info: chrome=143.0.7499.193)
Stacktrace:
Symbols not available. Dumping unresolved backtrace:
	0x7ff618d088d5
	0x7ff618d08930
	0x7ff618ae165d
	0x7ff618ab91b1
	0x7ff618b697e6
	0x7ff618b8a5c2
	0x7ff618b2ac29
	0x7ff618b2ba93
	0x7ff619020620
	0x7ff61901af60
	0x7ff6190396c6
	0x7ff618d25dd4
	0x7ff618d2ed7c
	0x7ff618d11ff4
	0x7ff618d121a5
	0x7ff618cf7ed2
	0x7ffee9d0e8d7
	0x7ffeea3ec53c
</msg>
<msg time="2026-01-14T11:22:23.610692" level="WARN">Keyword 'Capture Page Screenshot' could not be run on failure: Message: no such window: target window already closed
from unknown error: web view not found
  (Session info: chrome=143.0.7499.193)
Stacktrace:
Symbols not available. Dumping unresolved backtrace:
	0x7ff618d088d5
	0x7ff618d08930
	0x7ff618ae165d
	0x7ff618ab91b1
	0x7ff618b697e6
	0x7ff618b8a5c2
	0x7ff618b2ac29
	0x7ff618b2ba93
	0x7ff619020620
	0x7ff61901af60
	0x7ff6190396c6
	0x7ff618d25dd4
	0x7ff618d2ed7c
	0x7ff618d11ff4
	0x7ff618d121a5
	0x7ff618cf7ed2
	0x7ffee9d0e8d7
	0x7ffeea3ec53c
</msg>
<msg time="2026-01-14T11:22:23.624853" level="WARN">Keyword 'Capture Page Screenshot' could not be run on failure: Message: no such window: target window already closed
from unknown error: web view not found
  (Session info: chrome=143.0.7499.193)
Stacktrace:
Symbols not available. Dumping unresolved backtrace:
	0x7ff618d088d5
	0x7ff618d08930
	0x7ff618ae165d
	0x7ff618ab91b1
	0x7ff618b697e6
	0x7ff618b8a5c2
	0x7ff618b2ac29
	0x7ff618b2ba93
	0x7ff619020620
	0x7ff61901af60
	0x7ff6190396c6
	0x7ff618d25dd4
	0x7ff618d2ed7c
	0x7ff618d11ff4
	0x7ff618d121a5
	0x7ff618cf7ed2
	0x7ffee9d0e8d7
	0x7ffeea3ec53c
</msg>
<msg time="2026-01-14T11:22:23.638735" level="WARN">Keyword 'Capture Page Screenshot' could not be run on failure: Message: no such window: target window already closed
from unknown error: web view not found
  (Session info: chrome=143.0.7499.193)
Stacktrace:
Symbols not available. Dumping unresolved backtrace:
	0x7ff618d088d5
	0x7ff618d08930
	0x7ff618ae165d
	0x7ff618ab91b1
	0x7ff618b697e6
	0x7ff618b8a5c2
	0x7ff618b2ac29
	0x7ff618b2ba93
	0x7ff619020620
	0x7ff61901af60
	0x7ff6190396c6
	0x7ff618d25dd4
	0x7ff618d2ed7c
	0x7ff618d11ff4
	0x7ff618d121a5
	0x7ff618cf7ed2
	0x7ffee9d0e8d7
	0x7ffeea3ec53c
</msg>
<msg time="2026-01-14T11:22:23.653241" level="WARN">Keyword 'Capture Page Screenshot' could not be run on failure: Message: no such window: target window already closed
from unknown error: web view not found
  (Session info: chrome=143.0.7499.193)
Stacktrace:
Symbols not available. Dumping unresolved backtrace:
	0x7ff618d088d5
	0x7ff618d08930
	0x7ff618ae165d
	0x7ff618ab91b1
	0x7ff618b697e6
	0x7ff618b8a5c2
	0x7ff618b2ac29
	0x7ff618b2ba93
	0x7ff619020620
	0x7ff61901af60
	0x7ff6190396c6
	0x7ff618d25dd4
	0x7ff618d2ed7c
	0x7ff618d11ff4
	0x7ff618d121a5
	0x7ff618cf7ed2
	0x7ffee9d0e8d7
	0x7ffeea3ec53c
</msg>
<msg time="2026-01-14T11:22:23.667852" level="WARN">Keyword 'Capture Page Screenshot' could not be run on failure: Message: no such window: target window already closed
from unknown error: web view not found
  (Session info: chrome=143.0.7499.193)
Stacktrace:
Symbols not available. Dumping unresolved backtrace:
	0x7ff618d088d5
	0x7ff618d08930
	0x7ff618ae165d
	0x7ff618ab91b1
	0x7ff618b697e6
	0x7ff618b8a5c2
	0x7ff618b2ac29
	0x7ff618b2ba93
	0x7ff619020620
	0x7ff61901af60
	0x7ff6190396c6
	0x7ff618d25dd4
	0x7ff618d2ed7c
	0x7ff618d11ff4
	0x7ff618d121a5
	0x7ff618cf7ed2
	0x7ffee9d0e8d7
	0x7ffeea3ec53c
</msg>
<msg time="2026-01-14T11:22:23.683897" level="WARN">Keyword 'Capture Page Screenshot' could not be run on failure: Message: no such window: target window already closed
from unknown error: web view not found
  (Session info: chrome=143.0.7499.193)
Stacktrace:
Symbols not available. Dumping unresolved backtrace:
	0x7ff618d088d5
	0x7ff618d08930
	0x7ff618ae165d
	0x7ff618ab91b1
	0x7ff618b697e6
	0x7ff618b8a5c2
	0x7ff618b2ac29
	0x7ff618b2ba93
	0x7ff619020620
	0x7ff61901af60
	0x7ff6190396c6
	0x7ff618d25dd4
	0x7ff618d2ed7c
	0x7ff618d11ff4
	0x7ff618d121a5
	0x7ff618cf7ed2
	0x7ffee9d0e8d7
	0x7ffeea3ec53c
</msg>
<msg time="2026-01-14T11:22:23.699402" level="WARN">Keyword 'Capture Page Screenshot' could not be run on failure: Message: no such window: target window already closed
from unknown error: web view not found
  (Session info: chrome=143.0.7499.193)
Stacktrace:
Symbols not available. Dumping unresolved backtrace:
	0x7ff618d088d5
	0x7ff618d08930
	0x7ff618ae165d
	0x7ff618ab91b1
	0x7ff618b697e6
	0x7ff618b8a5c2
	0x7ff618b2ac29
	0x7ff618b2ba93
	0x7ff619020620
	0x7ff61901af60
	0x7ff6190396c6
	0x7ff618d25dd4
	0x7ff618d2ed7c
	0x7ff618d11ff4
	0x7ff618d121a5
	0x7ff618cf7ed2
	0x7ffee9d0e8d7
	0x7ffeea3ec53c
</msg>
<msg time="2026-01-14T11:22:23.715612" level="WARN">Keyword 'Capture Page Screenshot' could not be run on failure: Message: no such window: target window already closed
from unknown error: web view not found
  (Session info: chrome=143.0.7499.193)
Stacktrace:
Symbols not available. Dumping unresolved backtrace:
	0x7ff618d088d5
	0x7ff618d08930
	0x7ff618ae165d
	0x7ff618ab91b1
	0x7ff618b697e6
	0x7ff618b8a5c2
	0x7ff618b2ac29
	0x7ff618b2ba93
	0x7ff619020620
	0x7ff61901af60
	0x7ff6190396c6
	0x7ff618d25dd4
	0x7ff618d2ed7c
	0x7ff618d11ff4
	0x7ff618d121a5
	0x7ff618cf7ed2
	0x7ffee9d0e8d7
	0x7ffeea3ec53c
</msg>
<msg time="2026-01-14T11:22:23.732816" level="WARN">Keyword 'Capture Page Screenshot' could not be run on failure: Message: no such window: target window already closed
from unknown error: web view not found
  (Session info: chrome=143.0.7499.193)
Stacktrace:
Symbols not available. Dumping unresolved backtrace:
	0x7ff618d088d5
	0x7ff618d08930
	0x7ff618ae165d
	0x7ff618ab91b1
	0x7ff618b697e6
	0x7ff618b8a5c2
	0x7ff618b2ac29
	0x7ff618b2ba93
	0x7ff619020620
	0x7ff61901af60
	0x7ff6190396c6
	0x7ff618d25dd4
	0x7ff618d2ed7c
	0x7ff618d11ff4
	0x7ff618d121a5
	0x7ff618cf7ed2
	0x7ffee9d0e8d7
	0x7ffeea3ec53c
</msg>
<msg time="2026-01-14T11:22:23.746709" level="WARN">Keyword 'Capture Page Screenshot' could not be run on failure: Message: no such window: target window already closed
from unknown error: web view not found
  (Session info: chrome=143.0.7499.193)
Stacktrace:
Symbols not available. Dumping unresolved backtrace:
	0x7ff618d088d5
	0x7ff618d08930
	0x7ff618ae165d
	0x7ff618ab91b1
	0x7ff618b697e6
	0x7ff618b8a5c2
	0x7ff618b2ac29
	0x7ff618b2ba93
	0x7ff619020620
	0x7ff61901af60
	0x7ff6190396c6
	0x7ff618d25dd4
	0x7ff618d2ed7c
	0x7ff618d11ff4
	0x7ff618d121a5
	0x7ff618cf7ed2
	0x7ffee9d0e8d7
	0x7ffeea3ec53c
</msg>
<msg time="2026-01-14T11:22:23.761026" level="WARN">Keyword 'Capture Page Screenshot' could not be run on failure: Message: no such window: target window already closed
from unknown error: web view not found
  (Session info: chrome=143.0.7499.193)
Stacktrace:
Symbols not available. Dumping unresolved backtrace:
	0x7ff618d088d5
	0x7ff618d08930
	0x7ff618ae165d
	0x7ff618ab91b1
	0x7ff618b697e6
	0x7ff618b8a5c2
	0x7ff618b2ac29
	0x7ff618b2ba93
	0x7ff619020620
	0x7ff61901af60
	0x7ff6190396c6
	0x7ff618d25dd4
	0x7ff618d2ed7c
	0x7ff618d11ff4
	0x7ff618d121a5
	0x7ff618cf7ed2
	0x7ffee9d0e8d7
	0x7ffeea3ec53c
</msg>
<msg time="2026-01-14T11:22:23.775228" level="WARN">Keyword 'Capture Page Screenshot' could not be run on failure: Execution terminated by signal</msg>
<msg time="2026-01-14T11:22:25.833416" level="ERROR">Execution stopped by user.</msg>
</errors>
</robot>
